2026-01-03 13:24:33 [INFO] Aplicación JELA iniciada correctamente
2026-01-03 13:24:33 [INFO] [Usuario: ::1] Nueva sesión iniciada - SessionID: p55ox1l1hgpuczg0aoc0li4u
2026-01-03 13:24:41 [INFO] [Usuario: admin] Login exitoso para usuario: admin (ID: 1, Nombre: Administrador General)
2026-01-03 13:24:41 [ERROR] [Usuario: admin] Error durante el proceso de login
Exception: ThreadAbortException
Message: Subproceso anulado.
Stack Trace:    en System.Threading.Thread.AbortInternal()
   en System.Threading.Thread.Abort(Object stateInfo)
   en System.Web.HttpResponse.AbortCurrentThread()
   en JelaWeb.Ingreso.btnLogin_Click(Object sender, EventArgs e) en D:\DesarrolloWEB\JelaAzure\JelaWeb\JelaWeb\Views\Auth\Ingreso.aspx.vb:línea 116
2026-01-03 14:04:31 [INFO] Aplicación JELA iniciada correctamente
2026-01-03 14:04:32 [INFO] [Usuario: ::1] Nueva sesión iniciada - SessionID: pigdundjkegoklni1f0v1zyf
2026-01-03 14:04:38 [ERROR] Error en ObtenerDatos: Error al consumir la API: Error al ejecutar la consulta: Unknown column 'u.Usuario' in 'field list' (HTTP 500)
Exception: Exception
Message: Error al consumir la API: Error al ejecutar la consulta: Unknown column 'u.Usuario' in 'field list' (HTTP 500)
Stack Trace:    en JelaWeb.ApiConsumer.ObtenerDatos(String url) en D:\DesarrolloWEB\JelaAzure\JelaWeb\JelaWeb\Services\API\ApiConsumer.vb:línea 69
2026-01-03 14:04:39 [ERROR] Error en AuthService.Autenticar
Exception: Exception
Message: Error al consumir la API: Error al ejecutar la consulta: Unknown column 'u.Usuario' in 'field list' (HTTP 500)
Stack Trace:    en JelaWeb.ApiConsumer.ObtenerDatos(String url) en D:\DesarrolloWEB\JelaAzure\JelaWeb\JelaWeb\Services\API\ApiConsumer.vb:línea 115
   en JelaWeb.AuthService.Autenticar(String username, String password) en D:\DesarrolloWEB\JelaAzure\JelaWeb\JelaWeb\Services\Auth\AuthService.vb:línea 48
2026-01-03 14:04:39 [WARNING] [Usuario: ::1] Intento de login fallido para usuario: admin - Error al autenticar: Error al consumir la API: Error al ejecutar la consulta: Unknown column 'u.Usuario' in 'field list' (HTTP 500)
2026-01-03 14:05:48 [INFO] Aplicación JELA iniciada correctamente
2026-01-03 14:05:48 [INFO] [Usuario: ::1] Nueva sesión iniciada - SessionID: pw4qtb3puqvll0yi2izwcd5h
2026-01-03 14:05:54 [ERROR] Error en ObtenerDatos: Error al consumir la API: Error al ejecutar la consulta: Table 'jela_qa.conf_rol_opciones' doesn't exist (HTTP 500)
Exception: Exception
Message: Error al consumir la API: Error al ejecutar la consulta: Table 'jela_qa.conf_rol_opciones' doesn't exist (HTTP 500)
Stack Trace:    en JelaWeb.ApiConsumer.ObtenerDatos(String url) en D:\DesarrolloWEB\JelaAzure\JelaWeb\JelaWeb\Services\API\ApiConsumer.vb:línea 69
2026-01-03 14:05:54 [ERROR] Error al obtener opciones del menú
Exception: Exception
Message: Error al consumir la API: Error al ejecutar la consulta: Table 'jela_qa.conf_rol_opciones' doesn't exist (HTTP 500)
Stack Trace:    en JelaWeb.ApiConsumer.ObtenerDatos(String url) en D:\DesarrolloWEB\JelaAzure\JelaWeb\JelaWeb\Services\API\ApiConsumer.vb:línea 115
   en JelaWeb.AuthService.ObtenerOpcionesMenu(Int32 userId) en D:\DesarrolloWEB\JelaAzure\JelaWeb\JelaWeb\Services\Auth\AuthService.vb:línea 124
2026-01-03 14:05:54 [INFO] [Usuario: admin] Login exitoso para usuario: admin (ID: 1, Nombre: Administrador General, Entidad: 1)
2026-01-03 14:05:54 [ERROR] Error durante el proceso de login
Exception: ThreadAbortException
Message: Subproceso anulado.
Stack Trace:    en System.Threading.Thread.AbortInternal()
   en System.Threading.Thread.Abort(Object stateInfo)
   en System.Web.HttpResponse.AbortCurrentThread()
   en JelaWeb.Ingreso.btnLogin_Click(Object sender, EventArgs e) en D:\DesarrolloWEB\JelaAzure\JelaWeb\JelaWeb\Views\Auth\Ingreso.aspx.vb:línea 93
2026-01-03 14:07:13 [INFO] Aplicación JELA iniciada correctamente
2026-01-03 14:07:14 [INFO] [Usuario: ::1] Nueva sesión iniciada - SessionID: qmoe4it0pjvwpnyrxkrlahsy
2026-01-03 14:07:19 [ERROR] Error al obtener opciones del menú
Exception: InvalidCastException
Message: No se puede convertir un objeto de tipo 'System.Int64' al tipo 'Newtonsoft.Json.Linq.JToken'.
Stack Trace:    en JelaWeb.AuthService.ObtenerOpcionesMenu(Int32 userId) en D:\DesarrolloWEB\JelaAzure\JelaWeb\JelaWeb\Services\Auth\AuthService.vb:línea 133
2026-01-03 14:07:19 [INFO] [Usuario: admin] Login exitoso para usuario: admin (ID: 1, Nombre: Administrador General, Entidad: 1)
2026-01-03 14:07:19 [ERROR] Error durante el proceso de login
Exception: ThreadAbortException
Message: Subproceso anulado.
Stack Trace:    en System.Threading.Thread.AbortInternal()
   en System.Threading.Thread.Abort(Object stateInfo)
   en System.Web.HttpResponse.AbortCurrentThread()
   en JelaWeb.Ingreso.btnLogin_Click(Object sender, EventArgs e) en D:\DesarrolloWEB\JelaAzure\JelaWeb\JelaWeb\Views\Auth\Ingreso.aspx.vb:línea 93
2026-01-03 14:09:14 [INFO] Aplicación JELA iniciada correctamente
2026-01-03 14:09:14 [INFO] [Usuario: ::1] Nueva sesión iniciada - SessionID: 4ogza3nxxspkispvtysjg5lc
2026-01-03 14:09:20 [ERROR] Error al obtener opciones del menú
Exception: InvalidCastException
Message: No se puede convertir un objeto de tipo 'System.Int64' al tipo 'Newtonsoft.Json.Linq.JToken'.
Stack Trace:    en JelaWeb.AuthService.ObtenerOpcionesMenu(Int32 userId) en D:\DesarrolloWEB\JelaAzure\JelaWeb\JelaWeb\Services\Auth\AuthService.vb:línea 133
2026-01-03 14:09:20 [INFO] [Usuario: admin] Login exitoso para usuario: admin (ID: 1, Nombre: Administrador General, Entidad: 1)
2026-01-03 14:09:20 [ERROR] Error durante el proceso de login
Exception: ThreadAbortException
Message: Subproceso anulado.
Stack Trace:    en System.Threading.Thread.AbortInternal()
   en System.Threading.Thread.Abort(Object stateInfo)
   en System.Web.HttpResponse.AbortCurrentThread()
   en JelaWeb.Ingreso.btnLogin_Click(Object sender, EventArgs e) en D:\DesarrolloWEB\JelaAzure\JelaWeb\JelaWeb\Views\Auth\Ingreso.aspx.vb:línea 93
2026-01-03 14:12:07 [INFO] Aplicación JELA iniciada correctamente
2026-01-03 14:12:07 [INFO] [Usuario: ::1] Nueva sesión iniciada - SessionID: lglb3eluylekcqgcbqhpnvjg
2026-01-03 14:12:12 [INFO] AuthService.ObtenerOpcionesMenu - UserId: 1, Query: SELECT DISTINCT o.Id, o.Nombre, o.Url, o.Icono, o.RibbonTab, o.RibbonGroup FROM conf_opciones o INNER JOIN conf_rolopciones ro ON o.Id = ro.OpcionId INNER JOIN conf_usuarioroles ur ON ro.RolId = ur.RolId WHERE ur.UsuarioId = 1 AND o.Activo = 1 ORDER BY o.RibbonTab, o.RibbonGroup, o.Nombre
2026-01-03 14:12:12 [INFO] AuthService.ObtenerOpcionesMenu - URL: https://jela-api-ctb8a6ggbpdqbxhg.mexicocentral-01.azurewebsites.net/api/CRUD?strQuery=SELECT+DISTINCT+o.Id%2c+o.Nombre%2c+o.Url%2c+o.Icono%2c+o.RibbonTab%2c+o.RibbonGroup+FROM+conf_opciones+o+INNER+JOIN+conf_rolopciones+ro+ON+o.Id+%3d+ro.OpcionId+INNER+JOIN+conf_usuarioroles+ur+ON+ro.RolId+%3d+ur.RolId+WHERE+ur.UsuarioId+%3d+1+AND+o.Activo+%3d+1+ORDER+BY+o.RibbonTab%2c+o.RibbonGroup%2c+o.Nombre
2026-01-03 14:12:12 [INFO] AuthService.ObtenerOpcionesMenu - Datos retornados: 18
2026-01-03 14:12:13 [ERROR] Error al obtener opciones del menú
Exception: InvalidCastException
Message: No se puede convertir un objeto de tipo 'System.Int64' al tipo 'Newtonsoft.Json.Linq.JToken'.
Stack Trace:    en JelaWeb.AuthService.ObtenerOpcionesMenu(Int32 userId) en D:\DesarrolloWEB\JelaAzure\JelaWeb\JelaWeb\Services\Auth\AuthService.vb:línea 139
2026-01-03 14:12:13 [INFO] [Usuario: admin] Login exitoso para usuario: admin (ID: 1, Nombre: Administrador General, Entidad: 1)
2026-01-03 14:12:13 [ERROR] Error durante el proceso de login
Exception: ThreadAbortException
Message: Subproceso anulado.
Stack Trace:    en System.Threading.Thread.AbortInternal()
   en System.Threading.Thread.Abort(Object stateInfo)
   en System.Web.HttpResponse.AbortCurrentThread()
   en JelaWeb.Ingreso.btnLogin_Click(Object sender, EventArgs e) en D:\DesarrolloWEB\JelaAzure\JelaWeb\JelaWeb\Views\Auth\Ingreso.aspx.vb:línea 93
2026-01-03 14:14:40 [INFO] Aplicación JELA iniciada correctamente
2026-01-03 14:14:40 [INFO] [Usuario: ::1] Nueva sesión iniciada - SessionID: 1breyxf5401wieqlp5wp0xmw
2026-01-03 14:14:46 [INFO] AuthService.ObtenerOpcionesMenu - UserId: 1, Query: SELECT DISTINCT o.Id, o.Nombre, o.Url, o.Icono, o.RibbonTab, o.RibbonGroup FROM conf_opciones o INNER JOIN conf_rolopciones ro ON o.Id = ro.OpcionId INNER JOIN conf_usuarioroles ur ON ro.RolId = ur.RolId WHERE ur.UsuarioId = 1 AND o.Activo = 1 ORDER BY o.RibbonTab, o.RibbonGroup, o.Nombre
2026-01-03 14:14:46 [INFO] AuthService.ObtenerOpcionesMenu - URL: https://jela-api-ctb8a6ggbpdqbxhg.mexicocentral-01.azurewebsites.net/api/CRUD?strQuery=SELECT+DISTINCT+o.Id%2c+o.Nombre%2c+o.Url%2c+o.Icono%2c+o.RibbonTab%2c+o.RibbonGroup+FROM+conf_opciones+o+INNER+JOIN+conf_rolopciones+ro+ON+o.Id+%3d+ro.OpcionId+INNER+JOIN+conf_usuarioroles+ur+ON+ro.RolId+%3d+ur.RolId+WHERE+ur.UsuarioId+%3d+1+AND+o.Activo+%3d+1+ORDER+BY+o.RibbonTab%2c+o.RibbonGroup%2c+o.Nombre
2026-01-03 14:14:46 [INFO] AuthService.ObtenerOpcionesMenu - Datos retornados: 18
2026-01-03 14:14:46 [INFO] AuthService.ObtenerOpcionesMenu - Opciones construidas: 18
2026-01-03 14:14:46 [INFO] [Usuario: admin] Login exitoso para usuario: admin (ID: 1, Nombre: Administrador General, Entidad: 1)
2026-01-03 14:14:46 [ERROR] Error durante el proceso de login
Exception: ThreadAbortException
Message: Subproceso anulado.
Stack Trace:    en System.Threading.Thread.AbortInternal()
   en System.Threading.Thread.Abort(Object stateInfo)
   en System.Web.HttpResponse.AbortCurrentThread()
   en JelaWeb.Ingreso.btnLogin_Click(Object sender, EventArgs e) en D:\DesarrolloWEB\JelaAzure\JelaWeb\JelaWeb\Views\Auth\Ingreso.aspx.vb:línea 93
2026-01-03 14:15:16 [ERROR] [Usuario: Anónimo] Error no controlado en la aplicación
Exception: HttpException
Message: El archivo '/TiposDocumento.aspx' no existe.
Stack Trace:    en System.Web.UI.Util.CheckVirtualFileExists(VirtualPath virtualPath)
   en System.Web.Compilation.BuildManager.GetVPathBuildResultInternal(VirtualPath virtualPath, Boolean noBuild, Boolean allowCrossApp, Boolean allowBuildInPrecompile, Boolean throwIfNotFound, Boolean ensureIsUpToDate)
   en System.Web.Compilation.BuildManager.GetVPathBuildResultWithNoAssert(HttpContext context, VirtualPath virtualPath, Boolean noBuild, Boolean allowCrossApp, Boolean allowBuildInPrecompile, Boolean throwIfNotFound, Boolean ensureIsUpToDate)
   en System.Web.Compilation.BuildManager.GetVirtualPathObjectFactory(VirtualPath virtualPath, HttpContext context, Boolean allowCrossApp, Boolean throwIfNotFound)
   en System.Web.Compilation.BuildManager.CreateInstanceFromVirtualPath(VirtualPath virtualPath, Type requiredBaseType, HttpContext context, Boolean allowCrossApp)
   en System.Web.UI.PageHandlerFactory.GetHandlerHelper(HttpContext context, String requestType, VirtualPath virtualPath, String physicalPath)
   en System.Web.HttpApplication.MaterializeHandlerExecutionStep.System.Web.HttpApplication.IExecutionStep.Execute()
   en System.Web.HttpApplication.ExecuteStepImpl(IExecutionStep step)
   en System.Web.HttpApplication.ExecuteStep(IExecutionStep step, Boolean& completedSynchronously)
2026-01-03 14:15:16 [WARNING] [Usuario: ::1] Intento de acceso no autorizado a: /TiposDocumento.aspx
2026-01-03 14:15:34 [ERROR] [Usuario: Anónimo] Error no controlado en la aplicación
Exception: HttpParseException
Message: El archivo '/Jela.Master' no existe.
Stack Trace:    en System.Web.UI.TemplateParser.ParseString(String text, VirtualPath virtualPath, Encoding fileEncoding)
   en System.Web.UI.TemplateParser.ParseFile(String physicalPath, VirtualPath virtualPath)
   en System.Web.UI.TemplateParser.ParseInternal()
   en System.Web.UI.TemplateParser.Parse()
   en System.Web.Compilation.BaseTemplateBuildProvider.get_CodeCompilerType()
   en System.Web.Compilation.BuildProvider.GetCompilerTypeFromBuildProvider(BuildProvider buildProvider)
   en System.Web.Compilation.BuildProvidersCompiler.ProcessBuildProviders()
   en System.Web.Compilation.BuildProvidersCompiler.PerformBuild()
   en System.Web.Compilation.BuildManager.CompileWebFile(VirtualPath virtualPath)
   en System.Web.Compilation.BuildManager.GetVPathBuildResultInternal(VirtualPath virtualPath, Boolean noBuild, Boolean allowCrossApp, Boolean allowBuildInPrecompile, Boolean throwIfNotFound, Boolean ensureIsUpToDate)
   en System.Web.Compilation.BuildManager.GetVPathBuildResultWithNoAssert(HttpContext context, VirtualPath virtualPath, Boolean noBuild, Boolean allowCrossApp, Boolean allowBuildInPrecompile, Boolean throwIfNotFound, Boolean ensureIsUpToDate)
   en System.Web.Compilation.BuildManager.GetVirtualPathObjectFactory(VirtualPath virtualPath, HttpContext context, Boolean allowCrossApp, Boolean throwIfNotFound)
   en System.Web.Compilation.BuildManager.CreateInstanceFromVirtualPath(VirtualPath virtualPath, Type requiredBaseType, HttpContext context, Boolean allowCrossApp)
   en System.Web.UI.PageHandlerFactory.GetHandlerHelper(HttpContext context, String requestType, VirtualPath virtualPath, String physicalPath)
   en System.Web.HttpApplication.MaterializeHandlerExecutionStep.System.Web.HttpApplication.IExecutionStep.Execute()
   en System.Web.HttpApplication.ExecuteStepImpl(IExecutionStep step)
   en System.Web.HttpApplication.ExecuteStep(IExecutionStep step, Boolean& completedSynchronously)
Inner Exception: El archivo '/Jela.Master' no existe.
2026-01-03 14:15:34 [WARNING] [Usuario: ::1] Intento de acceso no autorizado a: /Views/Catalogos/Proveedores.aspx
2026-01-03 14:16:53 [ERROR] [Usuario: Anónimo] Error no controlado en la aplicación
Exception: HttpParseException
Message: El archivo '/Jela.Master' no existe.
Stack Trace:    en System.Web.UI.TemplateParser.ParseString(String text, VirtualPath virtualPath, Encoding fileEncoding)
   en System.Web.UI.TemplateParser.ParseFile(String physicalPath, VirtualPath virtualPath)
   en System.Web.UI.TemplateParser.ParseInternal()
   en System.Web.UI.TemplateParser.Parse()
   en System.Web.Compilation.BaseTemplateBuildProvider.get_CodeCompilerType()
   en System.Web.Compilation.BuildProvider.GetCompilerTypeFromBuildProvider(BuildProvider buildProvider)
   en System.Web.Compilation.BuildProvidersCompiler.ProcessBuildProviders()
   en System.Web.Compilation.BuildProvidersCompiler.PerformBuild()
   en System.Web.Compilation.BuildManager.CompileWebFile(VirtualPath virtualPath)
   en System.Web.Compilation.BuildManager.GetVPathBuildResultInternal(VirtualPath virtualPath, Boolean noBuild, Boolean allowCrossApp, Boolean allowBuildInPrecompile, Boolean throwIfNotFound, Boolean ensureIsUpToDate)
   en System.Web.Compilation.BuildManager.GetVPathBuildResultWithNoAssert(HttpContext context, VirtualPath virtualPath, Boolean noBuild, Boolean allowCrossApp, Boolean allowBuildInPrecompile, Boolean throwIfNotFound, Boolean ensureIsUpToDate)
   en System.Web.Compilation.BuildManager.GetVirtualPathObjectFactory(VirtualPath virtualPath, HttpContext context, Boolean allowCrossApp, Boolean throwIfNotFound)
   en System.Web.Compilation.BuildManager.CreateInstanceFromVirtualPath(VirtualPath virtualPath, Type requiredBaseType, HttpContext context, Boolean allowCrossApp)
   en System.Web.UI.PageHandlerFactory.GetHandlerHelper(HttpContext context, String requestType, VirtualPath virtualPath, String physicalPath)
   en System.Web.HttpApplication.MaterializeHandlerExecutionStep.System.Web.HttpApplication.IExecutionStep.Execute()
   en System.Web.HttpApplication.ExecuteStepImpl(IExecutionStep step)
   en System.Web.HttpApplication.ExecuteStep(IExecutionStep step, Boolean& completedSynchronously)
Inner Exception: El archivo '/Jela.Master' no existe.
2026-01-03 14:16:53 [WARNING] [Usuario: ::1] Intento de acceso no autorizado a: /Views/Catalogos/Proveedores.aspx
2026-01-03 14:23:10 [INFO] Aplicación JELA iniciada correctamente
2026-01-03 14:23:10 [INFO] [Usuario: ::1] Nueva sesión iniciada - SessionID: rmrig013vrvfwst3cpdsoehz
2026-01-03 14:23:20 [INFO] AuthService.ObtenerOpcionesMenu - UserId: 1, Query: SELECT DISTINCT o.Id, o.Nombre, o.Url, o.Icono, o.RibbonTab, o.RibbonGroup, o.OrdenTab, o.OrdenGrupo, o.OrdenOpcion FROM conf_opciones o INNER JOIN conf_rolopciones ro ON o.Id = ro.OpcionId INNER JOIN conf_usuarioroles ur ON ro.RolId = ur.RolId WHERE ur.UsuarioId = 1 AND o.Activo = 1 ORDER BY o.OrdenTab, o.OrdenGrupo, o.OrdenOpcion
2026-01-03 14:23:20 [INFO] AuthService.ObtenerOpcionesMenu - URL: https://jela-api-ctb8a6ggbpdqbxhg.mexicocentral-01.azurewebsites.net/api/CRUD?strQuery=SELECT+DISTINCT+o.Id%2c+o.Nombre%2c+o.Url%2c+o.Icono%2c+o.RibbonTab%2c+o.RibbonGroup%2c+o.OrdenTab%2c+o.OrdenGrupo%2c+o.OrdenOpcion+FROM+conf_opciones+o+INNER+JOIN+conf_rolopciones+ro+ON+o.Id+%3d+ro.OpcionId+INNER+JOIN+conf_usuarioroles+ur+ON+ro.RolId+%3d+ur.RolId+WHERE+ur.UsuarioId+%3d+1+AND+o.Activo+%3d+1+ORDER+BY+o.OrdenTab%2c+o.OrdenGrupo%2c+o.OrdenOpcion
2026-01-03 14:23:20 [INFO] AuthService.ObtenerOpcionesMenu - Datos retornados: 18
2026-01-03 14:23:20 [INFO] AuthService.ObtenerOpcionesMenu - Opciones construidas: 18
2026-01-03 14:23:20 [INFO] [Usuario: admin] Login exitoso para usuario: admin (ID: 1, Nombre: Administrador General, Entidad: 1)
2026-01-03 14:23:20 [ERROR] Error durante el proceso de login
Exception: ThreadAbortException
Message: Subproceso anulado.
Stack Trace:    en System.Threading.Thread.AbortInternal()
   en System.Threading.Thread.Abort(Object stateInfo)
   en System.Web.HttpResponse.AbortCurrentThread()
   en JelaWeb.Ingreso.btnLogin_Click(Object sender, EventArgs e) en D:\DesarrolloWEB\JelaAzure\JelaWeb\JelaWeb\Views\Auth\Ingreso.aspx.vb:línea 93
2026-01-03 14:27:20 [INFO] Aplicación JELA iniciada correctamente
2026-01-03 14:27:20 [INFO] [Usuario: ::1] Nueva sesión iniciada - SessionID: we5pjnjzxovonjvduxp3p55v
2026-01-03 14:27:27 [INFO] AuthService.ObtenerOpcionesMenu - UserId: 1, Query: SELECT DISTINCT o.Id, o.Nombre, o.Url, o.Icono, o.RibbonTab, o.RibbonGroup, o.OrdenTab, o.OrdenGrupo, o.OrdenOpcion FROM conf_opciones o INNER JOIN conf_rolopciones ro ON o.Id = ro.OpcionId INNER JOIN conf_usuarioroles ur ON ro.RolId = ur.RolId WHERE ur.UsuarioId = 1 AND o.Activo = 1 ORDER BY o.OrdenTab, o.OrdenGrupo, o.OrdenOpcion
2026-01-03 14:27:27 [INFO] AuthService.ObtenerOpcionesMenu - URL: https://jela-api-ctb8a6ggbpdqbxhg.mexicocentral-01.azurewebsites.net/api/CRUD?strQuery=SELECT+DISTINCT+o.Id%2c+o.Nombre%2c+o.Url%2c+o.Icono%2c+o.RibbonTab%2c+o.RibbonGroup%2c+o.OrdenTab%2c+o.OrdenGrupo%2c+o.OrdenOpcion+FROM+conf_opciones+o+INNER+JOIN+conf_rolopciones+ro+ON+o.Id+%3d+ro.OpcionId+INNER+JOIN+conf_usuarioroles+ur+ON+ro.RolId+%3d+ur.RolId+WHERE+ur.UsuarioId+%3d+1+AND+o.Activo+%3d+1+ORDER+BY+o.OrdenTab%2c+o.OrdenGrupo%2c+o.OrdenOpcion
2026-01-03 14:27:27 [INFO] AuthService.ObtenerOpcionesMenu - Datos retornados: 17
2026-01-03 14:27:27 [INFO] AuthService.ObtenerOpcionesMenu - Opciones construidas: 17
2026-01-03 14:27:27 [INFO] [Usuario: admin] Login exitoso para usuario: admin (ID: 1, Nombre: Administrador General, Entidad: 1)
2026-01-03 14:27:27 [ERROR] Error durante el proceso de login
Exception: ThreadAbortException
Message: Subproceso anulado.
Stack Trace:    en System.Threading.Thread.AbortInternal()
   en System.Threading.Thread.Abort(Object stateInfo)
   en System.Web.HttpResponse.AbortCurrentThread()
   en JelaWeb.Ingreso.btnLogin_Click(Object sender, EventArgs e) en D:\DesarrolloWEB\JelaAzure\JelaWeb\JelaWeb\Views\Auth\Ingreso.aspx.vb:línea 93
2026-01-03 14:29:00 [INFO] Aplicación JELA iniciada correctamente
2026-01-03 14:29:00 [INFO] [Usuario: ::1] Nueva sesión iniciada - SessionID: pmexad1vs2jj4gy0np2clxfd
2026-01-03 14:29:05 [INFO] AuthService.ObtenerOpcionesMenu - UserId: 1, Query: SELECT DISTINCT o.Id, o.Nombre, o.Url, o.Icono, o.RibbonTab, o.RibbonGroup, o.OrdenTab, o.OrdenGrupo, o.OrdenOpcion FROM conf_opciones o INNER JOIN conf_rolopciones ro ON o.Id = ro.OpcionId INNER JOIN conf_usuarioroles ur ON ro.RolId = ur.RolId WHERE ur.UsuarioId = 1 AND o.Activo = 1 ORDER BY o.OrdenTab, o.OrdenGrupo, o.OrdenOpcion
2026-01-03 14:29:05 [INFO] AuthService.ObtenerOpcionesMenu - URL: https://jela-api-ctb8a6ggbpdqbxhg.mexicocentral-01.azurewebsites.net/api/CRUD?strQuery=SELECT+DISTINCT+o.Id%2c+o.Nombre%2c+o.Url%2c+o.Icono%2c+o.RibbonTab%2c+o.RibbonGroup%2c+o.OrdenTab%2c+o.OrdenGrupo%2c+o.OrdenOpcion+FROM+conf_opciones+o+INNER+JOIN+conf_rolopciones+ro+ON+o.Id+%3d+ro.OpcionId+INNER+JOIN+conf_usuarioroles+ur+ON+ro.RolId+%3d+ur.RolId+WHERE+ur.UsuarioId+%3d+1+AND+o.Activo+%3d+1+ORDER+BY+o.OrdenTab%2c+o.OrdenGrupo%2c+o.OrdenOpcion
2026-01-03 14:29:06 [INFO] AuthService.ObtenerOpcionesMenu - Datos retornados: 17
2026-01-03 14:29:06 [INFO] AuthService.ObtenerOpcionesMenu - Opciones construidas: 17
2026-01-03 14:29:06 [INFO] [Usuario: admin] Login exitoso para usuario: admin (ID: 1, Nombre: Administrador General, Entidad: 1)
2026-01-03 14:29:06 [ERROR] Error durante el proceso de login
Exception: ThreadAbortException
Message: Subproceso anulado.
Stack Trace:    en System.Threading.Thread.AbortInternal()
   en System.Threading.Thread.Abort(Object stateInfo)
   en System.Web.HttpResponse.AbortCurrentThread()
   en JelaWeb.Ingreso.btnLogin_Click(Object sender, EventArgs e) en D:\DesarrolloWEB\JelaAzure\JelaWeb\JelaWeb\Views\Auth\Ingreso.aspx.vb:línea 93
2026-01-03 14:30:54 [INFO] Aplicación JELA iniciada correctamente
2026-01-03 14:30:55 [INFO] [Usuario: ::1] Nueva sesión iniciada - SessionID: teo3myutxvym1wiypiowhf2k
2026-01-03 14:31:00 [INFO] AuthService.ObtenerOpcionesMenu - UserId: 1, Query: SELECT DISTINCT o.Id, o.Nombre, o.Url, o.Icono, o.RibbonTab, o.RibbonGroup, o.OrdenTab, o.OrdenGrupo, o.OrdenOpcion FROM conf_opciones o INNER JOIN conf_rolopciones ro ON o.Id = ro.OpcionId INNER JOIN conf_usuarioroles ur ON ro.RolId = ur.RolId WHERE ur.UsuarioId = 1 AND o.Activo = 1 ORDER BY o.OrdenTab, o.OrdenGrupo, o.OrdenOpcion
2026-01-03 14:31:00 [INFO] AuthService.ObtenerOpcionesMenu - URL: https://jela-api-ctb8a6ggbpdqbxhg.mexicocentral-01.azurewebsites.net/api/CRUD?strQuery=SELECT+DISTINCT+o.Id%2c+o.Nombre%2c+o.Url%2c+o.Icono%2c+o.RibbonTab%2c+o.RibbonGroup%2c+o.OrdenTab%2c+o.OrdenGrupo%2c+o.OrdenOpcion+FROM+conf_opciones+o+INNER+JOIN+conf_rolopciones+ro+ON+o.Id+%3d+ro.OpcionId+INNER+JOIN+conf_usuarioroles+ur+ON+ro.RolId+%3d+ur.RolId+WHERE+ur.UsuarioId+%3d+1+AND+o.Activo+%3d+1+ORDER+BY+o.OrdenTab%2c+o.OrdenGrupo%2c+o.OrdenOpcion
2026-01-03 14:31:00 [INFO] AuthService.ObtenerOpcionesMenu - Datos retornados: 17
2026-01-03 14:31:00 [INFO] AuthService.ObtenerOpcionesMenu - Opciones construidas: 17
2026-01-03 14:31:00 [INFO] [Usuario: admin] Login exitoso para usuario: admin (ID: 1, Nombre: Administrador General, Entidad: 1)
2026-01-03 14:31:00 [ERROR] Error durante el proceso de login
Exception: ThreadAbortException
Message: Subproceso anulado.
Stack Trace:    en System.Threading.Thread.AbortInternal()
   en System.Threading.Thread.Abort(Object stateInfo)
   en System.Web.HttpResponse.AbortCurrentThread()
   en JelaWeb.Ingreso.btnLogin_Click(Object sender, EventArgs e) en D:\DesarrolloWEB\JelaAzure\JelaWeb\JelaWeb\Views\Auth\Ingreso.aspx.vb:línea 93
2026-01-03 14:31:18 [ERROR] [Usuario: Anónimo] Error no controlado en la aplicación
Exception: HttpParseException
Message: El archivo '/Jela.Master' no existe.
Stack Trace:    en System.Web.UI.TemplateParser.ParseString(String text, VirtualPath virtualPath, Encoding fileEncoding)
   en System.Web.UI.TemplateParser.ParseFile(String physicalPath, VirtualPath virtualPath)
   en System.Web.UI.TemplateParser.ParseInternal()
   en System.Web.UI.TemplateParser.Parse()
   en System.Web.Compilation.BaseTemplateBuildProvider.get_CodeCompilerType()
   en System.Web.Compilation.BuildProvider.GetCompilerTypeFromBuildProvider(BuildProvider buildProvider)
   en System.Web.Compilation.BuildProvidersCompiler.ProcessBuildProviders()
   en System.Web.Compilation.BuildProvidersCompiler.PerformBuild()
   en System.Web.Compilation.BuildManager.CompileWebFile(VirtualPath virtualPath)
   en System.Web.Compilation.BuildManager.GetVPathBuildResultInternal(VirtualPath virtualPath, Boolean noBuild, Boolean allowCrossApp, Boolean allowBuildInPrecompile, Boolean throwIfNotFound, Boolean ensureIsUpToDate)
   en System.Web.Compilation.BuildManager.GetVPathBuildResultWithNoAssert(HttpContext context, VirtualPath virtualPath, Boolean noBuild, Boolean allowCrossApp, Boolean allowBuildInPrecompile, Boolean throwIfNotFound, Boolean ensureIsUpToDate)
   en System.Web.Compilation.BuildManager.GetVirtualPathObjectFactory(VirtualPath virtualPath, HttpContext context, Boolean allowCrossApp, Boolean throwIfNotFound)
   en System.Web.Compilation.BuildManager.CreateInstanceFromVirtualPath(VirtualPath virtualPath, Type requiredBaseType, HttpContext context, Boolean allowCrossApp)
   en System.Web.UI.PageHandlerFactory.GetHandlerHelper(HttpContext context, String requestType, VirtualPath virtualPath, String physicalPath)
   en System.Web.HttpApplication.MaterializeHandlerExecutionStep.System.Web.HttpApplication.IExecutionStep.Execute()
   en System.Web.HttpApplication.ExecuteStepImpl(IExecutionStep step)
   en System.Web.HttpApplication.ExecuteStep(IExecutionStep step, Boolean& completedSynchronously)
Inner Exception: El archivo '/Jela.Master' no existe.
2026-01-03 14:31:18 [WARNING] [Usuario: ::1] Intento de acceso no autorizado a: /Views/Catalogos/Proveedores.aspx
2026-01-03 14:31:22 [ERROR] [Usuario: Anónimo] Error no controlado en la aplicación
Exception: HttpParseException
Message: El archivo '/Jela.Master' no existe.
Stack Trace:    en System.Web.UI.TemplateParser.ParseString(String text, VirtualPath virtualPath, Encoding fileEncoding)
   en System.Web.UI.TemplateParser.ParseFile(String physicalPath, VirtualPath virtualPath)
   en System.Web.UI.TemplateParser.ParseInternal()
   en System.Web.UI.TemplateParser.Parse()
   en System.Web.Compilation.BaseTemplateBuildProvider.get_CodeCompilerType()
   en System.Web.Compilation.BuildProvider.GetCompilerTypeFromBuildProvider(BuildProvider buildProvider)
   en System.Web.Compilation.BuildProvidersCompiler.ProcessBuildProviders()
   en System.Web.Compilation.BuildProvidersCompiler.PerformBuild()
   en System.Web.Compilation.BuildManager.CompileWebFile(VirtualPath virtualPath)
   en System.Web.Compilation.BuildManager.GetVPathBuildResultInternal(VirtualPath virtualPath, Boolean noBuild, Boolean allowCrossApp, Boolean allowBuildInPrecompile, Boolean throwIfNotFound, Boolean ensureIsUpToDate)
   en System.Web.Compilation.BuildManager.GetVPathBuildResultWithNoAssert(HttpContext context, VirtualPath virtualPath, Boolean noBuild, Boolean allowCrossApp, Boolean allowBuildInPrecompile, Boolean throwIfNotFound, Boolean ensureIsUpToDate)
   en System.Web.Compilation.BuildManager.GetVirtualPathObjectFactory(VirtualPath virtualPath, HttpContext context, Boolean allowCrossApp, Boolean throwIfNotFound)
   en System.Web.Compilation.BuildManager.CreateInstanceFromVirtualPath(VirtualPath virtualPath, Type requiredBaseType, HttpContext context, Boolean allowCrossApp)
   en System.Web.UI.PageHandlerFactory.GetHandlerHelper(HttpContext context, String requestType, VirtualPath virtualPath, String physicalPath)
   en System.Web.HttpApplication.MaterializeHandlerExecutionStep.System.Web.HttpApplication.IExecutionStep.Execute()
   en System.Web.HttpApplication.ExecuteStepImpl(IExecutionStep step)
   en System.Web.HttpApplication.ExecuteStep(IExecutionStep step, Boolean& completedSynchronously)
Inner Exception: El archivo '/Jela.Master' no existe.
2026-01-03 14:31:22 [WARNING] [Usuario: ::1] Intento de acceso no autorizado a: /Views/Catalogos/Proveedores.aspx
2026-01-03 14:31:25 [ERROR] [Usuario: Anónimo] Error no controlado en la aplicación
Exception: HttpParseException
Message: El archivo '/Jela.Master' no existe.
Stack Trace:    en System.Web.UI.TemplateParser.ParseString(String text, VirtualPath virtualPath, Encoding fileEncoding)
   en System.Web.UI.TemplateParser.ParseFile(String physicalPath, VirtualPath virtualPath)
   en System.Web.UI.TemplateParser.ParseInternal()
   en System.Web.UI.TemplateParser.Parse()
   en System.Web.Compilation.BaseTemplateBuildProvider.get_CodeCompilerType()
   en System.Web.Compilation.BuildProvider.GetCompilerTypeFromBuildProvider(BuildProvider buildProvider)
   en System.Web.Compilation.BuildProvidersCompiler.ProcessBuildProviders()
   en System.Web.Compilation.BuildProvidersCompiler.PerformBuild()
   en System.Web.Compilation.BuildManager.CompileWebFile(VirtualPath virtualPath)
   en System.Web.Compilation.BuildManager.GetVPathBuildResultInternal(VirtualPath virtualPath, Boolean noBuild, Boolean allowCrossApp, Boolean allowBuildInPrecompile, Boolean throwIfNotFound, Boolean ensureIsUpToDate)
   en System.Web.Compilation.BuildManager.GetVPathBuildResultWithNoAssert(HttpContext context, VirtualPath virtualPath, Boolean noBuild, Boolean allowCrossApp, Boolean allowBuildInPrecompile, Boolean throwIfNotFound, Boolean ensureIsUpToDate)
   en System.Web.Compilation.BuildManager.GetVirtualPathObjectFactory(VirtualPath virtualPath, HttpContext context, Boolean allowCrossApp, Boolean throwIfNotFound)
   en System.Web.Compilation.BuildManager.CreateInstanceFromVirtualPath(VirtualPath virtualPath, Type requiredBaseType, HttpContext context, Boolean allowCrossApp)
   en System.Web.UI.PageHandlerFactory.GetHandlerHelper(HttpContext context, String requestType, VirtualPath virtualPath, String physicalPath)
   en System.Web.HttpApplication.MaterializeHandlerExecutionStep.System.Web.HttpApplication.IExecutionStep.Execute()
   en System.Web.HttpApplication.ExecuteStepImpl(IExecutionStep step)
   en System.Web.HttpApplication.ExecuteStep(IExecutionStep step, Boolean& completedSynchronously)
Inner Exception: El archivo '/Jela.Master' no existe.
2026-01-03 14:31:25 [WARNING] [Usuario: ::1] Intento de acceso no autorizado a: /Views/Catalogos/Roles.aspx
2026-01-03 14:31:28 [ERROR] [Usuario: Anónimo] Error no controlado en la aplicación
Exception: HttpException
Message: El archivo '/Views/Catalogos/FormulariosDinamicos.aspx' no existe.
Stack Trace:    en System.Web.UI.Util.CheckVirtualFileExists(VirtualPath virtualPath)
   en System.Web.Compilation.BuildManager.GetVPathBuildResultInternal(VirtualPath virtualPath, Boolean noBuild, Boolean allowCrossApp, Boolean allowBuildInPrecompile, Boolean throwIfNotFound, Boolean ensureIsUpToDate)
   en System.Web.Compilation.BuildManager.GetVPathBuildResultWithNoAssert(HttpContext context, VirtualPath virtualPath, Boolean noBuild, Boolean allowCrossApp, Boolean allowBuildInPrecompile, Boolean throwIfNotFound, Boolean ensureIsUpToDate)
   en System.Web.Compilation.BuildManager.GetVirtualPathObjectFactory(VirtualPath virtualPath, HttpContext context, Boolean allowCrossApp, Boolean throwIfNotFound)
   en System.Web.Compilation.BuildManager.CreateInstanceFromVirtualPath(VirtualPath virtualPath, Type requiredBaseType, HttpContext context, Boolean allowCrossApp)
   en System.Web.UI.PageHandlerFactory.GetHandlerHelper(HttpContext context, String requestType, VirtualPath virtualPath, String physicalPath)
   en System.Web.HttpApplication.MaterializeHandlerExecutionStep.System.Web.HttpApplication.IExecutionStep.Execute()
   en System.Web.HttpApplication.ExecuteStepImpl(IExecutionStep step)
   en System.Web.HttpApplication.ExecuteStep(IExecutionStep step, Boolean& completedSynchronously)
2026-01-03 14:31:28 [WARNING] [Usuario: ::1] Intento de acceso no autorizado a: /Views/Catalogos/FormulariosDinamicos.aspx
2026-01-03 14:32:05 [INFO] Aplicación JELA iniciada correctamente
2026-01-03 14:32:06 [INFO] [Usuario: ::1] Nueva sesión iniciada - SessionID: chxjfhdfzsatnmedkpeqoa2h
2026-01-03 14:34:20 [INFO] Aplicación JELA iniciada correctamente
2026-01-03 14:34:20 [INFO] [Usuario: ::1] Nueva sesión iniciada - SessionID: qadgiras1ns2322rk1mecey1
2026-01-03 14:34:26 [INFO] AuthService.ObtenerOpcionesMenu - UserId: 1, Query: SELECT DISTINCT o.Id, o.Nombre, o.Url, o.Icono, o.RibbonTab, o.RibbonGroup, o.OrdenTab, o.OrdenGrupo, o.OrdenOpcion FROM conf_opciones o INNER JOIN conf_rolopciones ro ON o.Id = ro.OpcionId INNER JOIN conf_usuarioroles ur ON ro.RolId = ur.RolId WHERE ur.UsuarioId = 1 AND o.Activo = 1 ORDER BY o.OrdenTab, o.OrdenGrupo, o.OrdenOpcion
2026-01-03 14:34:26 [INFO] AuthService.ObtenerOpcionesMenu - URL: https://jela-api-ctb8a6ggbpdqbxhg.mexicocentral-01.azurewebsites.net/api/CRUD?strQuery=SELECT+DISTINCT+o.Id%2c+o.Nombre%2c+o.Url%2c+o.Icono%2c+o.RibbonTab%2c+o.RibbonGroup%2c+o.OrdenTab%2c+o.OrdenGrupo%2c+o.OrdenOpcion+FROM+conf_opciones+o+INNER+JOIN+conf_rolopciones+ro+ON+o.Id+%3d+ro.OpcionId+INNER+JOIN+conf_usuarioroles+ur+ON+ro.RolId+%3d+ur.RolId+WHERE+ur.UsuarioId+%3d+1+AND+o.Activo+%3d+1+ORDER+BY+o.OrdenTab%2c+o.OrdenGrupo%2c+o.OrdenOpcion
2026-01-03 14:34:26 [INFO] AuthService.ObtenerOpcionesMenu - Datos retornados: 17
2026-01-03 14:34:26 [INFO] AuthService.ObtenerOpcionesMenu - Opciones construidas: 17
2026-01-03 14:34:26 [INFO] [Usuario: admin] Login exitoso para usuario: admin (ID: 1, Nombre: Administrador General, Entidad: 1)
2026-01-03 14:34:26 [ERROR] Error durante el proceso de login
Exception: ThreadAbortException
Message: Subproceso anulado.
Stack Trace:    en System.Threading.Thread.AbortInternal()
   en System.Threading.Thread.Abort(Object stateInfo)
   en System.Web.HttpResponse.AbortCurrentThread()
   en JelaWeb.Ingreso.btnLogin_Click(Object sender, EventArgs e) en D:\DesarrolloWEB\JelaAzure\JelaWeb\JelaWeb\Views\Auth\Ingreso.aspx.vb:línea 93
2026-01-03 14:34:38 [ERROR] [Usuario: Anónimo] Error no controlado en la aplicación
Exception: HttpParseException
Message: El archivo '/Jela.Master' no existe.
Stack Trace:    en System.Web.UI.TemplateParser.ParseString(String text, VirtualPath virtualPath, Encoding fileEncoding)
   en System.Web.UI.TemplateParser.ParseFile(String physicalPath, VirtualPath virtualPath)
   en System.Web.UI.TemplateParser.ParseInternal()
   en System.Web.UI.TemplateParser.Parse()
   en System.Web.Compilation.BaseTemplateBuildProvider.get_CodeCompilerType()
   en System.Web.Compilation.BuildProvider.GetCompilerTypeFromBuildProvider(BuildProvider buildProvider)
   en System.Web.Compilation.BuildProvidersCompiler.ProcessBuildProviders()
   en System.Web.Compilation.BuildProvidersCompiler.PerformBuild()
   en System.Web.Compilation.BuildManager.CompileWebFile(VirtualPath virtualPath)
   en System.Web.Compilation.BuildManager.GetVPathBuildResultInternal(VirtualPath virtualPath, Boolean noBuild, Boolean allowCrossApp, Boolean allowBuildInPrecompile, Boolean throwIfNotFound, Boolean ensureIsUpToDate)
   en System.Web.Compilation.BuildManager.GetVPathBuildResultWithNoAssert(HttpContext context, VirtualPath virtualPath, Boolean noBuild, Boolean allowCrossApp, Boolean allowBuildInPrecompile, Boolean throwIfNotFound, Boolean ensureIsUpToDate)
   en System.Web.Compilation.BuildManager.GetVirtualPathObjectFactory(VirtualPath virtualPath, HttpContext context, Boolean allowCrossApp, Boolean throwIfNotFound)
   en System.Web.Compilation.BuildManager.CreateInstanceFromVirtualPath(VirtualPath virtualPath, Type requiredBaseType, HttpContext context, Boolean allowCrossApp)
   en System.Web.UI.PageHandlerFactory.GetHandlerHelper(HttpContext context, String requestType, VirtualPath virtualPath, String physicalPath)
   en System.Web.HttpApplication.MaterializeHandlerExecutionStep.System.Web.HttpApplication.IExecutionStep.Execute()
   en System.Web.HttpApplication.ExecuteStepImpl(IExecutionStep step)
   en System.Web.HttpApplication.ExecuteStep(IExecutionStep step, Boolean& completedSynchronously)
Inner Exception: El archivo '/Jela.Master' no existe.
2026-01-03 14:34:38 [WARNING] [Usuario: ::1] Intento de acceso no autorizado a: /Views/Catalogos/Proveedores.aspx
2026-01-03 15:08:01 [INFO] Aplicación JELA iniciada correctamente
2026-01-03 15:08:02 [INFO] [Usuario: ::1] Nueva sesión iniciada - SessionID: u1yxchtdkbetm22c205t5l1e
2026-01-03 15:08:08 [INFO] AuthService.ObtenerOpcionesMenu - UserId: 1, Query: SELECT DISTINCT o.Id, o.Nombre, o.Url, o.Icono, o.RibbonTab, o.RibbonGroup, o.OrdenTab, o.OrdenGrupo, o.OrdenOpcion FROM conf_opciones o INNER JOIN conf_rolopciones ro ON o.Id = ro.OpcionId INNER JOIN conf_usuarioroles ur ON ro.RolId = ur.RolId WHERE ur.UsuarioId = 1 AND o.Activo = 1 ORDER BY o.OrdenTab, o.OrdenGrupo, o.OrdenOpcion
2026-01-03 15:08:08 [INFO] AuthService.ObtenerOpcionesMenu - URL: https://jela-api-ctb8a6ggbpdqbxhg.mexicocentral-01.azurewebsites.net/api/CRUD?strQuery=SELECT+DISTINCT+o.Id%2c+o.Nombre%2c+o.Url%2c+o.Icono%2c+o.RibbonTab%2c+o.RibbonGroup%2c+o.OrdenTab%2c+o.OrdenGrupo%2c+o.OrdenOpcion+FROM+conf_opciones+o+INNER+JOIN+conf_rolopciones+ro+ON+o.Id+%3d+ro.OpcionId+INNER+JOIN+conf_usuarioroles+ur+ON+ro.RolId+%3d+ur.RolId+WHERE+ur.UsuarioId+%3d+1+AND+o.Activo+%3d+1+ORDER+BY+o.OrdenTab%2c+o.OrdenGrupo%2c+o.OrdenOpcion
2026-01-03 15:08:08 [INFO] AuthService.ObtenerOpcionesMenu - Datos retornados: 17
2026-01-03 15:08:08 [INFO] AuthService.ObtenerOpcionesMenu - Opciones construidas: 17
2026-01-03 15:08:08 [INFO] [Usuario: admin] Login exitoso para usuario: admin (ID: 1, Nombre: Administrador General, Entidad: 1)
2026-01-03 15:08:08 [ERROR] Error durante el proceso de login
Exception: ThreadAbortException
Message: Subproceso anulado.
Stack Trace:    en System.Threading.Thread.AbortInternal()
   en System.Threading.Thread.Abort(Object stateInfo)
   en System.Web.HttpResponse.AbortCurrentThread()
   en JelaWeb.Ingreso.btnLogin_Click(Object sender, EventArgs e) en D:\DesarrolloWEB\JelaAzure\JelaWeb\JelaWeb\Views\Auth\Ingreso.aspx.vb:línea 93
2026-01-03 15:08:18 [INFO] [Usuario: Administrador General] Cambiando idioma a: en-US
2026-01-03 15:08:51 [INFO] [Usuario: Administrador General] Cambiando idioma a: es-MX
2026-01-03 15:09:01 [ERROR] Error en GetAsync para URL: https://jela-api-ctb8a6ggbpdqbxhg.mexicocentral-01.azurewebsites.net/api/CRUD?strQuery=/api/proveedores?idEntidad=1
Exception: Exception
Message: Error GET: BadRequest
Stack Trace:    en JelaWeb.HttpClientHelper.GetAsync[T](String url) en D:\DesarrolloWEB\JelaAzure\JelaWeb\JelaWeb\Infrastructure\Http\HttpClientHelper.vb:línea 66
2026-01-03 15:09:01 [ERROR] Error al obtener proveedores
Exception: Exception
Message: Error GET: BadRequest
Stack Trace:    en JelaWeb.HttpClientHelper.GetAsync[T](String url) en D:\DesarrolloWEB\JelaAzure\JelaWeb\JelaWeb\Infrastructure\Http\HttpClientHelper.vb:línea 82
   en JelaWeb.ProveedorService.GetProveedores(Nullable`1 activo, String busqueda, Int32 idEntidad) en D:\DesarrolloWEB\JelaAzure\JelaWeb\JelaWeb\Services\ProveedorService.vb:línea 26
2026-01-03 15:09:01 [ERROR] Error al cargar proveedores
Exception: Exception
Message: Error al obtener proveedores.
Stack Trace:    en JelaWeb.ProveedorService.GetProveedores(Nullable`1 activo, String busqueda, Int32 idEntidad) en D:\DesarrolloWEB\JelaAzure\JelaWeb\JelaWeb\Services\ProveedorService.vb:línea 29
   en JelaWeb.ProveedorService.ObtenerTodos(Int32 idEntidad) en D:\DesarrolloWEB\JelaAzure\JelaWeb\JelaWeb\Services\ProveedorService.vb:línea 106
   en JelaWeb.Proveedores.CargarProveedores() en D:\DesarrolloWEB\JelaAzure\JelaWeb\JelaWeb\Views\Catalogos\Proveedores.aspx.vb:línea 21
Inner Exception: Error GET: BadRequest
2026-01-03 15:09:13 [ERROR] [Usuario: Anónimo] Error no controlado en la aplicación
Exception: HttpException
Message: El archivo '/Views/Catalogos/Secciones.aspx' no existe.
Stack Trace:    en System.Web.UI.Util.CheckVirtualFileExists(VirtualPath virtualPath)
   en System.Web.Compilation.BuildManager.GetVPathBuildResultInternal(VirtualPath virtualPath, Boolean noBuild, Boolean allowCrossApp, Boolean allowBuildInPrecompile, Boolean throwIfNotFound, Boolean ensureIsUpToDate)
   en System.Web.Compilation.BuildManager.GetVPathBuildResultWithNoAssert(HttpContext context, VirtualPath virtualPath, Boolean noBuild, Boolean allowCrossApp, Boolean allowBuildInPrecompile, Boolean throwIfNotFound, Boolean ensureIsUpToDate)
   en System.Web.Compilation.BuildManager.GetVirtualPathObjectFactory(VirtualPath virtualPath, HttpContext context, Boolean allowCrossApp, Boolean throwIfNotFound)
   en System.Web.Compilation.BuildManager.CreateInstanceFromVirtualPath(VirtualPath virtualPath, Type requiredBaseType, HttpContext context, Boolean allowCrossApp)
   en System.Web.UI.PageHandlerFactory.GetHandlerHelper(HttpContext context, String requestType, VirtualPath virtualPath, String physicalPath)
   en System.Web.HttpApplication.MaterializeHandlerExecutionStep.System.Web.HttpApplication.IExecutionStep.Execute()
   en System.Web.HttpApplication.ExecuteStepImpl(IExecutionStep step)
   en System.Web.HttpApplication.ExecuteStep(IExecutionStep step, Boolean& completedSynchronously)
2026-01-03 15:09:13 [WARNING] [Usuario: ::1] Intento de acceso no autorizado a: /Views/Catalogos/Secciones.aspx
2026-01-03 15:09:23 [ERROR] [Usuario: Anónimo] Error no controlado en la aplicación
Exception: HttpException
Message: El archivo '/TiposDocumento.aspx' no existe.
Stack Trace:    en System.Web.UI.Util.CheckVirtualFileExists(VirtualPath virtualPath)
   en System.Web.Compilation.BuildManager.GetVPathBuildResultInternal(VirtualPath virtualPath, Boolean noBuild, Boolean allowCrossApp, Boolean allowBuildInPrecompile, Boolean throwIfNotFound, Boolean ensureIsUpToDate)
   en System.Web.Compilation.BuildManager.GetVPathBuildResultWithNoAssert(HttpContext context, VirtualPath virtualPath, Boolean noBuild, Boolean allowCrossApp, Boolean allowBuildInPrecompile, Boolean throwIfNotFound, Boolean ensureIsUpToDate)
   en System.Web.Compilation.BuildManager.GetVirtualPathObjectFactory(VirtualPath virtualPath, HttpContext context, Boolean allowCrossApp, Boolean throwIfNotFound)
   en System.Web.Compilation.BuildManager.CreateInstanceFromVirtualPath(VirtualPath virtualPath, Type requiredBaseType, HttpContext context, Boolean allowCrossApp)
   en System.Web.UI.PageHandlerFactory.GetHandlerHelper(HttpContext context, String requestType, VirtualPath virtualPath, String physicalPath)
   en System.Web.HttpApplication.MaterializeHandlerExecutionStep.System.Web.HttpApplication.IExecutionStep.Execute()
   en System.Web.HttpApplication.ExecuteStepImpl(IExecutionStep step)
   en System.Web.HttpApplication.ExecuteStep(IExecutionStep step, Boolean& completedSynchronously)
2026-01-03 15:09:23 [WARNING] [Usuario: ::1] Intento de acceso no autorizado a: /TiposDocumento.aspx
2026-01-03 15:09:27 [ERROR] [Usuario: Anónimo] Error no controlado en la aplicación
Exception: HttpCompileException
Message: D:\DesarrolloWEB\JelaAzure\JelaWeb\JelaWeb\Views\Catalogos\CategoriasTicket.aspx(11): error BC30456: 'gridCategorias_RowDeleting' no es un miembro de 'ASP.views_catalogos_categoriasticket_aspx'.
Stack Trace:    en System.Web.Compilation.BuildManager.CompileWebFile(VirtualPath virtualPath)
   en System.Web.Compilation.BuildManager.GetVPathBuildResultInternal(VirtualPath virtualPath, Boolean noBuild, Boolean allowCrossApp, Boolean allowBuildInPrecompile, Boolean throwIfNotFound, Boolean ensureIsUpToDate)
   en System.Web.Compilation.BuildManager.GetVPathBuildResultWithNoAssert(HttpContext context, VirtualPath virtualPath, Boolean noBuild, Boolean allowCrossApp, Boolean allowBuildInPrecompile, Boolean throwIfNotFound, Boolean ensureIsUpToDate)
   en System.Web.Compilation.BuildManager.GetVirtualPathObjectFactory(VirtualPath virtualPath, HttpContext context, Boolean allowCrossApp, Boolean throwIfNotFound)
   en System.Web.Compilation.BuildManager.CreateInstanceFromVirtualPath(VirtualPath virtualPath, Type requiredBaseType, HttpContext context, Boolean allowCrossApp)
   en System.Web.UI.PageHandlerFactory.GetHandlerHelper(HttpContext context, String requestType, VirtualPath virtualPath, String physicalPath)
   en System.Web.HttpApplication.MaterializeHandlerExecutionStep.System.Web.HttpApplication.IExecutionStep.Execute()
   en System.Web.HttpApplication.ExecuteStepImpl(IExecutionStep step)
   en System.Web.HttpApplication.ExecuteStep(IExecutionStep step, Boolean& completedSynchronously)
2026-01-03 15:09:27 [WARNING] [Usuario: ::1] Intento de acceso no autorizado a: /Views/Catalogos/CategoriasTicket.aspx
2026-01-03 15:09:34 [ERROR] [Usuario: Anónimo] Error no controlado en la aplicación
Exception: HttpCompileException
Message: D:\DesarrolloWEB\JelaAzure\JelaWeb\JelaWeb\Views\Catalogos\Roles.aspx(11): error BC30456: 'gridRoles_RowDeleting' no es un miembro de 'ASP.views_catalogos_roles_aspx'.
Stack Trace:    en System.Web.Compilation.BuildManager.CompileWebFile(VirtualPath virtualPath)
   en System.Web.Compilation.BuildManager.GetVPathBuildResultInternal(VirtualPath virtualPath, Boolean noBuild, Boolean allowCrossApp, Boolean allowBuildInPrecompile, Boolean throwIfNotFound, Boolean ensureIsUpToDate)
   en System.Web.Compilation.BuildManager.GetVPathBuildResultWithNoAssert(HttpContext context, VirtualPath virtualPath, Boolean noBuild, Boolean allowCrossApp, Boolean allowBuildInPrecompile, Boolean throwIfNotFound, Boolean ensureIsUpToDate)
   en System.Web.Compilation.BuildManager.GetVirtualPathObjectFactory(VirtualPath virtualPath, HttpContext context, Boolean allowCrossApp, Boolean throwIfNotFound)
   en System.Web.Compilation.BuildManager.CreateInstanceFromVirtualPath(VirtualPath virtualPath, Type requiredBaseType, HttpContext context, Boolean allowCrossApp)
   en System.Web.UI.PageHandlerFactory.GetHandlerHelper(HttpContext context, String requestType, VirtualPath virtualPath, String physicalPath)
   en System.Web.HttpApplication.MaterializeHandlerExecutionStep.System.Web.HttpApplication.IExecutionStep.Execute()
   en System.Web.HttpApplication.ExecuteStepImpl(IExecutionStep step)
   en System.Web.HttpApplication.ExecuteStep(IExecutionStep step, Boolean& completedSynchronously)
2026-01-03 15:09:34 [WARNING] [Usuario: ::1] Intento de acceso no autorizado a: /Views/Catalogos/Roles.aspx
2026-01-03 15:09:37 [ERROR] [Usuario: Anónimo] Error no controlado en la aplicación
Exception: HttpCompileException
Message: D:\DesarrolloWEB\JelaAzure\JelaWeb\JelaWeb\Views\Catalogos\TiposSensor.aspx(11): error BC30456: 'gridTiposSensor_DataBound' no es un miembro de 'ASP.views_catalogos_tipossensor_aspx'.
Stack Trace:    en System.Web.Compilation.BuildManager.PostProcessFoundBuildResult(BuildResult result, Boolean keyFromVPP, VirtualPath virtualPath)
   en System.Web.Compilation.BuildManager.GetBuildResultFromCacheInternal(String cacheKey, Boolean keyFromVPP, VirtualPath virtualPath, Int64 hashCode, Boolean ensureIsUpToDate)
   en System.Web.Compilation.BuildManager.GetVPathBuildResultFromCacheInternal(VirtualPath virtualPath, Boolean ensureIsUpToDate)
   en System.Web.Compilation.BuildManager.GetVPathBuildResultInternal(VirtualPath virtualPath, Boolean noBuild, Boolean allowCrossApp, Boolean allowBuildInPrecompile, Boolean throwIfNotFound, Boolean ensureIsUpToDate)
   en System.Web.Compilation.BuildManager.GetVPathBuildResultWithNoAssert(HttpContext context, VirtualPath virtualPath, Boolean noBuild, Boolean allowCrossApp, Boolean allowBuildInPrecompile, Boolean throwIfNotFound, Boolean ensureIsUpToDate)
   en System.Web.Compilation.BuildManager.GetVirtualPathObjectFactory(VirtualPath virtualPath, HttpContext context, Boolean allowCrossApp, Boolean throwIfNotFound)
   en System.Web.Compilation.BuildManager.CreateInstanceFromVirtualPath(VirtualPath virtualPath, Type requiredBaseType, HttpContext context, Boolean allowCrossApp)
   en System.Web.UI.PageHandlerFactory.GetHandlerHelper(HttpContext context, String requestType, VirtualPath virtualPath, String physicalPath)
   en System.Web.HttpApplication.MaterializeHandlerExecutionStep.System.Web.HttpApplication.IExecutionStep.Execute()
   en System.Web.HttpApplication.ExecuteStepImpl(IExecutionStep step)
   en System.Web.HttpApplication.ExecuteStep(IExecutionStep step, Boolean& completedSynchronously)
2026-01-03 15:09:37 [WARNING] [Usuario: ::1] Intento de acceso no autorizado a: /Views/Catalogos/TiposSensor.aspx
2026-01-03 15:09:41 [ERROR] [Usuario: Anónimo] Error no controlado en la aplicación
Exception: HttpCompileException
Message: D:\DesarrolloWEB\JelaAzure\JelaWeb\JelaWeb\Views\Catalogos\Parcelas.aspx(11): error BC30456: 'gridParcelas_RowDeleting' no es un miembro de 'ASP.views_catalogos_parcelas_aspx'.
Stack Trace:    en System.Web.Compilation.BuildManager.PostProcessFoundBuildResult(BuildResult result, Boolean keyFromVPP, VirtualPath virtualPath)
   en System.Web.Compilation.BuildManager.GetBuildResultFromCacheInternal(String cacheKey, Boolean keyFromVPP, VirtualPath virtualPath, Int64 hashCode, Boolean ensureIsUpToDate)
   en System.Web.Compilation.BuildManager.GetVPathBuildResultFromCacheInternal(VirtualPath virtualPath, Boolean ensureIsUpToDate)
   en System.Web.Compilation.BuildManager.GetVPathBuildResultInternal(VirtualPath virtualPath, Boolean noBuild, Boolean allowCrossApp, Boolean allowBuildInPrecompile, Boolean throwIfNotFound, Boolean ensureIsUpToDate)
   en System.Web.Compilation.BuildManager.GetVPathBuildResultWithNoAssert(HttpContext context, VirtualPath virtualPath, Boolean noBuild, Boolean allowCrossApp, Boolean allowBuildInPrecompile, Boolean throwIfNotFound, Boolean ensureIsUpToDate)
   en System.Web.Compilation.BuildManager.GetVirtualPathObjectFactory(VirtualPath virtualPath, HttpContext context, Boolean allowCrossApp, Boolean throwIfNotFound)
   en System.Web.Compilation.BuildManager.CreateInstanceFromVirtualPath(VirtualPath virtualPath, Type requiredBaseType, HttpContext context, Boolean allowCrossApp)
   en System.Web.UI.PageHandlerFactory.GetHandlerHelper(HttpContext context, String requestType, VirtualPath virtualPath, String physicalPath)
   en System.Web.HttpApplication.MaterializeHandlerExecutionStep.System.Web.HttpApplication.IExecutionStep.Execute()
   en System.Web.HttpApplication.ExecuteStepImpl(IExecutionStep step)
   en System.Web.HttpApplication.ExecuteStep(IExecutionStep step, Boolean& completedSynchronously)
2026-01-03 15:09:41 [WARNING] [Usuario: ::1] Intento de acceso no autorizado a: /Views/Catalogos/Parcelas.aspx
