2026-01-09 14:36:19 [INFO] Aplicación JELA iniciada correctamente
2026-01-09 14:36:19 [INFO] [Usuario: ::1] Nueva sesión iniciada - SessionID: iohawqvpb1tqymvsaphgqvm5
2026-01-09 14:36:41 [INFO] Aplicación JELA iniciada correctamente
2026-01-09 14:36:41 [INFO] [Usuario: ::1] Nueva sesión iniciada - SessionID: 0mp2p3iwgefs2zcfz23hc1mf
2026-01-09 14:36:50 [INFO] AuthService.ObtenerOpcionesMenu - UserId: 1, Query: SELECT DISTINCT o.Id, o.Nombre, o.Url, o.Icono, o.RibbonTab, o.RibbonGroup, o.OrdenTab, o.OrdenGrupo, o.OrdenOpcion FROM conf_opciones o INNER JOIN conf_rolopciones ro ON o.Id = ro.OpcionId INNER JOIN conf_usuarioroles ur ON ro.RolId = ur.RolId WHERE ur.UsuarioId = 1 AND o.Activo = 1 ORDER BY o.OrdenTab, o.OrdenGrupo, o.OrdenOpcion
2026-01-09 14:36:50 [INFO] AuthService.ObtenerOpcionesMenu - URL: https://jela-api-ctb8a6ggbpdqbxhg.mexicocentral-01.azurewebsites.net/api/CRUD?strQuery=SELECT+DISTINCT+o.Id%2c+o.Nombre%2c+o.Url%2c+o.Icono%2c+o.RibbonTab%2c+o.RibbonGroup%2c+o.OrdenTab%2c+o.OrdenGrupo%2c+o.OrdenOpcion+FROM+conf_opciones+o+INNER+JOIN+conf_rolopciones+ro+ON+o.Id+%3d+ro.OpcionId+INNER+JOIN+conf_usuarioroles+ur+ON+ro.RolId+%3d+ur.RolId+WHERE+ur.UsuarioId+%3d+1+AND+o.Activo+%3d+1+ORDER+BY+o.OrdenTab%2c+o.OrdenGrupo%2c+o.OrdenOpcion
2026-01-09 14:36:50 [INFO] AuthService.ObtenerOpcionesMenu - Datos retornados: 25
2026-01-09 14:36:50 [INFO] AuthService.ObtenerOpcionesMenu - Opciones construidas: 25
2026-01-09 14:36:50 [INFO] [Usuario: admin] Login exitoso para usuario: admin (ID: 1, Nombre: Administrador General, Entidad: 1)
2026-01-09 14:36:50 [ERROR] Error durante el proceso de login
Exception: ThreadAbortException
Message: Subproceso anulado.
Stack Trace:    en System.Threading.Thread.AbortInternal()
   en System.Threading.Thread.Abort(Object stateInfo)
   en System.Web.HttpResponse.AbortCurrentThread()
   en JelaWeb.Ingreso.btnLogin_Click(Object sender, EventArgs e) en D:\DesarrolloWEB\JelaAzure\JelaWeb\JelaWeb\Views\Auth\Ingreso.aspx.vb:línea 93
2026-01-09 14:36:54 [ERROR] Error al cargar scripts y estilos en Master Page: La colección de controles no puede modificarse porque el control contiene bloques de código (por ej. <% ... %>).
Exception: HttpException
Message: La colección de controles no puede modificarse porque el control contiene bloques de código (por ej. <% ... %>).
Stack Trace:    en System.Web.UI.ControlCollection.Add(Control child)
   en JelaWeb.Jela.LoadScriptsAndStyles() en D:\DesarrolloWEB\JelaAzure\JelaWeb\JelaWeb\MasterPages\Jela.Master.vb:línea 342
2026-01-09 14:37:03 [INFO] Unidades.CargarCombos: DataTable obtenido. Es Nothing: False, Rows.Count: 4
2026-01-09 14:37:03 [INFO] Unidades.CargarCombos: 4 entidades cargadas en combo
2026-01-09 14:37:03 [ERROR] Error en ObtenerDatos: Error al consumir la API: Error al ejecutar la consulta: Unknown column 'c.Activo' in 'on clause' (HTTP 500)
Exception: Exception
Message: Error al consumir la API: Error al ejecutar la consulta: Unknown column 'c.Activo' in 'on clause' (HTTP 500)
Stack Trace:    en JelaWeb.ApiConsumer.ObtenerDatos(String url) en D:\DesarrolloWEB\JelaAzure\JelaWeb\JelaWeb\Services\API\ApiConsumer.vb:línea 69
2026-01-09 14:37:03 [INFO] Unidades.CargarDatos: 0 unidades cargadas
2026-01-09 14:37:03 [ERROR] Error al cargar scripts y estilos en Master Page: La colección de controles no puede modificarse porque el control contiene bloques de código (por ej. <% ... %>).
Exception: HttpException
Message: La colección de controles no puede modificarse porque el control contiene bloques de código (por ej. <% ... %>).
Stack Trace:    en System.Web.UI.ControlCollection.Add(Control child)
   en JelaWeb.Jela.LoadScriptsAndStyles() en D:\DesarrolloWEB\JelaAzure\JelaWeb\JelaWeb\MasterPages\Jela.Master.vb:línea 342
2026-01-09 14:37:16 [INFO] Unidades.ObtenerEntidades: Se encontraron 4 entidades
2026-01-09 14:42:56 [INFO] Aplicación JELA iniciada correctamente
2026-01-09 14:42:56 [INFO] [Usuario: ::1] Nueva sesión iniciada - SessionID: p3pbspsrcm4kuyzu4oymkvsa
2026-01-09 14:45:03 [INFO] Aplicación JELA iniciada correctamente
2026-01-09 14:45:04 [INFO] [Usuario: ::1] Nueva sesión iniciada - SessionID: vulff3enfqyzzyiu3fnnlcdq
2026-01-09 14:45:47 [INFO] AuthService.ObtenerOpcionesMenu - UserId: 1, Query: SELECT DISTINCT o.Id, o.Nombre, o.Url, o.Icono, o.RibbonTab, o.RibbonGroup, o.OrdenTab, o.OrdenGrupo, o.OrdenOpcion FROM conf_opciones o INNER JOIN conf_rolopciones ro ON o.Id = ro.OpcionId INNER JOIN conf_usuarioroles ur ON ro.RolId = ur.RolId WHERE ur.UsuarioId = 1 AND o.Activo = 1 ORDER BY o.OrdenTab, o.OrdenGrupo, o.OrdenOpcion
2026-01-09 14:45:47 [INFO] AuthService.ObtenerOpcionesMenu - URL: https://jela-api-ctb8a6ggbpdqbxhg.mexicocentral-01.azurewebsites.net/api/CRUD?strQuery=SELECT+DISTINCT+o.Id%2c+o.Nombre%2c+o.Url%2c+o.Icono%2c+o.RibbonTab%2c+o.RibbonGroup%2c+o.OrdenTab%2c+o.OrdenGrupo%2c+o.OrdenOpcion+FROM+conf_opciones+o+INNER+JOIN+conf_rolopciones+ro+ON+o.Id+%3d+ro.OpcionId+INNER+JOIN+conf_usuarioroles+ur+ON+ro.RolId+%3d+ur.RolId+WHERE+ur.UsuarioId+%3d+1+AND+o.Activo+%3d+1+ORDER+BY+o.OrdenTab%2c+o.OrdenGrupo%2c+o.OrdenOpcion
2026-01-09 14:45:47 [INFO] AuthService.ObtenerOpcionesMenu - Datos retornados: 25
2026-01-09 14:45:47 [INFO] AuthService.ObtenerOpcionesMenu - Opciones construidas: 25
2026-01-09 14:45:47 [INFO] [Usuario: admin] Login exitoso para usuario: admin (ID: 1, Nombre: Administrador General, Entidad: 1)
2026-01-09 14:45:47 [ERROR] Error durante el proceso de login
Exception: ThreadAbortException
Message: Subproceso anulado.
Stack Trace:    en System.Threading.Thread.AbortInternal()
   en System.Threading.Thread.Abort(Object stateInfo)
   en System.Web.HttpResponse.AbortCurrentThread()
   en JelaWeb.Ingreso.btnLogin_Click(Object sender, EventArgs e) en D:\DesarrolloWEB\JelaAzure\JelaWeb\JelaWeb\Views\Auth\Ingreso.aspx.vb:línea 93
2026-01-09 14:45:50 [ERROR] Error al cargar scripts y estilos en Master Page: La colección de controles no puede modificarse porque el control contiene bloques de código (por ej. <% ... %>).
Exception: HttpException
Message: La colección de controles no puede modificarse porque el control contiene bloques de código (por ej. <% ... %>).
Stack Trace:    en System.Web.UI.ControlCollection.Add(Control child)
   en JelaWeb.Jela.LoadScriptsAndStyles() en D:\DesarrolloWEB\JelaAzure\JelaWeb\JelaWeb\MasterPages\Jela.Master.vb:línea 342
2026-01-09 14:45:58 [INFO] Unidades.CargarCombos: DataTable obtenido. Es Nothing: False, Rows.Count: 4
2026-01-09 14:45:58 [INFO] Unidades.CargarCombos: 4 entidades cargadas en combo
2026-01-09 14:45:58 [ERROR] Error en ObtenerDatos: Error al consumir la API: Error al ejecutar la consulta: Unknown column 'c.Activo' in 'on clause' (HTTP 500)
Exception: Exception
Message: Error al consumir la API: Error al ejecutar la consulta: Unknown column 'c.Activo' in 'on clause' (HTTP 500)
Stack Trace:    en JelaWeb.ApiConsumer.ObtenerDatos(String url) en D:\DesarrolloWEB\JelaAzure\JelaWeb\JelaWeb\Services\API\ApiConsumer.vb:línea 69
2026-01-09 14:45:59 [INFO] Unidades.CargarDatos: 0 unidades cargadas
2026-01-09 14:45:59 [ERROR] Error al cargar scripts y estilos en Master Page: La colección de controles no puede modificarse porque el control contiene bloques de código (por ej. <% ... %>).
Exception: HttpException
Message: La colección de controles no puede modificarse porque el control contiene bloques de código (por ej. <% ... %>).
Stack Trace:    en System.Web.UI.ControlCollection.Add(Control child)
   en JelaWeb.Jela.LoadScriptsAndStyles() en D:\DesarrolloWEB\JelaAzure\JelaWeb\JelaWeb\MasterPages\Jela.Master.vb:línea 342
2026-01-09 14:48:15 [INFO] Unidades.ObtenerEntidades: Se encontraron 4 entidades
2026-01-09 14:48:25 [INFO] Unidades.ObtenerEntidades: Se encontraron 4 entidades
2026-01-09 15:00:37 [INFO] Aplicación JELA iniciada correctamente
2026-01-09 15:00:37 [INFO] [Usuario: ::1] Nueva sesión iniciada - SessionID: lgpixllcdqvix3ygko3qxgj1
2026-01-09 15:00:44 [INFO] AuthService.ObtenerOpcionesMenu - UserId: 1, Query: SELECT DISTINCT o.Id, o.Nombre, o.Url, o.Icono, o.RibbonTab, o.RibbonGroup, o.OrdenTab, o.OrdenGrupo, o.OrdenOpcion FROM conf_opciones o INNER JOIN conf_rolopciones ro ON o.Id = ro.OpcionId INNER JOIN conf_usuarioroles ur ON ro.RolId = ur.RolId WHERE ur.UsuarioId = 1 AND o.Activo = 1 ORDER BY o.OrdenTab, o.OrdenGrupo, o.OrdenOpcion
2026-01-09 15:00:44 [INFO] AuthService.ObtenerOpcionesMenu - URL: https://jela-api-ctb8a6ggbpdqbxhg.mexicocentral-01.azurewebsites.net/api/CRUD?strQuery=SELECT+DISTINCT+o.Id%2c+o.Nombre%2c+o.Url%2c+o.Icono%2c+o.RibbonTab%2c+o.RibbonGroup%2c+o.OrdenTab%2c+o.OrdenGrupo%2c+o.OrdenOpcion+FROM+conf_opciones+o+INNER+JOIN+conf_rolopciones+ro+ON+o.Id+%3d+ro.OpcionId+INNER+JOIN+conf_usuarioroles+ur+ON+ro.RolId+%3d+ur.RolId+WHERE+ur.UsuarioId+%3d+1+AND+o.Activo+%3d+1+ORDER+BY+o.OrdenTab%2c+o.OrdenGrupo%2c+o.OrdenOpcion
2026-01-09 15:00:45 [INFO] AuthService.ObtenerOpcionesMenu - Datos retornados: 25
2026-01-09 15:00:45 [INFO] AuthService.ObtenerOpcionesMenu - Opciones construidas: 25
2026-01-09 15:00:45 [INFO] [Usuario: admin] Login exitoso para usuario: admin (ID: 1, Nombre: Administrador General, Entidad: 1)
2026-01-09 15:00:45 [ERROR] Error durante el proceso de login
Exception: ThreadAbortException
Message: Subproceso anulado.
Stack Trace:    en System.Threading.Thread.AbortInternal()
   en System.Threading.Thread.Abort(Object stateInfo)
   en System.Web.HttpResponse.AbortCurrentThread()
   en JelaWeb.Ingreso.btnLogin_Click(Object sender, EventArgs e) en D:\DesarrolloWEB\JelaAzure\JelaWeb\JelaWeb\Views\Auth\Ingreso.aspx.vb:línea 93
2026-01-09 15:00:48 [ERROR] Error al cargar scripts y estilos en Master Page: La colección de controles no puede modificarse porque el control contiene bloques de código (por ej. <% ... %>).
Exception: HttpException
Message: La colección de controles no puede modificarse porque el control contiene bloques de código (por ej. <% ... %>).
Stack Trace:    en System.Web.UI.ControlCollection.Add(Control child)
   en JelaWeb.Jela.LoadScriptsAndStyles() en D:\DesarrolloWEB\JelaAzure\JelaWeb\JelaWeb\MasterPages\Jela.Master.vb:línea 342
2026-01-09 15:00:56 [ERROR] [Usuario: Anónimo] Error no controlado en la aplicación
Exception: HttpParseException
Message: La propiedad 'RenderMode' no se puede establecer mediante declaración.
Stack Trace:    en System.Web.UI.TemplateParser.ParseString(String text, VirtualPath virtualPath, Encoding fileEncoding)
   en System.Web.UI.TemplateParser.ParseFile(String physicalPath, VirtualPath virtualPath)
   en System.Web.UI.TemplateParser.ParseInternal()
   en System.Web.UI.TemplateParser.Parse()
   en System.Web.Compilation.BaseTemplateBuildProvider.get_CodeCompilerType()
   en System.Web.Compilation.BuildProvider.GetCompilerTypeFromBuildProvider(BuildProvider buildProvider)
   en System.Web.Compilation.BuildProvidersCompiler.ProcessBuildProviders()
   en System.Web.Compilation.BuildProvidersCompiler.PerformBuild()
   en System.Web.Compilation.BuildManager.CompileWebFile(VirtualPath virtualPath)
   en System.Web.Compilation.BuildManager.GetVPathBuildResultInternal(VirtualPath virtualPath, Boolean noBuild, Boolean allowCrossApp, Boolean allowBuildInPrecompile, Boolean throwIfNotFound, Boolean ensureIsUpToDate)
   en System.Web.Compilation.BuildManager.GetVPathBuildResultWithNoAssert(HttpContext context, VirtualPath virtualPath, Boolean noBuild, Boolean allowCrossApp, Boolean allowBuildInPrecompile, Boolean throwIfNotFound, Boolean ensureIsUpToDate)
   en System.Web.Compilation.BuildManager.GetVirtualPathObjectFactory(VirtualPath virtualPath, HttpContext context, Boolean allowCrossApp, Boolean throwIfNotFound)
   en System.Web.Compilation.BuildManager.CreateInstanceFromVirtualPath(VirtualPath virtualPath, Type requiredBaseType, HttpContext context, Boolean allowCrossApp)
   en System.Web.UI.PageHandlerFactory.GetHandlerHelper(HttpContext context, String requestType, VirtualPath virtualPath, String physicalPath)
   en System.Web.HttpApplication.MaterializeHandlerExecutionStep.System.Web.HttpApplication.IExecutionStep.Execute()
   en System.Web.HttpApplication.ExecuteStepImpl(IExecutionStep step)
   en System.Web.HttpApplication.ExecuteStep(IExecutionStep step, Boolean& completedSynchronously)
Inner Exception: La propiedad 'RenderMode' no se puede establecer mediante declaración.
2026-01-09 15:00:56 [WARNING] [Usuario: ::1] Intento de acceso no autorizado a: /Views/Catalogos/Unidades.aspx
2026-01-09 16:28:04 [INFO] Aplicación JELA iniciada correctamente
2026-01-09 16:28:04 [INFO] [Usuario: ::1] Nueva sesión iniciada - SessionID: sl0hqq0hwf00ijn4bkkwutyi
2026-01-09 16:29:08 [INFO] AuthService.ObtenerOpcionesMenu - UserId: 1, Query: SELECT DISTINCT o.Id, o.Nombre, o.Url, o.Icono, o.RibbonTab, o.RibbonGroup, o.OrdenTab, o.OrdenGrupo, o.OrdenOpcion FROM conf_opciones o INNER JOIN conf_rolopciones ro ON o.Id = ro.OpcionId INNER JOIN conf_usuarioroles ur ON ro.RolId = ur.RolId WHERE ur.UsuarioId = 1 AND o.Activo = 1 ORDER BY o.OrdenTab, o.OrdenGrupo, o.OrdenOpcion
2026-01-09 16:29:08 [INFO] AuthService.ObtenerOpcionesMenu - URL: https://jela-api-ctb8a6ggbpdqbxhg.mexicocentral-01.azurewebsites.net/api/CRUD?strQuery=SELECT+DISTINCT+o.Id%2c+o.Nombre%2c+o.Url%2c+o.Icono%2c+o.RibbonTab%2c+o.RibbonGroup%2c+o.OrdenTab%2c+o.OrdenGrupo%2c+o.OrdenOpcion+FROM+conf_opciones+o+INNER+JOIN+conf_rolopciones+ro+ON+o.Id+%3d+ro.OpcionId+INNER+JOIN+conf_usuarioroles+ur+ON+ro.RolId+%3d+ur.RolId+WHERE+ur.UsuarioId+%3d+1+AND+o.Activo+%3d+1+ORDER+BY+o.OrdenTab%2c+o.OrdenGrupo%2c+o.OrdenOpcion
2026-01-09 16:29:08 [INFO] AuthService.ObtenerOpcionesMenu - Datos retornados: 25
2026-01-09 16:29:08 [INFO] AuthService.ObtenerOpcionesMenu - Opciones construidas: 25
2026-01-09 16:29:08 [INFO] [Usuario: admin] Login exitoso para usuario: admin (ID: 1, Nombre: Administrador General, Entidad: 1)
2026-01-09 16:29:08 [ERROR] Error durante el proceso de login
Exception: ThreadAbortException
Message: Subproceso anulado.
Stack Trace:    en System.Threading.Thread.AbortInternal()
   en System.Threading.Thread.Abort(Object stateInfo)
   en System.Web.HttpResponse.AbortCurrentThread()
   en JelaWeb.Ingreso.btnLogin_Click(Object sender, EventArgs e) en D:\DesarrolloWEB\JelaAzure\JelaWeb\JelaWeb\Views\Auth\Ingreso.aspx.vb:línea 93
2026-01-09 16:29:11 [ERROR] Error al cargar scripts y estilos en Master Page: La colección de controles no puede modificarse porque el control contiene bloques de código (por ej. <% ... %>).
Exception: HttpException
Message: La colección de controles no puede modificarse porque el control contiene bloques de código (por ej. <% ... %>).
Stack Trace:    en System.Web.UI.ControlCollection.Add(Control child)
   en JelaWeb.Jela.LoadScriptsAndStyles() en D:\DesarrolloWEB\JelaAzure\JelaWeb\JelaWeb\MasterPages\Jela.Master.vb:línea 342
2026-01-09 16:29:19 [INFO] Unidades.CargarCombos: DataTable obtenido. Es Nothing: False, Rows.Count: 4
2026-01-09 16:29:19 [INFO] Unidades.CargarCombos: 4 entidades cargadas en combo
2026-01-09 16:29:19 [ERROR] Error en ObtenerDatos: Error al consumir la API: Error al ejecutar la consulta: Unknown column 'c.Activo' in 'on clause' (HTTP 500)
Exception: Exception
Message: Error al consumir la API: Error al ejecutar la consulta: Unknown column 'c.Activo' in 'on clause' (HTTP 500)
Stack Trace:    en JelaWeb.ApiConsumer.ObtenerDatos(String url) en D:\DesarrolloWEB\JelaAzure\JelaWeb\JelaWeb\Services\API\ApiConsumer.vb:línea 69
2026-01-09 16:29:19 [INFO] Unidades.CargarDatos: 0 unidades cargadas
2026-01-09 16:29:19 [ERROR] Error al cargar scripts y estilos en Master Page: La colección de controles no puede modificarse porque el control contiene bloques de código (por ej. <% ... %>).
Exception: HttpException
Message: La colección de controles no puede modificarse porque el control contiene bloques de código (por ej. <% ... %>).
Stack Trace:    en System.Web.UI.ControlCollection.Add(Control child)
   en JelaWeb.Jela.LoadScriptsAndStyles() en D:\DesarrolloWEB\JelaAzure\JelaWeb\JelaWeb\MasterPages\Jela.Master.vb:línea 342
2026-01-09 16:29:23 [INFO] Unidades.ObtenerEntidades: Se encontraron 4 entidades
2026-01-09 16:32:52 [INFO] Aplicación JELA iniciada correctamente
2026-01-09 16:32:53 [INFO] [Usuario: ::1] Nueva sesión iniciada - SessionID: bfwiws4byootckqv1vsht3jc
2026-01-09 16:32:59 [INFO] AuthService.ObtenerOpcionesMenu - UserId: 1, Query: SELECT DISTINCT o.Id, o.Nombre, o.Url, o.Icono, o.RibbonTab, o.RibbonGroup, o.OrdenTab, o.OrdenGrupo, o.OrdenOpcion FROM conf_opciones o INNER JOIN conf_rolopciones ro ON o.Id = ro.OpcionId INNER JOIN conf_usuarioroles ur ON ro.RolId = ur.RolId WHERE ur.UsuarioId = 1 AND o.Activo = 1 ORDER BY o.OrdenTab, o.OrdenGrupo, o.OrdenOpcion
2026-01-09 16:32:59 [INFO] AuthService.ObtenerOpcionesMenu - URL: https://jela-api-ctb8a6ggbpdqbxhg.mexicocentral-01.azurewebsites.net/api/CRUD?strQuery=SELECT+DISTINCT+o.Id%2c+o.Nombre%2c+o.Url%2c+o.Icono%2c+o.RibbonTab%2c+o.RibbonGroup%2c+o.OrdenTab%2c+o.OrdenGrupo%2c+o.OrdenOpcion+FROM+conf_opciones+o+INNER+JOIN+conf_rolopciones+ro+ON+o.Id+%3d+ro.OpcionId+INNER+JOIN+conf_usuarioroles+ur+ON+ro.RolId+%3d+ur.RolId+WHERE+ur.UsuarioId+%3d+1+AND+o.Activo+%3d+1+ORDER+BY+o.OrdenTab%2c+o.OrdenGrupo%2c+o.OrdenOpcion
2026-01-09 16:32:59 [INFO] AuthService.ObtenerOpcionesMenu - Datos retornados: 25
2026-01-09 16:32:59 [INFO] AuthService.ObtenerOpcionesMenu - Opciones construidas: 25
2026-01-09 16:32:59 [INFO] [Usuario: admin] Login exitoso para usuario: admin (ID: 1, Nombre: Administrador General, Entidad: 1)
2026-01-09 16:32:59 [ERROR] Error durante el proceso de login
Exception: ThreadAbortException
Message: Subproceso anulado.
Stack Trace:    en System.Threading.Thread.AbortInternal()
   en System.Threading.Thread.Abort(Object stateInfo)
   en System.Web.HttpResponse.AbortCurrentThread()
   en JelaWeb.Ingreso.btnLogin_Click(Object sender, EventArgs e) en D:\DesarrolloWEB\JelaAzure\JelaWeb\JelaWeb\Views\Auth\Ingreso.aspx.vb:línea 93
2026-01-09 16:33:02 [ERROR] Error al cargar scripts y estilos en Master Page: La colección de controles no puede modificarse porque el control contiene bloques de código (por ej. <% ... %>).
Exception: HttpException
Message: La colección de controles no puede modificarse porque el control contiene bloques de código (por ej. <% ... %>).
Stack Trace:    en System.Web.UI.ControlCollection.Add(Control child)
   en JelaWeb.Jela.LoadScriptsAndStyles() en D:\DesarrolloWEB\JelaAzure\JelaWeb\JelaWeb\MasterPages\Jela.Master.vb:línea 342
2026-01-09 16:33:11 [INFO] Unidades.CargarCombos: DataTable obtenido. Es Nothing: False, Rows.Count: 4
2026-01-09 16:33:11 [INFO] Unidades.CargarCombos: 4 entidades cargadas en combo
2026-01-09 16:33:11 [ERROR] Error en ObtenerDatos: Error al consumir la API: Error al ejecutar la consulta: Unknown column 'c.Activo' in 'on clause' (HTTP 500)
Exception: Exception
Message: Error al consumir la API: Error al ejecutar la consulta: Unknown column 'c.Activo' in 'on clause' (HTTP 500)
Stack Trace:    en JelaWeb.ApiConsumer.ObtenerDatos(String url) en D:\DesarrolloWEB\JelaAzure\JelaWeb\JelaWeb\Services\API\ApiConsumer.vb:línea 69
2026-01-09 16:33:12 [INFO] Unidades.CargarDatos: 0 unidades cargadas
2026-01-09 16:33:12 [ERROR] Error al cargar scripts y estilos en Master Page: La colección de controles no puede modificarse porque el control contiene bloques de código (por ej. <% ... %>).
Exception: HttpException
Message: La colección de controles no puede modificarse porque el control contiene bloques de código (por ej. <% ... %>).
Stack Trace:    en System.Web.UI.ControlCollection.Add(Control child)
   en JelaWeb.Jela.LoadScriptsAndStyles() en D:\DesarrolloWEB\JelaAzure\JelaWeb\JelaWeb\MasterPages\Jela.Master.vb:línea 342
2026-01-09 16:33:16 [INFO] Unidades.ObtenerEntidades: Se encontraron 4 entidades
2026-01-09 16:34:44 [INFO] Aplicación JELA iniciada correctamente
2026-01-09 16:34:45 [INFO] [Usuario: ::1] Nueva sesión iniciada - SessionID: ra05dew4zrq4djz5kgaguohw
2026-01-09 16:34:52 [INFO] AuthService.ObtenerOpcionesMenu - UserId: 1, Query: SELECT DISTINCT o.Id, o.Nombre, o.Url, o.Icono, o.RibbonTab, o.RibbonGroup, o.OrdenTab, o.OrdenGrupo, o.OrdenOpcion FROM conf_opciones o INNER JOIN conf_rolopciones ro ON o.Id = ro.OpcionId INNER JOIN conf_usuarioroles ur ON ro.RolId = ur.RolId WHERE ur.UsuarioId = 1 AND o.Activo = 1 ORDER BY o.OrdenTab, o.OrdenGrupo, o.OrdenOpcion
2026-01-09 16:34:52 [INFO] AuthService.ObtenerOpcionesMenu - URL: https://jela-api-ctb8a6ggbpdqbxhg.mexicocentral-01.azurewebsites.net/api/CRUD?strQuery=SELECT+DISTINCT+o.Id%2c+o.Nombre%2c+o.Url%2c+o.Icono%2c+o.RibbonTab%2c+o.RibbonGroup%2c+o.OrdenTab%2c+o.OrdenGrupo%2c+o.OrdenOpcion+FROM+conf_opciones+o+INNER+JOIN+conf_rolopciones+ro+ON+o.Id+%3d+ro.OpcionId+INNER+JOIN+conf_usuarioroles+ur+ON+ro.RolId+%3d+ur.RolId+WHERE+ur.UsuarioId+%3d+1+AND+o.Activo+%3d+1+ORDER+BY+o.OrdenTab%2c+o.OrdenGrupo%2c+o.OrdenOpcion
2026-01-09 16:34:52 [INFO] AuthService.ObtenerOpcionesMenu - Datos retornados: 25
2026-01-09 16:34:52 [INFO] AuthService.ObtenerOpcionesMenu - Opciones construidas: 25
2026-01-09 16:34:52 [INFO] [Usuario: admin] Login exitoso para usuario: admin (ID: 1, Nombre: Administrador General, Entidad: 1)
2026-01-09 16:34:52 [ERROR] Error durante el proceso de login
Exception: ThreadAbortException
Message: Subproceso anulado.
Stack Trace:    en System.Threading.Thread.AbortInternal()
   en System.Threading.Thread.Abort(Object stateInfo)
   en System.Web.HttpResponse.AbortCurrentThread()
   en JelaWeb.Ingreso.btnLogin_Click(Object sender, EventArgs e) en D:\DesarrolloWEB\JelaAzure\JelaWeb\JelaWeb\Views\Auth\Ingreso.aspx.vb:línea 93
2026-01-09 16:34:55 [ERROR] Error al cargar scripts y estilos en Master Page: La colección de controles no puede modificarse porque el control contiene bloques de código (por ej. <% ... %>).
Exception: HttpException
Message: La colección de controles no puede modificarse porque el control contiene bloques de código (por ej. <% ... %>).
Stack Trace:    en System.Web.UI.ControlCollection.Add(Control child)
   en JelaWeb.Jela.LoadScriptsAndStyles() en D:\DesarrolloWEB\JelaAzure\JelaWeb\JelaWeb\MasterPages\Jela.Master.vb:línea 342
2026-01-09 16:35:04 [INFO] Unidades.CargarCombos: DataTable obtenido. Es Nothing: False, Rows.Count: 4
2026-01-09 16:35:04 [INFO] Unidades.CargarCombos: 4 entidades cargadas en combo
2026-01-09 16:35:04 [ERROR] Error en ObtenerDatos: Error al consumir la API: Error al ejecutar la consulta: Unknown column 'c.Activo' in 'on clause' (HTTP 500)
Exception: Exception
Message: Error al consumir la API: Error al ejecutar la consulta: Unknown column 'c.Activo' in 'on clause' (HTTP 500)
Stack Trace:    en JelaWeb.ApiConsumer.ObtenerDatos(String url) en D:\DesarrolloWEB\JelaAzure\JelaWeb\JelaWeb\Services\API\ApiConsumer.vb:línea 69
2026-01-09 16:35:05 [INFO] Unidades.CargarDatos: 0 unidades cargadas
2026-01-09 16:35:05 [ERROR] Error al cargar scripts y estilos en Master Page: La colección de controles no puede modificarse porque el control contiene bloques de código (por ej. <% ... %>).
Exception: HttpException
Message: La colección de controles no puede modificarse porque el control contiene bloques de código (por ej. <% ... %>).
Stack Trace:    en System.Web.UI.ControlCollection.Add(Control child)
   en JelaWeb.Jela.LoadScriptsAndStyles() en D:\DesarrolloWEB\JelaAzure\JelaWeb\JelaWeb\MasterPages\Jela.Master.vb:línea 342
2026-01-09 16:35:21 [INFO] Unidades.ObtenerEntidades: Se encontraron 4 entidades
2026-01-09 16:35:58 [INFO] Aplicación JELA iniciada correctamente
2026-01-09 16:35:58 [INFO] [Usuario: ::1] Nueva sesión iniciada - SessionID: h5rzvojkszgxqqbakfe3ewlb
2026-01-09 16:36:04 [INFO] AuthService.ObtenerOpcionesMenu - UserId: 1, Query: SELECT DISTINCT o.Id, o.Nombre, o.Url, o.Icono, o.RibbonTab, o.RibbonGroup, o.OrdenTab, o.OrdenGrupo, o.OrdenOpcion FROM conf_opciones o INNER JOIN conf_rolopciones ro ON o.Id = ro.OpcionId INNER JOIN conf_usuarioroles ur ON ro.RolId = ur.RolId WHERE ur.UsuarioId = 1 AND o.Activo = 1 ORDER BY o.OrdenTab, o.OrdenGrupo, o.OrdenOpcion
2026-01-09 16:36:04 [INFO] AuthService.ObtenerOpcionesMenu - URL: https://jela-api-ctb8a6ggbpdqbxhg.mexicocentral-01.azurewebsites.net/api/CRUD?strQuery=SELECT+DISTINCT+o.Id%2c+o.Nombre%2c+o.Url%2c+o.Icono%2c+o.RibbonTab%2c+o.RibbonGroup%2c+o.OrdenTab%2c+o.OrdenGrupo%2c+o.OrdenOpcion+FROM+conf_opciones+o+INNER+JOIN+conf_rolopciones+ro+ON+o.Id+%3d+ro.OpcionId+INNER+JOIN+conf_usuarioroles+ur+ON+ro.RolId+%3d+ur.RolId+WHERE+ur.UsuarioId+%3d+1+AND+o.Activo+%3d+1+ORDER+BY+o.OrdenTab%2c+o.OrdenGrupo%2c+o.OrdenOpcion
2026-01-09 16:36:04 [INFO] AuthService.ObtenerOpcionesMenu - Datos retornados: 25
2026-01-09 16:36:04 [INFO] AuthService.ObtenerOpcionesMenu - Opciones construidas: 25
2026-01-09 16:36:04 [INFO] [Usuario: admin] Login exitoso para usuario: admin (ID: 1, Nombre: Administrador General, Entidad: 1)
2026-01-09 16:36:04 [ERROR] Error durante el proceso de login
Exception: ThreadAbortException
Message: Subproceso anulado.
Stack Trace:    en System.Threading.Thread.AbortInternal()
   en System.Threading.Thread.Abort(Object stateInfo)
   en System.Web.HttpResponse.AbortCurrentThread()
   en JelaWeb.Ingreso.btnLogin_Click(Object sender, EventArgs e) en D:\DesarrolloWEB\JelaAzure\JelaWeb\JelaWeb\Views\Auth\Ingreso.aspx.vb:línea 93
2026-01-09 16:36:06 [ERROR] Error al cargar scripts y estilos en Master Page: La colección de controles no puede modificarse porque el control contiene bloques de código (por ej. <% ... %>).
Exception: HttpException
Message: La colección de controles no puede modificarse porque el control contiene bloques de código (por ej. <% ... %>).
Stack Trace:    en System.Web.UI.ControlCollection.Add(Control child)
   en JelaWeb.Jela.LoadScriptsAndStyles() en D:\DesarrolloWEB\JelaAzure\JelaWeb\JelaWeb\MasterPages\Jela.Master.vb:línea 342
2026-01-09 16:36:12 [INFO] Unidades.CargarCombos: DataTable obtenido. Es Nothing: False, Rows.Count: 4
2026-01-09 16:36:12 [INFO] Unidades.CargarCombos: 4 entidades cargadas en combo
2026-01-09 16:36:12 [ERROR] Error en ObtenerDatos: Error al consumir la API: Error al ejecutar la consulta: Unknown column 'c.Activo' in 'on clause' (HTTP 500)
Exception: Exception
Message: Error al consumir la API: Error al ejecutar la consulta: Unknown column 'c.Activo' in 'on clause' (HTTP 500)
Stack Trace:    en JelaWeb.ApiConsumer.ObtenerDatos(String url) en D:\DesarrolloWEB\JelaAzure\JelaWeb\JelaWeb\Services\API\ApiConsumer.vb:línea 69
2026-01-09 16:36:12 [INFO] Unidades.CargarDatos: 0 unidades cargadas
2026-01-09 16:36:12 [ERROR] Error al cargar scripts y estilos en Master Page: La colección de controles no puede modificarse porque el control contiene bloques de código (por ej. <% ... %>).
Exception: HttpException
Message: La colección de controles no puede modificarse porque el control contiene bloques de código (por ej. <% ... %>).
Stack Trace:    en System.Web.UI.ControlCollection.Add(Control child)
   en JelaWeb.Jela.LoadScriptsAndStyles() en D:\DesarrolloWEB\JelaAzure\JelaWeb\JelaWeb\MasterPages\Jela.Master.vb:línea 342
2026-01-09 16:36:15 [INFO] Unidades.ObtenerEntidades: Se encontraron 4 entidades
2026-01-09 16:36:31 [INFO] Unidades.CargarCombos: DataTable obtenido. Es Nothing: False, Rows.Count: 4
2026-01-09 16:36:31 [INFO] Unidades.CargarCombos: 4 entidades cargadas en combo
2026-01-09 16:36:31 [ERROR] Error en ObtenerDatos: Error al consumir la API: Error al ejecutar la consulta: Unknown column 'c.Activo' in 'on clause' (HTTP 500)
Exception: Exception
Message: Error al consumir la API: Error al ejecutar la consulta: Unknown column 'c.Activo' in 'on clause' (HTTP 500)
Stack Trace:    en JelaWeb.ApiConsumer.ObtenerDatos(String url) en D:\DesarrolloWEB\JelaAzure\JelaWeb\JelaWeb\Services\API\ApiConsumer.vb:línea 69
2026-01-09 16:36:31 [INFO] Unidades.CargarDatos: 0 unidades cargadas
2026-01-09 16:36:31 [ERROR] Error al cargar scripts y estilos en Master Page: La colección de controles no puede modificarse porque el control contiene bloques de código (por ej. <% ... %>).
Exception: HttpException
Message: La colección de controles no puede modificarse porque el control contiene bloques de código (por ej. <% ... %>).
Stack Trace:    en System.Web.UI.ControlCollection.Add(Control child)
   en JelaWeb.Jela.LoadScriptsAndStyles() en D:\DesarrolloWEB\JelaAzure\JelaWeb\JelaWeb\MasterPages\Jela.Master.vb:línea 342
2026-01-09 16:36:34 [INFO] Unidades.ObtenerEntidades: Se encontraron 4 entidades
2026-01-09 16:36:42 [ERROR] [Usuario: Anónimo] Error no controlado en la aplicación
Exception: HttpParseException
Message: No se puede crear el tipo 'JelaWeb.DocumentIntelligenceHandler'.
Stack Trace:    en System.Web.UI.SimpleWebHandlerParser.GetType(String typeName)
   en System.Web.UI.SimpleWebHandlerParser.GetTypeToCache(Assembly builtAssembly)
   en System.Web.Compilation.SimpleHandlerBuildProvider.GetGeneratedType(CompilerResults results)
   en System.Web.Compilation.BuildProvider.CreateBuildResult(CompilerResults results)
   en System.Web.Compilation.BuildProvider.GetBuildResult(CompilerResults results)
   en System.Web.Compilation.BuildManager.CompileWebFile(VirtualPath virtualPath)
   en System.Web.Compilation.BuildManager.GetVPathBuildResultInternal(VirtualPath virtualPath, Boolean noBuild, Boolean allowCrossApp, Boolean allowBuildInPrecompile, Boolean throwIfNotFound, Boolean ensureIsUpToDate)
   en System.Web.Compilation.BuildManager.GetVPathBuildResultWithNoAssert(HttpContext context, VirtualPath virtualPath, Boolean noBuild, Boolean allowCrossApp, Boolean allowBuildInPrecompile, Boolean throwIfNotFound, Boolean ensureIsUpToDate)
   en System.Web.Compilation.BuildManager.GetVPathBuildResult(HttpContext context, VirtualPath virtualPath, Boolean noBuild, Boolean allowCrossApp, Boolean allowBuildInPrecompile, Boolean ensureIsUpToDate)
   en System.Web.UI.SimpleHandlerFactory.System.Web.IHttpHandlerFactory2.GetHandler(HttpContext context, String requestType, VirtualPath virtualPath, String physicalPath)
   en System.Web.HttpApplication.MaterializeHandlerExecutionStep.System.Web.HttpApplication.IExecutionStep.Execute()
   en System.Web.HttpApplication.ExecuteStepImpl(IExecutionStep step)
   en System.Web.HttpApplication.ExecuteStep(IExecutionStep step, Boolean& completedSynchronously)
2026-01-09 16:39:25 [INFO] Aplicación JELA iniciada correctamente
2026-01-09 16:39:25 [INFO] [Usuario: ::1] Nueva sesión iniciada - SessionID: ftczoro1cthdtk5v3qdtvrn3
2026-01-09 16:39:31 [INFO] AuthService.ObtenerOpcionesMenu - UserId: 1, Query: SELECT DISTINCT o.Id, o.Nombre, o.Url, o.Icono, o.RibbonTab, o.RibbonGroup, o.OrdenTab, o.OrdenGrupo, o.OrdenOpcion FROM conf_opciones o INNER JOIN conf_rolopciones ro ON o.Id = ro.OpcionId INNER JOIN conf_usuarioroles ur ON ro.RolId = ur.RolId WHERE ur.UsuarioId = 1 AND o.Activo = 1 ORDER BY o.OrdenTab, o.OrdenGrupo, o.OrdenOpcion
2026-01-09 16:39:31 [INFO] AuthService.ObtenerOpcionesMenu - URL: https://jela-api-ctb8a6ggbpdqbxhg.mexicocentral-01.azurewebsites.net/api/CRUD?strQuery=SELECT+DISTINCT+o.Id%2c+o.Nombre%2c+o.Url%2c+o.Icono%2c+o.RibbonTab%2c+o.RibbonGroup%2c+o.OrdenTab%2c+o.OrdenGrupo%2c+o.OrdenOpcion+FROM+conf_opciones+o+INNER+JOIN+conf_rolopciones+ro+ON+o.Id+%3d+ro.OpcionId+INNER+JOIN+conf_usuarioroles+ur+ON+ro.RolId+%3d+ur.RolId+WHERE+ur.UsuarioId+%3d+1+AND+o.Activo+%3d+1+ORDER+BY+o.OrdenTab%2c+o.OrdenGrupo%2c+o.OrdenOpcion
2026-01-09 16:39:31 [INFO] AuthService.ObtenerOpcionesMenu - Datos retornados: 25
2026-01-09 16:39:31 [INFO] AuthService.ObtenerOpcionesMenu - Opciones construidas: 25
2026-01-09 16:39:31 [INFO] [Usuario: admin] Login exitoso para usuario: admin (ID: 1, Nombre: Administrador General, Entidad: 1)
2026-01-09 16:39:31 [ERROR] Error durante el proceso de login
Exception: ThreadAbortException
Message: Subproceso anulado.
Stack Trace:    en System.Threading.Thread.AbortInternal()
   en System.Threading.Thread.Abort(Object stateInfo)
   en System.Web.HttpResponse.AbortCurrentThread()
   en JelaWeb.Ingreso.btnLogin_Click(Object sender, EventArgs e) en D:\DesarrolloWEB\JelaAzure\JelaWeb\JelaWeb\Views\Auth\Ingreso.aspx.vb:línea 93
2026-01-09 16:39:32 [ERROR] Error al cargar scripts y estilos en Master Page: La colección de controles no puede modificarse porque el control contiene bloques de código (por ej. <% ... %>).
Exception: HttpException
Message: La colección de controles no puede modificarse porque el control contiene bloques de código (por ej. <% ... %>).
Stack Trace:    en System.Web.UI.ControlCollection.Add(Control child)
   en JelaWeb.Jela.LoadScriptsAndStyles() en D:\DesarrolloWEB\JelaAzure\JelaWeb\JelaWeb\MasterPages\Jela.Master.vb:línea 342
2026-01-09 16:40:15 [INFO] Unidades.CargarCombos: DataTable obtenido. Es Nothing: False, Rows.Count: 4
2026-01-09 16:40:15 [INFO] Unidades.CargarCombos: 4 entidades cargadas en combo
2026-01-09 16:40:15 [ERROR] Error en ObtenerDatos: Error al consumir la API: Error al ejecutar la consulta: Unknown column 'c.Activo' in 'on clause' (HTTP 500)
Exception: Exception
Message: Error al consumir la API: Error al ejecutar la consulta: Unknown column 'c.Activo' in 'on clause' (HTTP 500)
Stack Trace:    en JelaWeb.ApiConsumer.ObtenerDatos(String url) en D:\DesarrolloWEB\JelaAzure\JelaWeb\JelaWeb\Services\API\ApiConsumer.vb:línea 69
2026-01-09 16:40:16 [INFO] Unidades.CargarDatos: 0 unidades cargadas
2026-01-09 16:40:16 [ERROR] Error al cargar scripts y estilos en Master Page: La colección de controles no puede modificarse porque el control contiene bloques de código (por ej. <% ... %>).
Exception: HttpException
Message: La colección de controles no puede modificarse porque el control contiene bloques de código (por ej. <% ... %>).
Stack Trace:    en System.Web.UI.ControlCollection.Add(Control child)
   en JelaWeb.Jela.LoadScriptsAndStyles() en D:\DesarrolloWEB\JelaAzure\JelaWeb\JelaWeb\MasterPages\Jela.Master.vb:línea 342
2026-01-09 16:40:19 [INFO] Unidades.CargarCombos: DataTable obtenido. Es Nothing: False, Rows.Count: 4
2026-01-09 16:40:19 [INFO] Unidades.CargarCombos: 4 entidades cargadas en combo
2026-01-09 16:40:19 [ERROR] Error en ObtenerDatos: Error al consumir la API: Error al ejecutar la consulta: Unknown column 'c.Activo' in 'on clause' (HTTP 500)
Exception: Exception
Message: Error al consumir la API: Error al ejecutar la consulta: Unknown column 'c.Activo' in 'on clause' (HTTP 500)
Stack Trace:    en JelaWeb.ApiConsumer.ObtenerDatos(String url) en D:\DesarrolloWEB\JelaAzure\JelaWeb\JelaWeb\Services\API\ApiConsumer.vb:línea 69
2026-01-09 16:40:19 [INFO] Unidades.CargarDatos: 0 unidades cargadas
2026-01-09 16:40:19 [ERROR] Error al cargar scripts y estilos en Master Page: La colección de controles no puede modificarse porque el control contiene bloques de código (por ej. <% ... %>).
Exception: HttpException
Message: La colección de controles no puede modificarse porque el control contiene bloques de código (por ej. <% ... %>).
Stack Trace:    en System.Web.UI.ControlCollection.Add(Control child)
   en JelaWeb.Jela.LoadScriptsAndStyles() en D:\DesarrolloWEB\JelaAzure\JelaWeb\JelaWeb\MasterPages\Jela.Master.vb:línea 342
2026-01-09 16:40:21 [INFO] Unidades.ObtenerEntidades: Se encontraron 4 entidades
2026-01-09 16:40:33 [ERROR] [Usuario: Anónimo] Error no controlado en la aplicación
Exception: HttpParseException
Message: No se puede crear el tipo 'JelaWeb.DocumentIntelligenceHandler'.
Stack Trace:    en System.Web.UI.SimpleWebHandlerParser.GetType(String typeName)
   en System.Web.UI.SimpleWebHandlerParser.GetTypeToCache(Assembly builtAssembly)
   en System.Web.Compilation.SimpleHandlerBuildProvider.GetGeneratedType(CompilerResults results)
   en System.Web.Compilation.BuildProvider.CreateBuildResult(CompilerResults results)
   en System.Web.Compilation.BuildProvider.GetBuildResult(CompilerResults results)
   en System.Web.Compilation.BuildManager.CompileWebFile(VirtualPath virtualPath)
   en System.Web.Compilation.BuildManager.GetVPathBuildResultInternal(VirtualPath virtualPath, Boolean noBuild, Boolean allowCrossApp, Boolean allowBuildInPrecompile, Boolean throwIfNotFound, Boolean ensureIsUpToDate)
   en System.Web.Compilation.BuildManager.GetVPathBuildResultWithNoAssert(HttpContext context, VirtualPath virtualPath, Boolean noBuild, Boolean allowCrossApp, Boolean allowBuildInPrecompile, Boolean throwIfNotFound, Boolean ensureIsUpToDate)
   en System.Web.Compilation.BuildManager.GetVPathBuildResult(HttpContext context, VirtualPath virtualPath, Boolean noBuild, Boolean allowCrossApp, Boolean allowBuildInPrecompile, Boolean ensureIsUpToDate)
   en System.Web.UI.SimpleHandlerFactory.System.Web.IHttpHandlerFactory2.GetHandler(HttpContext context, String requestType, VirtualPath virtualPath, String physicalPath)
   en System.Web.HttpApplication.MaterializeHandlerExecutionStep.System.Web.HttpApplication.IExecutionStep.Execute()
   en System.Web.HttpApplication.ExecuteStepImpl(IExecutionStep step)
   en System.Web.HttpApplication.ExecuteStep(IExecutionStep step, Boolean& completedSynchronously)
2026-01-09 16:53:30 [ERROR] Error al cargar scripts y estilos en Master Page: La colección de controles no puede modificarse porque el control contiene bloques de código (por ej. <% ... %>).
Exception: HttpException
Message: La colección de controles no puede modificarse porque el control contiene bloques de código (por ej. <% ... %>).
Stack Trace:    en System.Web.UI.ControlCollection.Add(Control child)
   en JelaWeb.Jela.LoadScriptsAndStyles() en D:\DesarrolloWEB\JelaAzure\JelaWeb\JelaWeb\MasterPages\Jela.Master.vb:línea 342
2026-01-09 16:53:32 [INFO] Unidades.CargarCombos: DataTable obtenido. Es Nothing: False, Rows.Count: 4
2026-01-09 16:53:32 [INFO] Unidades.CargarCombos: 4 entidades cargadas en combo
2026-01-09 16:53:32 [ERROR] Error en ObtenerDatos: Error al consumir la API: Error al ejecutar la consulta: Unknown column 'c.Activo' in 'on clause' (HTTP 500)
Exception: Exception
Message: Error al consumir la API: Error al ejecutar la consulta: Unknown column 'c.Activo' in 'on clause' (HTTP 500)
Stack Trace:    en JelaWeb.ApiConsumer.ObtenerDatos(String url) en D:\DesarrolloWEB\JelaAzure\JelaWeb\JelaWeb\Services\API\ApiConsumer.vb:línea 69
2026-01-09 16:53:32 [INFO] Unidades.CargarDatos: 0 unidades cargadas
2026-01-09 16:53:32 [ERROR] Error al cargar scripts y estilos en Master Page: La colección de controles no puede modificarse porque el control contiene bloques de código (por ej. <% ... %>).
Exception: HttpException
Message: La colección de controles no puede modificarse porque el control contiene bloques de código (por ej. <% ... %>).
Stack Trace:    en System.Web.UI.ControlCollection.Add(Control child)
   en JelaWeb.Jela.LoadScriptsAndStyles() en D:\DesarrolloWEB\JelaAzure\JelaWeb\JelaWeb\MasterPages\Jela.Master.vb:línea 342
2026-01-09 16:55:02 [INFO] Unidades.ObtenerEntidades: Se encontraron 4 entidades
2026-01-09 16:55:34 [ERROR] [Usuario: Anónimo] Error no controlado en la aplicación
Exception: HttpParseException
Message: No se puede crear el tipo 'JelaWeb.DocumentIntelligenceHandler'.
Stack Trace:    en System.Web.UI.SimpleWebHandlerParser.GetType(String typeName)
   en System.Web.UI.SimpleWebHandlerParser.GetTypeToCache(Assembly builtAssembly)
   en System.Web.Compilation.SimpleHandlerBuildProvider.GetGeneratedType(CompilerResults results)
   en System.Web.Compilation.BuildProvider.CreateBuildResult(CompilerResults results)
   en System.Web.Compilation.BuildProvider.GetBuildResult(CompilerResults results)
   en System.Web.Compilation.BuildManager.CompileWebFile(VirtualPath virtualPath)
   en System.Web.Compilation.BuildManager.GetVPathBuildResultInternal(VirtualPath virtualPath, Boolean noBuild, Boolean allowCrossApp, Boolean allowBuildInPrecompile, Boolean throwIfNotFound, Boolean ensureIsUpToDate)
   en System.Web.Compilation.BuildManager.GetVPathBuildResultWithNoAssert(HttpContext context, VirtualPath virtualPath, Boolean noBuild, Boolean allowCrossApp, Boolean allowBuildInPrecompile, Boolean throwIfNotFound, Boolean ensureIsUpToDate)
   en System.Web.Compilation.BuildManager.GetVPathBuildResult(HttpContext context, VirtualPath virtualPath, Boolean noBuild, Boolean allowCrossApp, Boolean allowBuildInPrecompile, Boolean ensureIsUpToDate)
   en System.Web.UI.SimpleHandlerFactory.System.Web.IHttpHandlerFactory2.GetHandler(HttpContext context, String requestType, VirtualPath virtualPath, String physicalPath)
   en System.Web.HttpApplication.MaterializeHandlerExecutionStep.System.Web.HttpApplication.IExecutionStep.Execute()
   en System.Web.HttpApplication.ExecuteStepImpl(IExecutionStep step)
   en System.Web.HttpApplication.ExecuteStep(IExecutionStep step, Boolean& completedSynchronously)
