2026-01-19 13:54:33 [INFO] Aplicación JELA iniciada correctamente
2026-01-19 13:54:33 [INFO] [Usuario: ::1] Nueva sesión iniciada - SessionID: xwv12cyfs0cwq25k3rrynhmw
2026-01-19 13:54:39 [INFO] AuthService.ObtenerOpcionesMenu - UserId: 1, Query: SELECT DISTINCT o.Id, o.Nombre, o.Url, o.Icono, o.RibbonTab, o.RibbonGroup, o.OrdenTab, o.OrdenGrupo, o.OrdenOpcion FROM conf_opciones o INNER JOIN conf_rolopciones ro ON o.Id = ro.OpcionId INNER JOIN conf_usuarioroles ur ON ro.RolId = ur.RolId WHERE ur.UsuarioId = 1 AND o.Activo = 1 ORDER BY o.OrdenTab, o.OrdenGrupo, o.OrdenOpcion
2026-01-19 13:54:39 [INFO] AuthService.ObtenerOpcionesMenu - URL: https://jela-api-ctb8a6ggbpdqbxhg.mexicocentral-01.azurewebsites.net/api/CRUD?strQuery=SELECT+DISTINCT+o.Id%2c+o.Nombre%2c+o.Url%2c+o.Icono%2c+o.RibbonTab%2c+o.RibbonGroup%2c+o.OrdenTab%2c+o.OrdenGrupo%2c+o.OrdenOpcion+FROM+conf_opciones+o+INNER+JOIN+conf_rolopciones+ro+ON+o.Id+%3d+ro.OpcionId+INNER+JOIN+conf_usuarioroles+ur+ON+ro.RolId+%3d+ur.RolId+WHERE+ur.UsuarioId+%3d+1+AND+o.Activo+%3d+1+ORDER+BY+o.OrdenTab%2c+o.OrdenGrupo%2c+o.OrdenOpcion
2026-01-19 13:54:39 [INFO] AuthService.ObtenerOpcionesMenu - Datos retornados: 25
2026-01-19 13:54:39 [INFO] AuthService.ObtenerOpcionesMenu - Opciones construidas: 25
2026-01-19 13:54:39 [INFO] [Usuario: admin] Login exitoso para usuario: admin (ID: 1, Nombre: Administrador General, Entidad: 1)
2026-01-19 13:54:39 [ERROR] Error durante el proceso de login
Exception: ThreadAbortException
Message: Subproceso anulado.
Stack Trace:    en System.Threading.Thread.AbortInternal()
   en System.Threading.Thread.Abort(Object stateInfo)
   en System.Web.HttpResponse.AbortCurrentThread()
   en JelaWeb.Ingreso.btnLogin_Click(Object sender, EventArgs e) en D:\DesarrolloWEB\JelaAzure\JelaWeb\JelaWeb\Views\Auth\Ingreso.aspx.vb:línea 96
2026-01-19 13:54:42 [ERROR] Error al cargar scripts y estilos en Master Page: La colección de controles no puede modificarse porque el control contiene bloques de código (por ej. <% ... %>).
Exception: HttpException
Message: La colección de controles no puede modificarse porque el control contiene bloques de código (por ej. <% ... %>).
Stack Trace:    en System.Web.UI.ControlCollection.Add(Control child)
   en JelaWeb.Jela.LoadScriptsAndStyles() en D:\DesarrolloWEB\JelaAzure\JelaWeb\JelaWeb\MasterPages\Jela.Master.vb:línea 388
2026-01-19 13:54:44 [ERROR] Error al cargar scripts y estilos en Master Page: La colección de controles no puede modificarse porque el control contiene bloques de código (por ej. <% ... %>).
Exception: HttpException
Message: La colección de controles no puede modificarse porque el control contiene bloques de código (por ej. <% ... %>).
Stack Trace:    en System.Web.UI.ControlCollection.Add(Control child)
   en JelaWeb.Jela.LoadScriptsAndStyles() en D:\DesarrolloWEB\JelaAzure\JelaWeb\JelaWeb\MasterPages\Jela.Master.vb:línea 388
2026-01-19 13:54:44 [WARNING] Email no encontrado para usuario 1, usando email por defecto
2026-01-19 13:54:44 [WARNING] Email no encontrado para usuario 1, usando email por defecto
2026-01-19 16:04:26 [INFO] Aplicación JELA iniciada correctamente
