2026-01-06 18:07:52 [INFO] Aplicación JELA iniciada correctamente
2026-01-06 18:07:52 [INFO] [Usuario: ::1] Nueva sesión iniciada - SessionID: kssdtvlznngmtl4jartdrayc
2026-01-06 19:21:12 [INFO] Aplicación JELA iniciada correctamente
2026-01-06 19:21:13 [INFO] [Usuario: ::1] Nueva sesión iniciada - SessionID: aodz3nifeovj5zyyv5xawczq
2026-01-06 19:21:20 [INFO] AuthService.ObtenerOpcionesMenu - UserId: 1, Query: SELECT DISTINCT o.Id, o.Nombre, o.Url, o.Icono, o.RibbonTab, o.RibbonGroup, o.OrdenTab, o.OrdenGrupo, o.OrdenOpcion FROM conf_opciones o INNER JOIN conf_rolopciones ro ON o.Id = ro.OpcionId INNER JOIN conf_usuarioroles ur ON ro.RolId = ur.RolId WHERE ur.UsuarioId = 1 AND o.Activo = 1 ORDER BY o.OrdenTab, o.OrdenGrupo, o.OrdenOpcion
2026-01-06 19:21:20 [INFO] AuthService.ObtenerOpcionesMenu - URL: https://jela-api-ctb8a6ggbpdqbxhg.mexicocentral-01.azurewebsites.net/api/CRUD?strQuery=SELECT+DISTINCT+o.Id%2c+o.Nombre%2c+o.Url%2c+o.Icono%2c+o.RibbonTab%2c+o.RibbonGroup%2c+o.OrdenTab%2c+o.OrdenGrupo%2c+o.OrdenOpcion+FROM+conf_opciones+o+INNER+JOIN+conf_rolopciones+ro+ON+o.Id+%3d+ro.OpcionId+INNER+JOIN+conf_usuarioroles+ur+ON+ro.RolId+%3d+ur.RolId+WHERE+ur.UsuarioId+%3d+1+AND+o.Activo+%3d+1+ORDER+BY+o.OrdenTab%2c+o.OrdenGrupo%2c+o.OrdenOpcion
2026-01-06 19:21:20 [INFO] AuthService.ObtenerOpcionesMenu - Datos retornados: 18
2026-01-06 19:21:20 [INFO] AuthService.ObtenerOpcionesMenu - Opciones construidas: 18
2026-01-06 19:21:20 [INFO] [Usuario: admin] Login exitoso para usuario: admin (ID: 1, Nombre: Administrador General, Entidad: 1)
2026-01-06 19:21:20 [ERROR] Error durante el proceso de login
Exception: ThreadAbortException
Message: Subproceso anulado.
Stack Trace:    en System.Threading.Thread.AbortInternal()
   en System.Threading.Thread.Abort(Object stateInfo)
   en System.Web.HttpResponse.AbortCurrentThread()
   en JelaWeb.Ingreso.btnLogin_Click(Object sender, EventArgs e) en D:\DesarrolloWEB\JelaAzure\JelaWeb\JelaWeb\Views\Auth\Ingreso.aspx.vb:línea 93
2026-01-06 19:21:38 [ERROR] Error en ObtenerDatos: Error al consumir la API: Error al ejecutar la consulta: Unknown column 'c.Activo' in 'on clause' (HTTP 500)
Exception: Exception
Message: Error al consumir la API: Error al ejecutar la consulta: Unknown column 'c.Activo' in 'on clause' (HTTP 500)
Stack Trace:    en JelaWeb.ApiConsumer.ObtenerDatos(String url) en D:\DesarrolloWEB\JelaAzure\JelaWeb\JelaWeb\Services\API\ApiConsumer.vb:línea 69
2026-01-06 19:21:38 [ERROR] DynamicCrudService.EjecutarConsulta
Exception: Exception
Message: Error al consumir la API: Error al ejecutar la consulta: Unknown column 'c.Activo' in 'on clause' (HTTP 500)
Stack Trace:    en JelaWeb.ApiConsumer.ObtenerDatos(String url) en D:\DesarrolloWEB\JelaAzure\JelaWeb\JelaWeb\Services\API\ApiConsumer.vb:línea 115
   en JelaWeb.DynamicCrudService.EjecutarConsulta(String query) en D:\DesarrolloWEB\JelaAzure\JelaWeb\JelaWeb\Services\DynamicCrudService.vb:línea 249
2026-01-06 19:21:38 [ERROR] Unidades.CargarDatos
Exception: ApplicationException
Message: Error al ejecutar consulta
Stack Trace:    en JelaWeb.DynamicCrudService.EjecutarConsulta(String query) en D:\DesarrolloWEB\JelaAzure\JelaWeb\JelaWeb\Services\DynamicCrudService.vb:línea 254
   en JelaWeb.Unidades.CargarDatos() en D:\DesarrolloWEB\JelaAzure\JelaWeb\JelaWeb\Views\Catalogos\Unidades.aspx.vb:línea 55
Inner Exception: Error al consumir la API: Error al ejecutar la consulta: Unknown column 'c.Activo' in 'on clause' (HTTP 500)
2026-01-06 19:24:04 [INFO] Aplicación JELA iniciada correctamente
2026-01-06 19:24:04 [INFO] [Usuario: ::1] Nueva sesión iniciada - SessionID: tr0thqwgk31fb1c0zoxrnw2u
2026-01-06 19:24:09 [INFO] AuthService.ObtenerOpcionesMenu - UserId: 1, Query: SELECT DISTINCT o.Id, o.Nombre, o.Url, o.Icono, o.RibbonTab, o.RibbonGroup, o.OrdenTab, o.OrdenGrupo, o.OrdenOpcion FROM conf_opciones o INNER JOIN conf_rolopciones ro ON o.Id = ro.OpcionId INNER JOIN conf_usuarioroles ur ON ro.RolId = ur.RolId WHERE ur.UsuarioId = 1 AND o.Activo = 1 ORDER BY o.OrdenTab, o.OrdenGrupo, o.OrdenOpcion
2026-01-06 19:24:09 [INFO] AuthService.ObtenerOpcionesMenu - URL: https://jela-api-ctb8a6ggbpdqbxhg.mexicocentral-01.azurewebsites.net/api/CRUD?strQuery=SELECT+DISTINCT+o.Id%2c+o.Nombre%2c+o.Url%2c+o.Icono%2c+o.RibbonTab%2c+o.RibbonGroup%2c+o.OrdenTab%2c+o.OrdenGrupo%2c+o.OrdenOpcion+FROM+conf_opciones+o+INNER+JOIN+conf_rolopciones+ro+ON+o.Id+%3d+ro.OpcionId+INNER+JOIN+conf_usuarioroles+ur+ON+ro.RolId+%3d+ur.RolId+WHERE+ur.UsuarioId+%3d+1+AND+o.Activo+%3d+1+ORDER+BY+o.OrdenTab%2c+o.OrdenGrupo%2c+o.OrdenOpcion
2026-01-06 19:24:09 [INFO] AuthService.ObtenerOpcionesMenu - Datos retornados: 18
2026-01-06 19:24:09 [INFO] AuthService.ObtenerOpcionesMenu - Opciones construidas: 18
2026-01-06 19:24:09 [INFO] [Usuario: admin] Login exitoso para usuario: admin (ID: 1, Nombre: Administrador General, Entidad: 1)
2026-01-06 19:24:09 [ERROR] Error durante el proceso de login
Exception: ThreadAbortException
Message: Subproceso anulado.
Stack Trace:    en System.Threading.Thread.AbortInternal()
   en System.Threading.Thread.Abort(Object stateInfo)
   en System.Web.HttpResponse.AbortCurrentThread()
   en JelaWeb.Ingreso.btnLogin_Click(Object sender, EventArgs e) en D:\DesarrolloWEB\JelaAzure\JelaWeb\JelaWeb\Views\Auth\Ingreso.aspx.vb:línea 93
2026-01-06 19:24:16 [ERROR] Error en ObtenerDatos: Error al consumir la API: Error al ejecutar la consulta: Unknown column 'c.Activo' in 'on clause' (HTTP 500)
Exception: Exception
Message: Error al consumir la API: Error al ejecutar la consulta: Unknown column 'c.Activo' in 'on clause' (HTTP 500)
Stack Trace:    en JelaWeb.ApiConsumer.ObtenerDatos(String url) en D:\DesarrolloWEB\JelaAzure\JelaWeb\JelaWeb\Services\API\ApiConsumer.vb:línea 69
2026-01-06 19:24:16 [ERROR] DynamicCrudService.EjecutarConsulta
Exception: Exception
Message: Error al consumir la API: Error al ejecutar la consulta: Unknown column 'c.Activo' in 'on clause' (HTTP 500)
Stack Trace:    en JelaWeb.ApiConsumer.ObtenerDatos(String url) en D:\DesarrolloWEB\JelaAzure\JelaWeb\JelaWeb\Services\API\ApiConsumer.vb:línea 115
   en JelaWeb.DynamicCrudService.EjecutarConsulta(String query) en D:\DesarrolloWEB\JelaAzure\JelaWeb\JelaWeb\Services\DynamicCrudService.vb:línea 249
2026-01-06 19:24:16 [ERROR] Unidades.CargarDatos
Exception: ApplicationException
Message: Error al ejecutar consulta
Stack Trace:    en JelaWeb.DynamicCrudService.EjecutarConsulta(String query) en D:\DesarrolloWEB\JelaAzure\JelaWeb\JelaWeb\Services\DynamicCrudService.vb:línea 254
   en JelaWeb.Unidades.CargarDatos() en D:\DesarrolloWEB\JelaAzure\JelaWeb\JelaWeb\Views\Catalogos\Unidades.aspx.vb:línea 55
Inner Exception: Error al consumir la API: Error al ejecutar la consulta: Unknown column 'c.Activo' in 'on clause' (HTTP 500)
2026-01-06 19:26:44 [INFO] Aplicación JELA iniciada correctamente
2026-01-06 19:26:44 [INFO] [Usuario: ::1] Nueva sesión iniciada - SessionID: 1sgmyw4dicrig5r0eqasooev
2026-01-06 19:26:49 [INFO] AuthService.ObtenerOpcionesMenu - UserId: 1, Query: SELECT DISTINCT o.Id, o.Nombre, o.Url, o.Icono, o.RibbonTab, o.RibbonGroup, o.OrdenTab, o.OrdenGrupo, o.OrdenOpcion FROM conf_opciones o INNER JOIN conf_rolopciones ro ON o.Id = ro.OpcionId INNER JOIN conf_usuarioroles ur ON ro.RolId = ur.RolId WHERE ur.UsuarioId = 1 AND o.Activo = 1 ORDER BY o.OrdenTab, o.OrdenGrupo, o.OrdenOpcion
2026-01-06 19:26:49 [INFO] AuthService.ObtenerOpcionesMenu - URL: https://jela-api-ctb8a6ggbpdqbxhg.mexicocentral-01.azurewebsites.net/api/CRUD?strQuery=SELECT+DISTINCT+o.Id%2c+o.Nombre%2c+o.Url%2c+o.Icono%2c+o.RibbonTab%2c+o.RibbonGroup%2c+o.OrdenTab%2c+o.OrdenGrupo%2c+o.OrdenOpcion+FROM+conf_opciones+o+INNER+JOIN+conf_rolopciones+ro+ON+o.Id+%3d+ro.OpcionId+INNER+JOIN+conf_usuarioroles+ur+ON+ro.RolId+%3d+ur.RolId+WHERE+ur.UsuarioId+%3d+1+AND+o.Activo+%3d+1+ORDER+BY+o.OrdenTab%2c+o.OrdenGrupo%2c+o.OrdenOpcion
2026-01-06 19:26:50 [INFO] AuthService.ObtenerOpcionesMenu - Datos retornados: 18
2026-01-06 19:26:50 [INFO] AuthService.ObtenerOpcionesMenu - Opciones construidas: 18
2026-01-06 19:26:50 [INFO] [Usuario: admin] Login exitoso para usuario: admin (ID: 1, Nombre: Administrador General, Entidad: 1)
2026-01-06 19:26:50 [ERROR] Error durante el proceso de login
Exception: ThreadAbortException
Message: Subproceso anulado.
Stack Trace:    en System.Threading.Thread.AbortInternal()
   en System.Threading.Thread.Abort(Object stateInfo)
   en System.Web.HttpResponse.AbortCurrentThread()
   en JelaWeb.Ingreso.btnLogin_Click(Object sender, EventArgs e) en D:\DesarrolloWEB\JelaAzure\JelaWeb\JelaWeb\Views\Auth\Ingreso.aspx.vb:línea 93
2026-01-06 19:26:57 [ERROR] Error en ObtenerDatos: Error al consumir la API: Error al ejecutar la consulta: Unknown column 'c.Activo' in 'on clause' (HTTP 500)
Exception: Exception
Message: Error al consumir la API: Error al ejecutar la consulta: Unknown column 'c.Activo' in 'on clause' (HTTP 500)
Stack Trace:    en JelaWeb.ApiConsumer.ObtenerDatos(String url) en D:\DesarrolloWEB\JelaAzure\JelaWeb\JelaWeb\Services\API\ApiConsumer.vb:línea 69
2026-01-06 19:26:57 [ERROR] DynamicCrudService.EjecutarConsulta
Exception: Exception
Message: Error al consumir la API: Error al ejecutar la consulta: Unknown column 'c.Activo' in 'on clause' (HTTP 500)
Stack Trace:    en JelaWeb.ApiConsumer.ObtenerDatos(String url) en D:\DesarrolloWEB\JelaAzure\JelaWeb\JelaWeb\Services\API\ApiConsumer.vb:línea 115
   en JelaWeb.DynamicCrudService.EjecutarConsulta(String query) en D:\DesarrolloWEB\JelaAzure\JelaWeb\JelaWeb\Services\DynamicCrudService.vb:línea 249
2026-01-06 19:26:57 [ERROR] Unidades.CargarDatos
Exception: ApplicationException
Message: Error al ejecutar consulta
Stack Trace:    en JelaWeb.DynamicCrudService.EjecutarConsulta(String query) en D:\DesarrolloWEB\JelaAzure\JelaWeb\JelaWeb\Services\DynamicCrudService.vb:línea 254
   en JelaWeb.Unidades.CargarDatos() en D:\DesarrolloWEB\JelaAzure\JelaWeb\JelaWeb\Views\Catalogos\Unidades.aspx.vb:línea 55
Inner Exception: Error al consumir la API: Error al ejecutar la consulta: Unknown column 'c.Activo' in 'on clause' (HTTP 500)
2026-01-06 19:33:10 [INFO] Aplicación JELA iniciada correctamente
2026-01-06 19:33:10 [INFO] [Usuario: ::1] Nueva sesión iniciada - SessionID: dc4hrfhi5bejactvkqmji15s
2026-01-06 19:33:15 [INFO] AuthService.ObtenerOpcionesMenu - UserId: 1, Query: SELECT DISTINCT o.Id, o.Nombre, o.Url, o.Icono, o.RibbonTab, o.RibbonGroup, o.OrdenTab, o.OrdenGrupo, o.OrdenOpcion FROM conf_opciones o INNER JOIN conf_rolopciones ro ON o.Id = ro.OpcionId INNER JOIN conf_usuarioroles ur ON ro.RolId = ur.RolId WHERE ur.UsuarioId = 1 AND o.Activo = 1 ORDER BY o.OrdenTab, o.OrdenGrupo, o.OrdenOpcion
2026-01-06 19:33:15 [INFO] AuthService.ObtenerOpcionesMenu - URL: https://jela-api-ctb8a6ggbpdqbxhg.mexicocentral-01.azurewebsites.net/api/CRUD?strQuery=SELECT+DISTINCT+o.Id%2c+o.Nombre%2c+o.Url%2c+o.Icono%2c+o.RibbonTab%2c+o.RibbonGroup%2c+o.OrdenTab%2c+o.OrdenGrupo%2c+o.OrdenOpcion+FROM+conf_opciones+o+INNER+JOIN+conf_rolopciones+ro+ON+o.Id+%3d+ro.OpcionId+INNER+JOIN+conf_usuarioroles+ur+ON+ro.RolId+%3d+ur.RolId+WHERE+ur.UsuarioId+%3d+1+AND+o.Activo+%3d+1+ORDER+BY+o.OrdenTab%2c+o.OrdenGrupo%2c+o.OrdenOpcion
2026-01-06 19:33:15 [INFO] AuthService.ObtenerOpcionesMenu - Datos retornados: 18
2026-01-06 19:33:15 [INFO] AuthService.ObtenerOpcionesMenu - Opciones construidas: 18
2026-01-06 19:33:15 [INFO] [Usuario: admin] Login exitoso para usuario: admin (ID: 1, Nombre: Administrador General, Entidad: 1)
2026-01-06 19:33:15 [ERROR] Error durante el proceso de login
Exception: ThreadAbortException
Message: Subproceso anulado.
Stack Trace:    en System.Threading.Thread.AbortInternal()
   en System.Threading.Thread.Abort(Object stateInfo)
   en System.Web.HttpResponse.AbortCurrentThread()
   en JelaWeb.Ingreso.btnLogin_Click(Object sender, EventArgs e) en D:\DesarrolloWEB\JelaAzure\JelaWeb\JelaWeb\Views\Auth\Ingreso.aspx.vb:línea 93
2026-01-06 19:34:27 [ERROR] Error en ObtenerDatos: Error al consumir la API: Error al ejecutar la consulta: Unknown column 'c.Activo' in 'on clause' (HTTP 500)
Exception: Exception
Message: Error al consumir la API: Error al ejecutar la consulta: Unknown column 'c.Activo' in 'on clause' (HTTP 500)
Stack Trace:    en JelaWeb.ApiConsumer.ObtenerDatos(String url) en D:\DesarrolloWEB\JelaAzure\JelaWeb\JelaWeb\Services\API\ApiConsumer.vb:línea 69
2026-01-06 19:34:27 [ERROR] DynamicCrudService.EjecutarConsulta
Exception: Exception
Message: Error al consumir la API: Error al ejecutar la consulta: Unknown column 'c.Activo' in 'on clause' (HTTP 500)
Stack Trace:    en JelaWeb.ApiConsumer.ObtenerDatos(String url) en D:\DesarrolloWEB\JelaAzure\JelaWeb\JelaWeb\Services\API\ApiConsumer.vb:línea 115
   en JelaWeb.DynamicCrudService.EjecutarConsulta(String query) en D:\DesarrolloWEB\JelaAzure\JelaWeb\JelaWeb\Services\DynamicCrudService.vb:línea 249
2026-01-06 19:34:27 [ERROR] Unidades.CargarDatos
Exception: ApplicationException
Message: Error al ejecutar consulta
Stack Trace:    en JelaWeb.DynamicCrudService.EjecutarConsulta(String query) en D:\DesarrolloWEB\JelaAzure\JelaWeb\JelaWeb\Services\DynamicCrudService.vb:línea 254
   en JelaWeb.Unidades.CargarDatos() en D:\DesarrolloWEB\JelaAzure\JelaWeb\JelaWeb\Views\Catalogos\Unidades.aspx.vb:línea 55
Inner Exception: Error al consumir la API: Error al ejecutar la consulta: Unknown column 'c.Activo' in 'on clause' (HTTP 500)
2026-01-06 19:56:16 [INFO] Aplicación JELA iniciada correctamente
2026-01-06 19:56:17 [INFO] [Usuario: ::1] Nueva sesión iniciada - SessionID: j4igstinfvqabsz0e14zhynq
2026-01-06 19:56:25 [INFO] AuthService.ObtenerOpcionesMenu - UserId: 1, Query: SELECT DISTINCT o.Id, o.Nombre, o.Url, o.Icono, o.RibbonTab, o.RibbonGroup, o.OrdenTab, o.OrdenGrupo, o.OrdenOpcion FROM conf_opciones o INNER JOIN conf_rolopciones ro ON o.Id = ro.OpcionId INNER JOIN conf_usuarioroles ur ON ro.RolId = ur.RolId WHERE ur.UsuarioId = 1 AND o.Activo = 1 ORDER BY o.OrdenTab, o.OrdenGrupo, o.OrdenOpcion
2026-01-06 19:56:25 [INFO] AuthService.ObtenerOpcionesMenu - URL: https://jela-api-ctb8a6ggbpdqbxhg.mexicocentral-01.azurewebsites.net/api/CRUD?strQuery=SELECT+DISTINCT+o.Id%2c+o.Nombre%2c+o.Url%2c+o.Icono%2c+o.RibbonTab%2c+o.RibbonGroup%2c+o.OrdenTab%2c+o.OrdenGrupo%2c+o.OrdenOpcion+FROM+conf_opciones+o+INNER+JOIN+conf_rolopciones+ro+ON+o.Id+%3d+ro.OpcionId+INNER+JOIN+conf_usuarioroles+ur+ON+ro.RolId+%3d+ur.RolId+WHERE+ur.UsuarioId+%3d+1+AND+o.Activo+%3d+1+ORDER+BY+o.OrdenTab%2c+o.OrdenGrupo%2c+o.OrdenOpcion
2026-01-06 19:56:25 [INFO] AuthService.ObtenerOpcionesMenu - Datos retornados: 18
2026-01-06 19:56:25 [INFO] AuthService.ObtenerOpcionesMenu - Opciones construidas: 18
2026-01-06 19:56:25 [INFO] [Usuario: admin] Login exitoso para usuario: admin (ID: 1, Nombre: Administrador General, Entidad: 1)
2026-01-06 19:56:25 [ERROR] Error durante el proceso de login
Exception: ThreadAbortException
Message: Subproceso anulado.
Stack Trace:    en System.Threading.Thread.AbortInternal()
   en System.Threading.Thread.Abort(Object stateInfo)
   en System.Web.HttpResponse.AbortCurrentThread()
   en JelaWeb.Ingreso.btnLogin_Click(Object sender, EventArgs e) en D:\DesarrolloWEB\JelaAzure\JelaWeb\JelaWeb\Views\Auth\Ingreso.aspx.vb:línea 93
2026-01-06 19:56:27 [ERROR] Error al cargar scripts y estilos en Master Page: La colección de controles no puede modificarse porque el control contiene bloques de código (por ej. <% ... %>).
Exception: HttpException
Message: La colección de controles no puede modificarse porque el control contiene bloques de código (por ej. <% ... %>).
Stack Trace:    en System.Web.UI.ControlCollection.Add(Control child)
   en JelaWeb.Jela.AddScriptExternal(String id, String src, Boolean addToHead) en D:\DesarrolloWEB\JelaAzure\JelaWeb\JelaWeb\MasterPages\Jela.Master.vb:línea 439
   en JelaWeb.Jela.LoadScriptsAndStyles() en D:\DesarrolloWEB\JelaAzure\JelaWeb\JelaWeb\MasterPages\Jela.Master.vb:línea 328
2026-01-06 19:56:40 [ERROR] Error en ObtenerDatos: Error al consumir la API: Error al ejecutar la consulta: Unknown column 'c.Activo' in 'on clause' (HTTP 500)
Exception: Exception
Message: Error al consumir la API: Error al ejecutar la consulta: Unknown column 'c.Activo' in 'on clause' (HTTP 500)
Stack Trace:    en JelaWeb.ApiConsumer.ObtenerDatos(String url) en D:\DesarrolloWEB\JelaAzure\JelaWeb\JelaWeb\Services\API\ApiConsumer.vb:línea 69
2026-01-06 19:56:40 [ERROR] DynamicCrudService.EjecutarConsulta
Exception: Exception
Message: Error al consumir la API: Error al ejecutar la consulta: Unknown column 'c.Activo' in 'on clause' (HTTP 500)
Stack Trace:    en JelaWeb.ApiConsumer.ObtenerDatos(String url) en D:\DesarrolloWEB\JelaAzure\JelaWeb\JelaWeb\Services\API\ApiConsumer.vb:línea 115
   en JelaWeb.DynamicCrudService.EjecutarConsulta(String query) en D:\DesarrolloWEB\JelaAzure\JelaWeb\JelaWeb\Services\DynamicCrudService.vb:línea 249
2026-01-06 19:56:40 [ERROR] Unidades.CargarDatos
Exception: ApplicationException
Message: Error al ejecutar consulta
Stack Trace:    en JelaWeb.DynamicCrudService.EjecutarConsulta(String query) en D:\DesarrolloWEB\JelaAzure\JelaWeb\JelaWeb\Services\DynamicCrudService.vb:línea 254
   en JelaWeb.Unidades.CargarDatos() en D:\DesarrolloWEB\JelaAzure\JelaWeb\JelaWeb\Views\Catalogos\Unidades.aspx.vb:línea 55
Inner Exception: Error al consumir la API: Error al ejecutar la consulta: Unknown column 'c.Activo' in 'on clause' (HTTP 500)
2026-01-06 19:56:40 [ERROR] Error al cargar scripts y estilos en Master Page: La colección de controles no puede modificarse porque el control contiene bloques de código (por ej. <% ... %>).
Exception: HttpException
Message: La colección de controles no puede modificarse porque el control contiene bloques de código (por ej. <% ... %>).
Stack Trace:    en System.Web.UI.ControlCollection.Add(Control child)
   en JelaWeb.Jela.AddScriptExternal(String id, String src, Boolean addToHead) en D:\DesarrolloWEB\JelaAzure\JelaWeb\JelaWeb\MasterPages\Jela.Master.vb:línea 439
   en JelaWeb.Jela.LoadScriptsAndStyles() en D:\DesarrolloWEB\JelaAzure\JelaWeb\JelaWeb\MasterPages\Jela.Master.vb:línea 328
2026-01-06 19:59:45 [INFO] Aplicación JELA iniciada correctamente
2026-01-06 19:59:45 [INFO] [Usuario: ::1] Nueva sesión iniciada - SessionID: ey5aiynvb2cxzijcmve52yc4
2026-01-06 19:59:51 [INFO] AuthService.ObtenerOpcionesMenu - UserId: 1, Query: SELECT DISTINCT o.Id, o.Nombre, o.Url, o.Icono, o.RibbonTab, o.RibbonGroup, o.OrdenTab, o.OrdenGrupo, o.OrdenOpcion FROM conf_opciones o INNER JOIN conf_rolopciones ro ON o.Id = ro.OpcionId INNER JOIN conf_usuarioroles ur ON ro.RolId = ur.RolId WHERE ur.UsuarioId = 1 AND o.Activo = 1 ORDER BY o.OrdenTab, o.OrdenGrupo, o.OrdenOpcion
2026-01-06 19:59:51 [INFO] AuthService.ObtenerOpcionesMenu - URL: https://jela-api-ctb8a6ggbpdqbxhg.mexicocentral-01.azurewebsites.net/api/CRUD?strQuery=SELECT+DISTINCT+o.Id%2c+o.Nombre%2c+o.Url%2c+o.Icono%2c+o.RibbonTab%2c+o.RibbonGroup%2c+o.OrdenTab%2c+o.OrdenGrupo%2c+o.OrdenOpcion+FROM+conf_opciones+o+INNER+JOIN+conf_rolopciones+ro+ON+o.Id+%3d+ro.OpcionId+INNER+JOIN+conf_usuarioroles+ur+ON+ro.RolId+%3d+ur.RolId+WHERE+ur.UsuarioId+%3d+1+AND+o.Activo+%3d+1+ORDER+BY+o.OrdenTab%2c+o.OrdenGrupo%2c+o.OrdenOpcion
2026-01-06 19:59:51 [INFO] AuthService.ObtenerOpcionesMenu - Datos retornados: 18
2026-01-06 19:59:51 [INFO] AuthService.ObtenerOpcionesMenu - Opciones construidas: 18
2026-01-06 19:59:51 [INFO] [Usuario: admin] Login exitoso para usuario: admin (ID: 1, Nombre: Administrador General, Entidad: 1)
2026-01-06 19:59:51 [ERROR] Error durante el proceso de login
Exception: ThreadAbortException
Message: Subproceso anulado.
Stack Trace:    en System.Threading.Thread.AbortInternal()
   en System.Threading.Thread.Abort(Object stateInfo)
   en System.Web.HttpResponse.AbortCurrentThread()
   en JelaWeb.Ingreso.btnLogin_Click(Object sender, EventArgs e) en D:\DesarrolloWEB\JelaAzure\JelaWeb\JelaWeb\Views\Auth\Ingreso.aspx.vb:línea 93
2026-01-06 19:59:54 [ERROR] Error al cargar scripts y estilos en Master Page: La colección de controles no puede modificarse porque el control contiene bloques de código (por ej. <% ... %>).
Exception: HttpException
Message: La colección de controles no puede modificarse porque el control contiene bloques de código (por ej. <% ... %>).
Stack Trace:    en System.Web.UI.ControlCollection.Add(Control child)
   en JelaWeb.Jela.AddScriptExternal(String id, String src, Boolean addToHead) en D:\DesarrolloWEB\JelaAzure\JelaWeb\JelaWeb\MasterPages\Jela.Master.vb:línea 449
   en JelaWeb.Jela.LoadScriptsAndStyles() en D:\DesarrolloWEB\JelaAzure\JelaWeb\JelaWeb\MasterPages\Jela.Master.vb:línea 328
2026-01-06 20:00:57 [ERROR] Error en ObtenerDatos: Error al consumir la API: Error al ejecutar la consulta: Unknown column 'c.Activo' in 'on clause' (HTTP 500)
Exception: Exception
Message: Error al consumir la API: Error al ejecutar la consulta: Unknown column 'c.Activo' in 'on clause' (HTTP 500)
Stack Trace:    en JelaWeb.ApiConsumer.ObtenerDatos(String url) en D:\DesarrolloWEB\JelaAzure\JelaWeb\JelaWeb\Services\API\ApiConsumer.vb:línea 69
2026-01-06 20:00:57 [ERROR] DynamicCrudService.EjecutarConsulta
Exception: Exception
Message: Error al consumir la API: Error al ejecutar la consulta: Unknown column 'c.Activo' in 'on clause' (HTTP 500)
Stack Trace:    en JelaWeb.ApiConsumer.ObtenerDatos(String url) en D:\DesarrolloWEB\JelaAzure\JelaWeb\JelaWeb\Services\API\ApiConsumer.vb:línea 115
   en JelaWeb.DynamicCrudService.EjecutarConsulta(String query) en D:\DesarrolloWEB\JelaAzure\JelaWeb\JelaWeb\Services\DynamicCrudService.vb:línea 249
2026-01-06 20:00:57 [ERROR] Unidades.CargarDatos
Exception: ApplicationException
Message: Error al ejecutar consulta
Stack Trace:    en JelaWeb.DynamicCrudService.EjecutarConsulta(String query) en D:\DesarrolloWEB\JelaAzure\JelaWeb\JelaWeb\Services\DynamicCrudService.vb:línea 254
   en JelaWeb.Unidades.CargarDatos() en D:\DesarrolloWEB\JelaAzure\JelaWeb\JelaWeb\Views\Catalogos\Unidades.aspx.vb:línea 55
Inner Exception: Error al consumir la API: Error al ejecutar la consulta: Unknown column 'c.Activo' in 'on clause' (HTTP 500)
2026-01-06 20:00:57 [ERROR] Error al cargar scripts y estilos en Master Page: La colección de controles no puede modificarse porque el control contiene bloques de código (por ej. <% ... %>).
Exception: HttpException
Message: La colección de controles no puede modificarse porque el control contiene bloques de código (por ej. <% ... %>).
Stack Trace:    en System.Web.UI.ControlCollection.Add(Control child)
   en JelaWeb.Jela.AddScriptExternal(String id, String src, Boolean addToHead) en D:\DesarrolloWEB\JelaAzure\JelaWeb\JelaWeb\MasterPages\Jela.Master.vb:línea 449
   en JelaWeb.Jela.LoadScriptsAndStyles() en D:\DesarrolloWEB\JelaAzure\JelaWeb\JelaWeb\MasterPages\Jela.Master.vb:línea 328
2026-01-06 20:17:03 [INFO] Aplicación JELA iniciada correctamente
2026-01-06 20:17:04 [INFO] [Usuario: ::1] Nueva sesión iniciada - SessionID: p3bb2jxkoebfx3jgzblnfkli
2026-01-06 20:17:11 [INFO] AuthService.ObtenerOpcionesMenu - UserId: 1, Query: SELECT DISTINCT o.Id, o.Nombre, o.Url, o.Icono, o.RibbonTab, o.RibbonGroup, o.OrdenTab, o.OrdenGrupo, o.OrdenOpcion FROM conf_opciones o INNER JOIN conf_rolopciones ro ON o.Id = ro.OpcionId INNER JOIN conf_usuarioroles ur ON ro.RolId = ur.RolId WHERE ur.UsuarioId = 1 AND o.Activo = 1 ORDER BY o.OrdenTab, o.OrdenGrupo, o.OrdenOpcion
2026-01-06 20:17:11 [INFO] AuthService.ObtenerOpcionesMenu - URL: https://jela-api-ctb8a6ggbpdqbxhg.mexicocentral-01.azurewebsites.net/api/CRUD?strQuery=SELECT+DISTINCT+o.Id%2c+o.Nombre%2c+o.Url%2c+o.Icono%2c+o.RibbonTab%2c+o.RibbonGroup%2c+o.OrdenTab%2c+o.OrdenGrupo%2c+o.OrdenOpcion+FROM+conf_opciones+o+INNER+JOIN+conf_rolopciones+ro+ON+o.Id+%3d+ro.OpcionId+INNER+JOIN+conf_usuarioroles+ur+ON+ro.RolId+%3d+ur.RolId+WHERE+ur.UsuarioId+%3d+1+AND+o.Activo+%3d+1+ORDER+BY+o.OrdenTab%2c+o.OrdenGrupo%2c+o.OrdenOpcion
2026-01-06 20:17:11 [INFO] AuthService.ObtenerOpcionesMenu - Datos retornados: 18
2026-01-06 20:17:11 [INFO] AuthService.ObtenerOpcionesMenu - Opciones construidas: 18
2026-01-06 20:17:11 [INFO] [Usuario: admin] Login exitoso para usuario: admin (ID: 1, Nombre: Administrador General, Entidad: 1)
2026-01-06 20:17:11 [ERROR] Error durante el proceso de login
Exception: ThreadAbortException
Message: Subproceso anulado.
Stack Trace:    en System.Threading.Thread.AbortInternal()
   en System.Threading.Thread.Abort(Object stateInfo)
   en System.Web.HttpResponse.AbortCurrentThread()
   en JelaWeb.Ingreso.btnLogin_Click(Object sender, EventArgs e) en D:\DesarrolloWEB\JelaAzure\JelaWeb\JelaWeb\Views\Auth\Ingreso.aspx.vb:línea 93
2026-01-06 20:17:14 [ERROR] Error al cargar scripts y estilos en Master Page: La colección de controles no puede modificarse porque el control contiene bloques de código (por ej. <% ... %>).
Exception: HttpException
Message: La colección de controles no puede modificarse porque el control contiene bloques de código (por ej. <% ... %>).
Stack Trace:    en System.Web.UI.ControlCollection.Add(Control child)
   en JelaWeb.Jela.LoadScriptsAndStyles() en D:\DesarrolloWEB\JelaAzure\JelaWeb\JelaWeb\MasterPages\Jela.Master.vb:línea 336
2026-01-06 20:17:22 [ERROR] Error en ObtenerDatos: Error al consumir la API: Error al ejecutar la consulta: Unknown column 'c.Activo' in 'on clause' (HTTP 500)
Exception: Exception
Message: Error al consumir la API: Error al ejecutar la consulta: Unknown column 'c.Activo' in 'on clause' (HTTP 500)
Stack Trace:    en JelaWeb.ApiConsumer.ObtenerDatos(String url) en D:\DesarrolloWEB\JelaAzure\JelaWeb\JelaWeb\Services\API\ApiConsumer.vb:línea 69
2026-01-06 20:17:22 [ERROR] DynamicCrudService.EjecutarConsulta
Exception: Exception
Message: Error al consumir la API: Error al ejecutar la consulta: Unknown column 'c.Activo' in 'on clause' (HTTP 500)
Stack Trace:    en JelaWeb.ApiConsumer.ObtenerDatos(String url) en D:\DesarrolloWEB\JelaAzure\JelaWeb\JelaWeb\Services\API\ApiConsumer.vb:línea 115
   en JelaWeb.DynamicCrudService.EjecutarConsulta(String query) en D:\DesarrolloWEB\JelaAzure\JelaWeb\JelaWeb\Services\DynamicCrudService.vb:línea 249
2026-01-06 20:17:22 [ERROR] Unidades.CargarDatos
Exception: ApplicationException
Message: Error al ejecutar consulta
Stack Trace:    en JelaWeb.DynamicCrudService.EjecutarConsulta(String query) en D:\DesarrolloWEB\JelaAzure\JelaWeb\JelaWeb\Services\DynamicCrudService.vb:línea 254
   en JelaWeb.Unidades.CargarDatos() en D:\DesarrolloWEB\JelaAzure\JelaWeb\JelaWeb\Views\Catalogos\Unidades.aspx.vb:línea 55
Inner Exception: Error al consumir la API: Error al ejecutar la consulta: Unknown column 'c.Activo' in 'on clause' (HTTP 500)
2026-01-06 20:17:22 [ERROR] Error al cargar scripts y estilos en Master Page: La colección de controles no puede modificarse porque el control contiene bloques de código (por ej. <% ... %>).
Exception: HttpException
Message: La colección de controles no puede modificarse porque el control contiene bloques de código (por ej. <% ... %>).
Stack Trace:    en System.Web.UI.ControlCollection.Add(Control child)
   en JelaWeb.Jela.LoadScriptsAndStyles() en D:\DesarrolloWEB\JelaAzure\JelaWeb\JelaWeb\MasterPages\Jela.Master.vb:línea 336
2026-01-06 20:20:13 [INFO] Aplicación JELA iniciada correctamente
2026-01-06 20:20:14 [INFO] [Usuario: ::1] Nueva sesión iniciada - SessionID: kfzv2e0hushtq3gvfdwvkl5c
2026-01-06 20:20:23 [INFO] AuthService.ObtenerOpcionesMenu - UserId: 1, Query: SELECT DISTINCT o.Id, o.Nombre, o.Url, o.Icono, o.RibbonTab, o.RibbonGroup, o.OrdenTab, o.OrdenGrupo, o.OrdenOpcion FROM conf_opciones o INNER JOIN conf_rolopciones ro ON o.Id = ro.OpcionId INNER JOIN conf_usuarioroles ur ON ro.RolId = ur.RolId WHERE ur.UsuarioId = 1 AND o.Activo = 1 ORDER BY o.OrdenTab, o.OrdenGrupo, o.OrdenOpcion
2026-01-06 20:20:23 [INFO] AuthService.ObtenerOpcionesMenu - URL: https://jela-api-ctb8a6ggbpdqbxhg.mexicocentral-01.azurewebsites.net/api/CRUD?strQuery=SELECT+DISTINCT+o.Id%2c+o.Nombre%2c+o.Url%2c+o.Icono%2c+o.RibbonTab%2c+o.RibbonGroup%2c+o.OrdenTab%2c+o.OrdenGrupo%2c+o.OrdenOpcion+FROM+conf_opciones+o+INNER+JOIN+conf_rolopciones+ro+ON+o.Id+%3d+ro.OpcionId+INNER+JOIN+conf_usuarioroles+ur+ON+ro.RolId+%3d+ur.RolId+WHERE+ur.UsuarioId+%3d+1+AND+o.Activo+%3d+1+ORDER+BY+o.OrdenTab%2c+o.OrdenGrupo%2c+o.OrdenOpcion
2026-01-06 20:20:23 [INFO] AuthService.ObtenerOpcionesMenu - Datos retornados: 18
2026-01-06 20:20:23 [INFO] AuthService.ObtenerOpcionesMenu - Opciones construidas: 18
2026-01-06 20:20:23 [INFO] [Usuario: admin] Login exitoso para usuario: admin (ID: 1, Nombre: Administrador General, Entidad: 1)
2026-01-06 20:20:23 [ERROR] Error durante el proceso de login
Exception: ThreadAbortException
Message: Subproceso anulado.
Stack Trace:    en System.Threading.Thread.AbortInternal()
   en System.Threading.Thread.Abort(Object stateInfo)
   en System.Web.HttpResponse.AbortCurrentThread()
   en JelaWeb.Ingreso.btnLogin_Click(Object sender, EventArgs e) en D:\DesarrolloWEB\JelaAzure\JelaWeb\JelaWeb\Views\Auth\Ingreso.aspx.vb:línea 93
2026-01-06 20:20:26 [ERROR] Error al cargar scripts y estilos en Master Page: La colección de controles no puede modificarse porque el control contiene bloques de código (por ej. <% ... %>).
Exception: HttpException
Message: La colección de controles no puede modificarse porque el control contiene bloques de código (por ej. <% ... %>).
Stack Trace:    en System.Web.UI.ControlCollection.Add(Control child)
   en JelaWeb.Jela.LoadScriptsAndStyles() en D:\DesarrolloWEB\JelaAzure\JelaWeb\JelaWeb\MasterPages\Jela.Master.vb:línea 366
2026-01-06 20:20:40 [ERROR] Error en ObtenerDatos: Error al consumir la API: Error al ejecutar la consulta: Unknown column 'c.Activo' in 'on clause' (HTTP 500)
Exception: Exception
Message: Error al consumir la API: Error al ejecutar la consulta: Unknown column 'c.Activo' in 'on clause' (HTTP 500)
Stack Trace:    en JelaWeb.ApiConsumer.ObtenerDatos(String url) en D:\DesarrolloWEB\JelaAzure\JelaWeb\JelaWeb\Services\API\ApiConsumer.vb:línea 69
2026-01-06 20:20:40 [ERROR] DynamicCrudService.EjecutarConsulta
Exception: Exception
Message: Error al consumir la API: Error al ejecutar la consulta: Unknown column 'c.Activo' in 'on clause' (HTTP 500)
Stack Trace:    en JelaWeb.ApiConsumer.ObtenerDatos(String url) en D:\DesarrolloWEB\JelaAzure\JelaWeb\JelaWeb\Services\API\ApiConsumer.vb:línea 115
   en JelaWeb.DynamicCrudService.EjecutarConsulta(String query) en D:\DesarrolloWEB\JelaAzure\JelaWeb\JelaWeb\Services\DynamicCrudService.vb:línea 249
2026-01-06 20:20:40 [ERROR] Unidades.CargarDatos
Exception: ApplicationException
Message: Error al ejecutar consulta
Stack Trace:    en JelaWeb.DynamicCrudService.EjecutarConsulta(String query) en D:\DesarrolloWEB\JelaAzure\JelaWeb\JelaWeb\Services\DynamicCrudService.vb:línea 254
   en JelaWeb.Unidades.CargarDatos() en D:\DesarrolloWEB\JelaAzure\JelaWeb\JelaWeb\Views\Catalogos\Unidades.aspx.vb:línea 55
Inner Exception: Error al consumir la API: Error al ejecutar la consulta: Unknown column 'c.Activo' in 'on clause' (HTTP 500)
2026-01-06 20:20:40 [ERROR] Error al cargar scripts y estilos en Master Page: La colección de controles no puede modificarse porque el control contiene bloques de código (por ej. <% ... %>).
Exception: HttpException
Message: La colección de controles no puede modificarse porque el control contiene bloques de código (por ej. <% ... %>).
Stack Trace:    en System.Web.UI.ControlCollection.Add(Control child)
   en JelaWeb.Jela.LoadScriptsAndStyles() en D:\DesarrolloWEB\JelaAzure\JelaWeb\JelaWeb\MasterPages\Jela.Master.vb:línea 366
2026-01-06 20:28:35 [INFO] Aplicación JELA iniciada correctamente
2026-01-06 20:28:36 [INFO] [Usuario: ::1] Nueva sesión iniciada - SessionID: syotjwibf4dyc2nmkifqxrxm
2026-01-06 20:28:43 [INFO] AuthService.ObtenerOpcionesMenu - UserId: 1, Query: SELECT DISTINCT o.Id, o.Nombre, o.Url, o.Icono, o.RibbonTab, o.RibbonGroup, o.OrdenTab, o.OrdenGrupo, o.OrdenOpcion FROM conf_opciones o INNER JOIN conf_rolopciones ro ON o.Id = ro.OpcionId INNER JOIN conf_usuarioroles ur ON ro.RolId = ur.RolId WHERE ur.UsuarioId = 1 AND o.Activo = 1 ORDER BY o.OrdenTab, o.OrdenGrupo, o.OrdenOpcion
2026-01-06 20:28:43 [INFO] AuthService.ObtenerOpcionesMenu - URL: https://jela-api-ctb8a6ggbpdqbxhg.mexicocentral-01.azurewebsites.net/api/CRUD?strQuery=SELECT+DISTINCT+o.Id%2c+o.Nombre%2c+o.Url%2c+o.Icono%2c+o.RibbonTab%2c+o.RibbonGroup%2c+o.OrdenTab%2c+o.OrdenGrupo%2c+o.OrdenOpcion+FROM+conf_opciones+o+INNER+JOIN+conf_rolopciones+ro+ON+o.Id+%3d+ro.OpcionId+INNER+JOIN+conf_usuarioroles+ur+ON+ro.RolId+%3d+ur.RolId+WHERE+ur.UsuarioId+%3d+1+AND+o.Activo+%3d+1+ORDER+BY+o.OrdenTab%2c+o.OrdenGrupo%2c+o.OrdenOpcion
2026-01-06 20:28:43 [INFO] AuthService.ObtenerOpcionesMenu - Datos retornados: 18
2026-01-06 20:28:43 [INFO] AuthService.ObtenerOpcionesMenu - Opciones construidas: 18
2026-01-06 20:28:43 [INFO] [Usuario: admin] Login exitoso para usuario: admin (ID: 1, Nombre: Administrador General, Entidad: 1)
2026-01-06 20:28:43 [ERROR] Error durante el proceso de login
Exception: ThreadAbortException
Message: Subproceso anulado.
Stack Trace:    en System.Threading.Thread.AbortInternal()
   en System.Threading.Thread.Abort(Object stateInfo)
   en System.Web.HttpResponse.AbortCurrentThread()
   en JelaWeb.Ingreso.btnLogin_Click(Object sender, EventArgs e) en D:\DesarrolloWEB\JelaAzure\JelaWeb\JelaWeb\Views\Auth\Ingreso.aspx.vb:línea 93
2026-01-06 20:28:46 [ERROR] Error al cargar scripts y estilos en Master Page: La colección de controles no puede modificarse porque el control contiene bloques de código (por ej. <% ... %>).
Exception: HttpException
Message: La colección de controles no puede modificarse porque el control contiene bloques de código (por ej. <% ... %>).
Stack Trace:    en System.Web.UI.ControlCollection.Add(Control child)
   en JelaWeb.Jela.LoadScriptsAndStyles() en D:\DesarrolloWEB\JelaAzure\JelaWeb\JelaWeb\MasterPages\Jela.Master.vb:línea 342
2026-01-06 20:28:54 [ERROR] Error en ObtenerDatos: Error al consumir la API: Error al ejecutar la consulta: Unknown column 'c.Activo' in 'on clause' (HTTP 500)
Exception: Exception
Message: Error al consumir la API: Error al ejecutar la consulta: Unknown column 'c.Activo' in 'on clause' (HTTP 500)
Stack Trace:    en JelaWeb.ApiConsumer.ObtenerDatos(String url) en D:\DesarrolloWEB\JelaAzure\JelaWeb\JelaWeb\Services\API\ApiConsumer.vb:línea 69
2026-01-06 20:28:54 [ERROR] DynamicCrudService.EjecutarConsulta
Exception: Exception
Message: Error al consumir la API: Error al ejecutar la consulta: Unknown column 'c.Activo' in 'on clause' (HTTP 500)
Stack Trace:    en JelaWeb.ApiConsumer.ObtenerDatos(String url) en D:\DesarrolloWEB\JelaAzure\JelaWeb\JelaWeb\Services\API\ApiConsumer.vb:línea 115
   en JelaWeb.DynamicCrudService.EjecutarConsulta(String query) en D:\DesarrolloWEB\JelaAzure\JelaWeb\JelaWeb\Services\DynamicCrudService.vb:línea 249
2026-01-06 20:28:54 [ERROR] Unidades.CargarDatos
Exception: ApplicationException
Message: Error al ejecutar consulta
Stack Trace:    en JelaWeb.DynamicCrudService.EjecutarConsulta(String query) en D:\DesarrolloWEB\JelaAzure\JelaWeb\JelaWeb\Services\DynamicCrudService.vb:línea 254
   en JelaWeb.Unidades.CargarDatos() en D:\DesarrolloWEB\JelaAzure\JelaWeb\JelaWeb\Views\Catalogos\Unidades.aspx.vb:línea 55
Inner Exception: Error al consumir la API: Error al ejecutar la consulta: Unknown column 'c.Activo' in 'on clause' (HTTP 500)
2026-01-06 20:28:54 [ERROR] Error al cargar scripts y estilos en Master Page: La colección de controles no puede modificarse porque el control contiene bloques de código (por ej. <% ... %>).
Exception: HttpException
Message: La colección de controles no puede modificarse porque el control contiene bloques de código (por ej. <% ... %>).
Stack Trace:    en System.Web.UI.ControlCollection.Add(Control child)
   en JelaWeb.Jela.LoadScriptsAndStyles() en D:\DesarrolloWEB\JelaAzure\JelaWeb\JelaWeb\MasterPages\Jela.Master.vb:línea 342
2026-01-06 20:36:05 [INFO] Aplicación JELA iniciada correctamente
2026-01-06 20:36:06 [INFO] [Usuario: ::1] Nueva sesión iniciada - SessionID: xskix3qpbidykh2peej5qnsj
2026-01-06 20:36:12 [INFO] AuthService.ObtenerOpcionesMenu - UserId: 1, Query: SELECT DISTINCT o.Id, o.Nombre, o.Url, o.Icono, o.RibbonTab, o.RibbonGroup, o.OrdenTab, o.OrdenGrupo, o.OrdenOpcion FROM conf_opciones o INNER JOIN conf_rolopciones ro ON o.Id = ro.OpcionId INNER JOIN conf_usuarioroles ur ON ro.RolId = ur.RolId WHERE ur.UsuarioId = 1 AND o.Activo = 1 ORDER BY o.OrdenTab, o.OrdenGrupo, o.OrdenOpcion
2026-01-06 20:36:12 [INFO] AuthService.ObtenerOpcionesMenu - URL: https://jela-api-ctb8a6ggbpdqbxhg.mexicocentral-01.azurewebsites.net/api/CRUD?strQuery=SELECT+DISTINCT+o.Id%2c+o.Nombre%2c+o.Url%2c+o.Icono%2c+o.RibbonTab%2c+o.RibbonGroup%2c+o.OrdenTab%2c+o.OrdenGrupo%2c+o.OrdenOpcion+FROM+conf_opciones+o+INNER+JOIN+conf_rolopciones+ro+ON+o.Id+%3d+ro.OpcionId+INNER+JOIN+conf_usuarioroles+ur+ON+ro.RolId+%3d+ur.RolId+WHERE+ur.UsuarioId+%3d+1+AND+o.Activo+%3d+1+ORDER+BY+o.OrdenTab%2c+o.OrdenGrupo%2c+o.OrdenOpcion
2026-01-06 20:36:12 [INFO] AuthService.ObtenerOpcionesMenu - Datos retornados: 18
2026-01-06 20:36:12 [INFO] AuthService.ObtenerOpcionesMenu - Opciones construidas: 18
2026-01-06 20:36:12 [INFO] [Usuario: admin] Login exitoso para usuario: admin (ID: 1, Nombre: Administrador General, Entidad: 1)
2026-01-06 20:36:12 [ERROR] Error durante el proceso de login
Exception: ThreadAbortException
Message: Subproceso anulado.
Stack Trace:    en System.Threading.Thread.AbortInternal()
   en System.Threading.Thread.Abort(Object stateInfo)
   en System.Web.HttpResponse.AbortCurrentThread()
   en JelaWeb.Ingreso.btnLogin_Click(Object sender, EventArgs e) en D:\DesarrolloWEB\JelaAzure\JelaWeb\JelaWeb\Views\Auth\Ingreso.aspx.vb:línea 93
2026-01-06 20:36:15 [ERROR] Error al cargar scripts y estilos en Master Page: La colección de controles no puede modificarse porque el control contiene bloques de código (por ej. <% ... %>).
Exception: HttpException
Message: La colección de controles no puede modificarse porque el control contiene bloques de código (por ej. <% ... %>).
Stack Trace:    en System.Web.UI.ControlCollection.Add(Control child)
   en JelaWeb.Jela.LoadScriptsAndStyles() en D:\DesarrolloWEB\JelaAzure\JelaWeb\JelaWeb\MasterPages\Jela.Master.vb:línea 342
2026-01-06 20:36:23 [ERROR] Error en ObtenerDatos: Error al consumir la API: Error al ejecutar la consulta: Unknown column 'c.Activo' in 'on clause' (HTTP 500)
Exception: Exception
Message: Error al consumir la API: Error al ejecutar la consulta: Unknown column 'c.Activo' in 'on clause' (HTTP 500)
Stack Trace:    en JelaWeb.ApiConsumer.ObtenerDatos(String url) en D:\DesarrolloWEB\JelaAzure\JelaWeb\JelaWeb\Services\API\ApiConsumer.vb:línea 69
2026-01-06 20:36:23 [ERROR] DynamicCrudService.EjecutarConsulta
Exception: Exception
Message: Error al consumir la API: Error al ejecutar la consulta: Unknown column 'c.Activo' in 'on clause' (HTTP 500)
Stack Trace:    en JelaWeb.ApiConsumer.ObtenerDatos(String url) en D:\DesarrolloWEB\JelaAzure\JelaWeb\JelaWeb\Services\API\ApiConsumer.vb:línea 115
   en JelaWeb.DynamicCrudService.EjecutarConsulta(String query) en D:\DesarrolloWEB\JelaAzure\JelaWeb\JelaWeb\Services\DynamicCrudService.vb:línea 249
2026-01-06 20:36:23 [ERROR] Unidades.CargarDatos
Exception: ApplicationException
Message: Error al ejecutar consulta
Stack Trace:    en JelaWeb.DynamicCrudService.EjecutarConsulta(String query) en D:\DesarrolloWEB\JelaAzure\JelaWeb\JelaWeb\Services\DynamicCrudService.vb:línea 254
   en JelaWeb.Unidades.CargarDatos() en D:\DesarrolloWEB\JelaAzure\JelaWeb\JelaWeb\Views\Catalogos\Unidades.aspx.vb:línea 55
Inner Exception: Error al consumir la API: Error al ejecutar la consulta: Unknown column 'c.Activo' in 'on clause' (HTTP 500)
2026-01-06 20:36:23 [ERROR] Error al cargar scripts y estilos en Master Page: La colección de controles no puede modificarse porque el control contiene bloques de código (por ej. <% ... %>).
Exception: HttpException
Message: La colección de controles no puede modificarse porque el control contiene bloques de código (por ej. <% ... %>).
Stack Trace:    en System.Web.UI.ControlCollection.Add(Control child)
   en JelaWeb.Jela.LoadScriptsAndStyles() en D:\DesarrolloWEB\JelaAzure\JelaWeb\JelaWeb\MasterPages\Jela.Master.vb:línea 342
2026-01-06 20:41:44 [INFO] Aplicación JELA iniciada correctamente
2026-01-06 20:41:45 [INFO] [Usuario: ::1] Nueva sesión iniciada - SessionID: bptlafevkrdgdtirlfoqie3h
2026-01-06 20:41:52 [INFO] AuthService.ObtenerOpcionesMenu - UserId: 1, Query: SELECT DISTINCT o.Id, o.Nombre, o.Url, o.Icono, o.RibbonTab, o.RibbonGroup, o.OrdenTab, o.OrdenGrupo, o.OrdenOpcion FROM conf_opciones o INNER JOIN conf_rolopciones ro ON o.Id = ro.OpcionId INNER JOIN conf_usuarioroles ur ON ro.RolId = ur.RolId WHERE ur.UsuarioId = 1 AND o.Activo = 1 ORDER BY o.OrdenTab, o.OrdenGrupo, o.OrdenOpcion
2026-01-06 20:41:52 [INFO] AuthService.ObtenerOpcionesMenu - URL: https://jela-api-ctb8a6ggbpdqbxhg.mexicocentral-01.azurewebsites.net/api/CRUD?strQuery=SELECT+DISTINCT+o.Id%2c+o.Nombre%2c+o.Url%2c+o.Icono%2c+o.RibbonTab%2c+o.RibbonGroup%2c+o.OrdenTab%2c+o.OrdenGrupo%2c+o.OrdenOpcion+FROM+conf_opciones+o+INNER+JOIN+conf_rolopciones+ro+ON+o.Id+%3d+ro.OpcionId+INNER+JOIN+conf_usuarioroles+ur+ON+ro.RolId+%3d+ur.RolId+WHERE+ur.UsuarioId+%3d+1+AND+o.Activo+%3d+1+ORDER+BY+o.OrdenTab%2c+o.OrdenGrupo%2c+o.OrdenOpcion
2026-01-06 20:41:52 [INFO] AuthService.ObtenerOpcionesMenu - Datos retornados: 18
2026-01-06 20:41:52 [INFO] AuthService.ObtenerOpcionesMenu - Opciones construidas: 18
2026-01-06 20:41:52 [INFO] [Usuario: admin] Login exitoso para usuario: admin (ID: 1, Nombre: Administrador General, Entidad: 1)
2026-01-06 20:41:52 [ERROR] Error durante el proceso de login
Exception: ThreadAbortException
Message: Subproceso anulado.
Stack Trace:    en System.Threading.Thread.AbortInternal()
   en System.Threading.Thread.Abort(Object stateInfo)
   en System.Web.HttpResponse.AbortCurrentThread()
   en JelaWeb.Ingreso.btnLogin_Click(Object sender, EventArgs e) en D:\DesarrolloWEB\JelaAzure\JelaWeb\JelaWeb\Views\Auth\Ingreso.aspx.vb:línea 93
2026-01-06 20:41:55 [ERROR] Error al cargar scripts y estilos en Master Page: La colección de controles no puede modificarse porque el control contiene bloques de código (por ej. <% ... %>).
Exception: HttpException
Message: La colección de controles no puede modificarse porque el control contiene bloques de código (por ej. <% ... %>).
Stack Trace:    en System.Web.UI.ControlCollection.Add(Control child)
   en JelaWeb.Jela.LoadScriptsAndStyles() en D:\DesarrolloWEB\JelaAzure\JelaWeb\JelaWeb\MasterPages\Jela.Master.vb:línea 342
2026-01-06 20:42:03 [INFO] Unidades.CargarCombos: 1 entidades cargadas
2026-01-06 20:42:03 [ERROR] Error en ObtenerDatos: Error al consumir la API: Error al ejecutar la consulta: Unknown column 'c.Activo' in 'on clause' (HTTP 500)
Exception: Exception
Message: Error al consumir la API: Error al ejecutar la consulta: Unknown column 'c.Activo' in 'on clause' (HTTP 500)
Stack Trace:    en JelaWeb.ApiConsumer.ObtenerDatos(String url) en D:\DesarrolloWEB\JelaAzure\JelaWeb\JelaWeb\Services\API\ApiConsumer.vb:línea 69
2026-01-06 20:42:03 [ERROR] DynamicCrudService.EjecutarConsulta
Exception: Exception
Message: Error al consumir la API: Error al ejecutar la consulta: Unknown column 'c.Activo' in 'on clause' (HTTP 500)
Stack Trace:    en JelaWeb.ApiConsumer.ObtenerDatos(String url) en D:\DesarrolloWEB\JelaAzure\JelaWeb\JelaWeb\Services\API\ApiConsumer.vb:línea 115
   en JelaWeb.DynamicCrudService.EjecutarConsulta(String query) en D:\DesarrolloWEB\JelaAzure\JelaWeb\JelaWeb\Services\DynamicCrudService.vb:línea 249
2026-01-06 20:42:03 [ERROR] Unidades.CargarDatos
Exception: ApplicationException
Message: Error al ejecutar consulta
Stack Trace:    en JelaWeb.DynamicCrudService.EjecutarConsulta(String query) en D:\DesarrolloWEB\JelaAzure\JelaWeb\JelaWeb\Services\DynamicCrudService.vb:línea 254
   en JelaWeb.Unidades.CargarDatos() en D:\DesarrolloWEB\JelaAzure\JelaWeb\JelaWeb\Views\Catalogos\Unidades.aspx.vb:línea 55
Inner Exception: Error al consumir la API: Error al ejecutar la consulta: Unknown column 'c.Activo' in 'on clause' (HTTP 500)
2026-01-06 20:42:03 [ERROR] Error al cargar scripts y estilos en Master Page: La colección de controles no puede modificarse porque el control contiene bloques de código (por ej. <% ... %>).
Exception: HttpException
Message: La colección de controles no puede modificarse porque el control contiene bloques de código (por ej. <% ... %>).
Stack Trace:    en System.Web.UI.ControlCollection.Add(Control child)
   en JelaWeb.Jela.LoadScriptsAndStyles() en D:\DesarrolloWEB\JelaAzure\JelaWeb\JelaWeb\MasterPages\Jela.Master.vb:línea 342
2026-01-06 20:42:19 [INFO] Unidades.CargarCombos: 1 entidades cargadas
2026-01-06 20:42:19 [ERROR] Error en ObtenerDatos: Error al consumir la API: Error al ejecutar la consulta: Unknown column 'c.Activo' in 'on clause' (HTTP 500)
Exception: Exception
Message: Error al consumir la API: Error al ejecutar la consulta: Unknown column 'c.Activo' in 'on clause' (HTTP 500)
Stack Trace:    en JelaWeb.ApiConsumer.ObtenerDatos(String url) en D:\DesarrolloWEB\JelaAzure\JelaWeb\JelaWeb\Services\API\ApiConsumer.vb:línea 69
2026-01-06 20:42:19 [ERROR] DynamicCrudService.EjecutarConsulta
Exception: Exception
Message: Error al consumir la API: Error al ejecutar la consulta: Unknown column 'c.Activo' in 'on clause' (HTTP 500)
Stack Trace:    en JelaWeb.ApiConsumer.ObtenerDatos(String url) en D:\DesarrolloWEB\JelaAzure\JelaWeb\JelaWeb\Services\API\ApiConsumer.vb:línea 115
   en JelaWeb.DynamicCrudService.EjecutarConsulta(String query) en D:\DesarrolloWEB\JelaAzure\JelaWeb\JelaWeb\Services\DynamicCrudService.vb:línea 249
2026-01-06 20:42:19 [ERROR] Unidades.CargarDatos
Exception: ApplicationException
Message: Error al ejecutar consulta
Stack Trace:    en JelaWeb.DynamicCrudService.EjecutarConsulta(String query) en D:\DesarrolloWEB\JelaAzure\JelaWeb\JelaWeb\Services\DynamicCrudService.vb:línea 254
   en JelaWeb.Unidades.CargarDatos() en D:\DesarrolloWEB\JelaAzure\JelaWeb\JelaWeb\Views\Catalogos\Unidades.aspx.vb:línea 55
Inner Exception: Error al consumir la API: Error al ejecutar la consulta: Unknown column 'c.Activo' in 'on clause' (HTTP 500)
2026-01-06 20:42:19 [ERROR] Error al cargar scripts y estilos en Master Page: La colección de controles no puede modificarse porque el control contiene bloques de código (por ej. <% ... %>).
Exception: HttpException
Message: La colección de controles no puede modificarse porque el control contiene bloques de código (por ej. <% ... %>).
Stack Trace:    en System.Web.UI.ControlCollection.Add(Control child)
   en JelaWeb.Jela.LoadScriptsAndStyles() en D:\DesarrolloWEB\JelaAzure\JelaWeb\JelaWeb\MasterPages\Jela.Master.vb:línea 342
2026-01-06 20:48:18 [INFO] Aplicación JELA iniciada correctamente
2026-01-06 20:48:19 [INFO] [Usuario: ::1] Nueva sesión iniciada - SessionID: se2ffjwgvwwwfdcpjawiehju
2026-01-06 20:48:25 [INFO] AuthService.ObtenerOpcionesMenu - UserId: 1, Query: SELECT DISTINCT o.Id, o.Nombre, o.Url, o.Icono, o.RibbonTab, o.RibbonGroup, o.OrdenTab, o.OrdenGrupo, o.OrdenOpcion FROM conf_opciones o INNER JOIN conf_rolopciones ro ON o.Id = ro.OpcionId INNER JOIN conf_usuarioroles ur ON ro.RolId = ur.RolId WHERE ur.UsuarioId = 1 AND o.Activo = 1 ORDER BY o.OrdenTab, o.OrdenGrupo, o.OrdenOpcion
2026-01-06 20:48:25 [INFO] AuthService.ObtenerOpcionesMenu - URL: https://jela-api-ctb8a6ggbpdqbxhg.mexicocentral-01.azurewebsites.net/api/CRUD?strQuery=SELECT+DISTINCT+o.Id%2c+o.Nombre%2c+o.Url%2c+o.Icono%2c+o.RibbonTab%2c+o.RibbonGroup%2c+o.OrdenTab%2c+o.OrdenGrupo%2c+o.OrdenOpcion+FROM+conf_opciones+o+INNER+JOIN+conf_rolopciones+ro+ON+o.Id+%3d+ro.OpcionId+INNER+JOIN+conf_usuarioroles+ur+ON+ro.RolId+%3d+ur.RolId+WHERE+ur.UsuarioId+%3d+1+AND+o.Activo+%3d+1+ORDER+BY+o.OrdenTab%2c+o.OrdenGrupo%2c+o.OrdenOpcion
2026-01-06 20:48:25 [INFO] AuthService.ObtenerOpcionesMenu - Datos retornados: 18
2026-01-06 20:48:25 [INFO] AuthService.ObtenerOpcionesMenu - Opciones construidas: 18
2026-01-06 20:48:25 [INFO] [Usuario: admin] Login exitoso para usuario: admin (ID: 1, Nombre: Administrador General, Entidad: 1)
2026-01-06 20:48:25 [ERROR] Error durante el proceso de login
Exception: ThreadAbortException
Message: Subproceso anulado.
Stack Trace:    en System.Threading.Thread.AbortInternal()
   en System.Threading.Thread.Abort(Object stateInfo)
   en System.Web.HttpResponse.AbortCurrentThread()
   en JelaWeb.Ingreso.btnLogin_Click(Object sender, EventArgs e) en D:\DesarrolloWEB\JelaAzure\JelaWeb\JelaWeb\Views\Auth\Ingreso.aspx.vb:línea 93
2026-01-06 20:48:28 [ERROR] Error al cargar scripts y estilos en Master Page: La colección de controles no puede modificarse porque el control contiene bloques de código (por ej. <% ... %>).
Exception: HttpException
Message: La colección de controles no puede modificarse porque el control contiene bloques de código (por ej. <% ... %>).
Stack Trace:    en System.Web.UI.ControlCollection.Add(Control child)
   en JelaWeb.Jela.LoadScriptsAndStyles() en D:\DesarrolloWEB\JelaAzure\JelaWeb\JelaWeb\MasterPages\Jela.Master.vb:línea 342
2026-01-06 20:48:35 [INFO] Unidades.CargarCombos: 1 entidades cargadas
2026-01-06 20:48:36 [INFO] Unidades.CargarDatos: Consulta con entidades ejecutada correctamente
2026-01-06 20:48:36 [ERROR] Error al cargar scripts y estilos en Master Page: La colección de controles no puede modificarse porque el control contiene bloques de código (por ej. <% ... %>).
Exception: HttpException
Message: La colección de controles no puede modificarse porque el control contiene bloques de código (por ej. <% ... %>).
Stack Trace:    en System.Web.UI.ControlCollection.Add(Control child)
   en JelaWeb.Jela.LoadScriptsAndStyles() en D:\DesarrolloWEB\JelaAzure\JelaWeb\JelaWeb\MasterPages\Jela.Master.vb:línea 342
2026-01-06 21:02:50 [INFO] Aplicación JELA iniciada correctamente
2026-01-06 21:02:51 [INFO] [Usuario: ::1] Nueva sesión iniciada - SessionID: jnxndvku5htyfyxshsmhjips
2026-01-06 21:02:57 [INFO] AuthService.ObtenerOpcionesMenu - UserId: 1, Query: SELECT DISTINCT o.Id, o.Nombre, o.Url, o.Icono, o.RibbonTab, o.RibbonGroup, o.OrdenTab, o.OrdenGrupo, o.OrdenOpcion FROM conf_opciones o INNER JOIN conf_rolopciones ro ON o.Id = ro.OpcionId INNER JOIN conf_usuarioroles ur ON ro.RolId = ur.RolId WHERE ur.UsuarioId = 1 AND o.Activo = 1 ORDER BY o.OrdenTab, o.OrdenGrupo, o.OrdenOpcion
2026-01-06 21:02:57 [INFO] AuthService.ObtenerOpcionesMenu - URL: https://jela-api-ctb8a6ggbpdqbxhg.mexicocentral-01.azurewebsites.net/api/CRUD?strQuery=SELECT+DISTINCT+o.Id%2c+o.Nombre%2c+o.Url%2c+o.Icono%2c+o.RibbonTab%2c+o.RibbonGroup%2c+o.OrdenTab%2c+o.OrdenGrupo%2c+o.OrdenOpcion+FROM+conf_opciones+o+INNER+JOIN+conf_rolopciones+ro+ON+o.Id+%3d+ro.OpcionId+INNER+JOIN+conf_usuarioroles+ur+ON+ro.RolId+%3d+ur.RolId+WHERE+ur.UsuarioId+%3d+1+AND+o.Activo+%3d+1+ORDER+BY+o.OrdenTab%2c+o.OrdenGrupo%2c+o.OrdenOpcion
2026-01-06 21:02:57 [INFO] AuthService.ObtenerOpcionesMenu - Datos retornados: 18
2026-01-06 21:02:57 [INFO] AuthService.ObtenerOpcionesMenu - Opciones construidas: 18
2026-01-06 21:02:57 [INFO] [Usuario: admin] Login exitoso para usuario: admin (ID: 1, Nombre: Administrador General, Entidad: 1)
2026-01-06 21:02:57 [ERROR] Error durante el proceso de login
Exception: ThreadAbortException
Message: Subproceso anulado.
Stack Trace:    en System.Threading.Thread.AbortInternal()
   en System.Threading.Thread.Abort(Object stateInfo)
   en System.Web.HttpResponse.AbortCurrentThread()
   en JelaWeb.Ingreso.btnLogin_Click(Object sender, EventArgs e) en D:\DesarrolloWEB\JelaAzure\JelaWeb\JelaWeb\Views\Auth\Ingreso.aspx.vb:línea 93
2026-01-06 21:02:59 [ERROR] Error al cargar scripts y estilos en Master Page: La colección de controles no puede modificarse porque el control contiene bloques de código (por ej. <% ... %>).
Exception: HttpException
Message: La colección de controles no puede modificarse porque el control contiene bloques de código (por ej. <% ... %>).
Stack Trace:    en System.Web.UI.ControlCollection.Add(Control child)
   en JelaWeb.Jela.LoadScriptsAndStyles() en D:\DesarrolloWEB\JelaAzure\JelaWeb\JelaWeb\MasterPages\Jela.Master.vb:línea 342
2026-01-06 21:03:07 [INFO] Unidades.CargarCombos: DataTable obtenido. Es Nothing: False, Rows.Count: 4
2026-01-06 21:03:07 [INFO] Unidades.CargarCombos: 4 entidades cargadas en combo
2026-01-06 21:03:07 [ERROR] Error en ObtenerDatos: Error al consumir la API: Error al ejecutar la consulta: Unknown column 'c.Activo' in 'on clause' (HTTP 500)
Exception: Exception
Message: Error al consumir la API: Error al ejecutar la consulta: Unknown column 'c.Activo' in 'on clause' (HTTP 500)
Stack Trace:    en JelaWeb.ApiConsumer.ObtenerDatos(String url) en D:\DesarrolloWEB\JelaAzure\JelaWeb\JelaWeb\Services\API\ApiConsumer.vb:línea 69
2026-01-06 21:03:07 [INFO] Unidades.CargarDatos: 0 unidades cargadas
2026-01-06 21:03:07 [ERROR] Error al cargar scripts y estilos en Master Page: La colección de controles no puede modificarse porque el control contiene bloques de código (por ej. <% ... %>).
Exception: HttpException
Message: La colección de controles no puede modificarse porque el control contiene bloques de código (por ej. <% ... %>).
Stack Trace:    en System.Web.UI.ControlCollection.Add(Control child)
   en JelaWeb.Jela.LoadScriptsAndStyles() en D:\DesarrolloWEB\JelaAzure\JelaWeb\JelaWeb\MasterPages\Jela.Master.vb:línea 342
2026-01-06 21:03:11 [INFO] Unidades.ObtenerEntidades: Se encontraron 4 entidades
2026-01-06 21:03:25 [ERROR] Error en ObtenerDatos: Error al consumir la API: Error al ejecutar la consulta: Unknown column 'entidad_id' in 'where clause' (HTTP 500)
Exception: Exception
Message: Error al consumir la API: Error al ejecutar la consulta: Unknown column 'entidad_id' in 'where clause' (HTTP 500)
Stack Trace:    en JelaWeb.ApiConsumer.ObtenerDatos(String url) en D:\DesarrolloWEB\JelaAzure\JelaWeb\JelaWeb\Services\API\ApiConsumer.vb:línea 69
2026-01-06 21:03:25 [ERROR] Unidades.ObtenerSubEntidadesPorEntidad
Exception: ApplicationException
Message: Error al obtener las sub-entidades desde el API.
Stack Trace:    en JelaWeb.ApiService.ListarSubEntidadesActivasPorEntidad(Int32 IdEntidad) en D:\DesarrolloWEB\JelaAzure\JelaWeb\JelaWeb\Services\API\ApiService.vb:línea 604
   en JelaWeb.Unidades.ObtenerSubEntidadesPorEntidad(Int32 entidadId) en D:\DesarrolloWEB\JelaAzure\JelaWeb\JelaWeb\Views\Catalogos\Unidades.aspx.vb:línea 368
Inner Exception: Error al consumir la API: Error al ejecutar la consulta: Unknown column 'entidad_id' in 'where clause' (HTTP 500)
2026-01-06 21:03:29 [ERROR] Error en ObtenerDatos: Error al consumir la API: Error al ejecutar la consulta: Unknown column 'entidad_id' in 'where clause' (HTTP 500)
Exception: Exception
Message: Error al consumir la API: Error al ejecutar la consulta: Unknown column 'entidad_id' in 'where clause' (HTTP 500)
Stack Trace:    en JelaWeb.ApiConsumer.ObtenerDatos(String url) en D:\DesarrolloWEB\JelaAzure\JelaWeb\JelaWeb\Services\API\ApiConsumer.vb:línea 69
2026-01-06 21:03:29 [ERROR] Unidades.ObtenerSubEntidadesPorEntidad
Exception: ApplicationException
Message: Error al obtener las sub-entidades desde el API.
Stack Trace:    en JelaWeb.ApiService.ListarSubEntidadesActivasPorEntidad(Int32 IdEntidad) en D:\DesarrolloWEB\JelaAzure\JelaWeb\JelaWeb\Services\API\ApiService.vb:línea 604
   en JelaWeb.Unidades.ObtenerSubEntidadesPorEntidad(Int32 entidadId) en D:\DesarrolloWEB\JelaAzure\JelaWeb\JelaWeb\Views\Catalogos\Unidades.aspx.vb:línea 368
Inner Exception: Error al consumir la API: Error al ejecutar la consulta: Unknown column 'entidad_id' in 'where clause' (HTTP 500)
2026-01-06 21:03:33 [ERROR] Error en ObtenerDatos: Error al consumir la API: Error al ejecutar la consulta: Unknown column 'entidad_id' in 'where clause' (HTTP 500)
Exception: Exception
Message: Error al consumir la API: Error al ejecutar la consulta: Unknown column 'entidad_id' in 'where clause' (HTTP 500)
Stack Trace:    en JelaWeb.ApiConsumer.ObtenerDatos(String url) en D:\DesarrolloWEB\JelaAzure\JelaWeb\JelaWeb\Services\API\ApiConsumer.vb:línea 69
2026-01-06 21:03:33 [ERROR] Unidades.ObtenerSubEntidadesPorEntidad
Exception: ApplicationException
Message: Error al obtener las sub-entidades desde el API.
Stack Trace:    en JelaWeb.ApiService.ListarSubEntidadesActivasPorEntidad(Int32 IdEntidad) en D:\DesarrolloWEB\JelaAzure\JelaWeb\JelaWeb\Services\API\ApiService.vb:línea 604
   en JelaWeb.Unidades.ObtenerSubEntidadesPorEntidad(Int32 entidadId) en D:\DesarrolloWEB\JelaAzure\JelaWeb\JelaWeb\Views\Catalogos\Unidades.aspx.vb:línea 368
Inner Exception: Error al consumir la API: Error al ejecutar la consulta: Unknown column 'entidad_id' in 'where clause' (HTTP 500)
2026-01-06 21:03:36 [ERROR] Error en ObtenerDatos: Error al consumir la API: Error al ejecutar la consulta: Unknown column 'entidad_id' in 'where clause' (HTTP 500)
Exception: Exception
Message: Error al consumir la API: Error al ejecutar la consulta: Unknown column 'entidad_id' in 'where clause' (HTTP 500)
Stack Trace:    en JelaWeb.ApiConsumer.ObtenerDatos(String url) en D:\DesarrolloWEB\JelaAzure\JelaWeb\JelaWeb\Services\API\ApiConsumer.vb:línea 69
2026-01-06 21:03:36 [ERROR] Unidades.ObtenerSubEntidadesPorEntidad
Exception: ApplicationException
Message: Error al obtener las sub-entidades desde el API.
Stack Trace:    en JelaWeb.ApiService.ListarSubEntidadesActivasPorEntidad(Int32 IdEntidad) en D:\DesarrolloWEB\JelaAzure\JelaWeb\JelaWeb\Services\API\ApiService.vb:línea 604
   en JelaWeb.Unidades.ObtenerSubEntidadesPorEntidad(Int32 entidadId) en D:\DesarrolloWEB\JelaAzure\JelaWeb\JelaWeb\Views\Catalogos\Unidades.aspx.vb:línea 368
Inner Exception: Error al consumir la API: Error al ejecutar la consulta: Unknown column 'entidad_id' in 'where clause' (HTTP 500)
2026-01-06 21:03:42 [ERROR] Error en ObtenerDatos: Error al consumir la API: Error al ejecutar la consulta: Unknown column 'entidad_id' in 'where clause' (HTTP 500)
Exception: Exception
Message: Error al consumir la API: Error al ejecutar la consulta: Unknown column 'entidad_id' in 'where clause' (HTTP 500)
Stack Trace:    en JelaWeb.ApiConsumer.ObtenerDatos(String url) en D:\DesarrolloWEB\JelaAzure\JelaWeb\JelaWeb\Services\API\ApiConsumer.vb:línea 69
2026-01-06 21:03:42 [ERROR] Unidades.ObtenerSubEntidadesPorEntidad
Exception: ApplicationException
Message: Error al obtener las sub-entidades desde el API.
Stack Trace:    en JelaWeb.ApiService.ListarSubEntidadesActivasPorEntidad(Int32 IdEntidad) en D:\DesarrolloWEB\JelaAzure\JelaWeb\JelaWeb\Services\API\ApiService.vb:línea 604
   en JelaWeb.Unidades.ObtenerSubEntidadesPorEntidad(Int32 entidadId) en D:\DesarrolloWEB\JelaAzure\JelaWeb\JelaWeb\Views\Catalogos\Unidades.aspx.vb:línea 368
Inner Exception: Error al consumir la API: Error al ejecutar la consulta: Unknown column 'entidad_id' in 'where clause' (HTTP 500)
2026-01-06 21:13:41 [INFO] Aplicación JELA iniciada correctamente
2026-01-06 21:13:41 [INFO] [Usuario: ::1] Nueva sesión iniciada - SessionID: rc0iylaq3w11ffckk0bncloo
2026-01-06 21:13:49 [INFO] AuthService.ObtenerOpcionesMenu - UserId: 1, Query: SELECT DISTINCT o.Id, o.Nombre, o.Url, o.Icono, o.RibbonTab, o.RibbonGroup, o.OrdenTab, o.OrdenGrupo, o.OrdenOpcion FROM conf_opciones o INNER JOIN conf_rolopciones ro ON o.Id = ro.OpcionId INNER JOIN conf_usuarioroles ur ON ro.RolId = ur.RolId WHERE ur.UsuarioId = 1 AND o.Activo = 1 ORDER BY o.OrdenTab, o.OrdenGrupo, o.OrdenOpcion
2026-01-06 21:13:49 [INFO] AuthService.ObtenerOpcionesMenu - URL: https://jela-api-ctb8a6ggbpdqbxhg.mexicocentral-01.azurewebsites.net/api/CRUD?strQuery=SELECT+DISTINCT+o.Id%2c+o.Nombre%2c+o.Url%2c+o.Icono%2c+o.RibbonTab%2c+o.RibbonGroup%2c+o.OrdenTab%2c+o.OrdenGrupo%2c+o.OrdenOpcion+FROM+conf_opciones+o+INNER+JOIN+conf_rolopciones+ro+ON+o.Id+%3d+ro.OpcionId+INNER+JOIN+conf_usuarioroles+ur+ON+ro.RolId+%3d+ur.RolId+WHERE+ur.UsuarioId+%3d+1+AND+o.Activo+%3d+1+ORDER+BY+o.OrdenTab%2c+o.OrdenGrupo%2c+o.OrdenOpcion
2026-01-06 21:13:49 [INFO] AuthService.ObtenerOpcionesMenu - Datos retornados: 18
2026-01-06 21:13:49 [INFO] AuthService.ObtenerOpcionesMenu - Opciones construidas: 18
2026-01-06 21:13:49 [INFO] [Usuario: admin] Login exitoso para usuario: admin (ID: 1, Nombre: Administrador General, Entidad: 1)
2026-01-06 21:13:49 [ERROR] Error durante el proceso de login
Exception: ThreadAbortException
Message: Subproceso anulado.
Stack Trace:    en System.Threading.Thread.AbortInternal()
   en System.Threading.Thread.Abort(Object stateInfo)
   en System.Web.HttpResponse.AbortCurrentThread()
   en JelaWeb.Ingreso.btnLogin_Click(Object sender, EventArgs e) en D:\DesarrolloWEB\JelaAzure\JelaWeb\JelaWeb\Views\Auth\Ingreso.aspx.vb:línea 93
2026-01-06 21:13:52 [ERROR] Error al cargar scripts y estilos en Master Page: La colección de controles no puede modificarse porque el control contiene bloques de código (por ej. <% ... %>).
Exception: HttpException
Message: La colección de controles no puede modificarse porque el control contiene bloques de código (por ej. <% ... %>).
Stack Trace:    en System.Web.UI.ControlCollection.Add(Control child)
   en JelaWeb.Jela.LoadScriptsAndStyles() en D:\DesarrolloWEB\JelaAzure\JelaWeb\JelaWeb\MasterPages\Jela.Master.vb:línea 342
2026-01-06 21:14:54 [INFO] Unidades.CargarCombos: DataTable obtenido. Es Nothing: False, Rows.Count: 4
2026-01-06 21:14:54 [INFO] Unidades.CargarCombos: 4 entidades cargadas en combo
2026-01-06 21:14:54 [ERROR] Error en ObtenerDatos: Error al consumir la API: Error al ejecutar la consulta: Unknown column 'c.Activo' in 'on clause' (HTTP 500)
Exception: Exception
Message: Error al consumir la API: Error al ejecutar la consulta: Unknown column 'c.Activo' in 'on clause' (HTTP 500)
Stack Trace:    en JelaWeb.ApiConsumer.ObtenerDatos(String url) en D:\DesarrolloWEB\JelaAzure\JelaWeb\JelaWeb\Services\API\ApiConsumer.vb:línea 69
2026-01-06 21:14:55 [INFO] Unidades.CargarDatos: 0 unidades cargadas
2026-01-06 21:14:55 [ERROR] Error al cargar scripts y estilos en Master Page: La colección de controles no puede modificarse porque el control contiene bloques de código (por ej. <% ... %>).
Exception: HttpException
Message: La colección de controles no puede modificarse porque el control contiene bloques de código (por ej. <% ... %>).
Stack Trace:    en System.Web.UI.ControlCollection.Add(Control child)
   en JelaWeb.Jela.LoadScriptsAndStyles() en D:\DesarrolloWEB\JelaAzure\JelaWeb\JelaWeb\MasterPages\Jela.Master.vb:línea 342
2026-01-06 21:14:58 [INFO] Unidades.ObtenerEntidades: Se encontraron 4 entidades
2026-01-06 21:15:03 [INFO] Unidades.CargarCombos: DataTable obtenido. Es Nothing: False, Rows.Count: 4
2026-01-06 21:15:03 [INFO] Unidades.CargarCombos: 4 entidades cargadas en combo
2026-01-06 21:15:03 [ERROR] Error en ObtenerDatos: Error al consumir la API: Error al ejecutar la consulta: Unknown column 'c.Activo' in 'on clause' (HTTP 500)
Exception: Exception
Message: Error al consumir la API: Error al ejecutar la consulta: Unknown column 'c.Activo' in 'on clause' (HTTP 500)
Stack Trace:    en JelaWeb.ApiConsumer.ObtenerDatos(String url) en D:\DesarrolloWEB\JelaAzure\JelaWeb\JelaWeb\Services\API\ApiConsumer.vb:línea 69
2026-01-06 21:15:03 [INFO] Unidades.CargarDatos: 0 unidades cargadas
2026-01-06 21:15:03 [ERROR] Error al cargar scripts y estilos en Master Page: La colección de controles no puede modificarse porque el control contiene bloques de código (por ej. <% ... %>).
Exception: HttpException
Message: La colección de controles no puede modificarse porque el control contiene bloques de código (por ej. <% ... %>).
Stack Trace:    en System.Web.UI.ControlCollection.Add(Control child)
   en JelaWeb.Jela.LoadScriptsAndStyles() en D:\DesarrolloWEB\JelaAzure\JelaWeb\JelaWeb\MasterPages\Jela.Master.vb:línea 342
2026-01-06 21:15:05 [INFO] Unidades.ObtenerEntidades: Se encontraron 4 entidades
2026-01-06 21:22:13 [INFO] Aplicación JELA iniciada correctamente
2026-01-06 21:22:14 [INFO] [Usuario: ::1] Nueva sesión iniciada - SessionID: x22roay2ltdv1ucgxphbrw43
2026-01-06 21:22:20 [INFO] AuthService.ObtenerOpcionesMenu - UserId: 1, Query: SELECT DISTINCT o.Id, o.Nombre, o.Url, o.Icono, o.RibbonTab, o.RibbonGroup, o.OrdenTab, o.OrdenGrupo, o.OrdenOpcion FROM conf_opciones o INNER JOIN conf_rolopciones ro ON o.Id = ro.OpcionId INNER JOIN conf_usuarioroles ur ON ro.RolId = ur.RolId WHERE ur.UsuarioId = 1 AND o.Activo = 1 ORDER BY o.OrdenTab, o.OrdenGrupo, o.OrdenOpcion
2026-01-06 21:22:20 [INFO] AuthService.ObtenerOpcionesMenu - URL: https://jela-api-ctb8a6ggbpdqbxhg.mexicocentral-01.azurewebsites.net/api/CRUD?strQuery=SELECT+DISTINCT+o.Id%2c+o.Nombre%2c+o.Url%2c+o.Icono%2c+o.RibbonTab%2c+o.RibbonGroup%2c+o.OrdenTab%2c+o.OrdenGrupo%2c+o.OrdenOpcion+FROM+conf_opciones+o+INNER+JOIN+conf_rolopciones+ro+ON+o.Id+%3d+ro.OpcionId+INNER+JOIN+conf_usuarioroles+ur+ON+ro.RolId+%3d+ur.RolId+WHERE+ur.UsuarioId+%3d+1+AND+o.Activo+%3d+1+ORDER+BY+o.OrdenTab%2c+o.OrdenGrupo%2c+o.OrdenOpcion
2026-01-06 21:22:20 [INFO] AuthService.ObtenerOpcionesMenu - Datos retornados: 18
2026-01-06 21:22:20 [INFO] AuthService.ObtenerOpcionesMenu - Opciones construidas: 18
2026-01-06 21:22:20 [INFO] [Usuario: admin] Login exitoso para usuario: admin (ID: 1, Nombre: Administrador General, Entidad: 1)
2026-01-06 21:22:20 [ERROR] Error durante el proceso de login
Exception: ThreadAbortException
Message: Subproceso anulado.
Stack Trace:    en System.Threading.Thread.AbortInternal()
   en System.Threading.Thread.Abort(Object stateInfo)
   en System.Web.HttpResponse.AbortCurrentThread()
   en JelaWeb.Ingreso.btnLogin_Click(Object sender, EventArgs e) en D:\DesarrolloWEB\JelaAzure\JelaWeb\JelaWeb\Views\Auth\Ingreso.aspx.vb:línea 93
2026-01-06 21:22:23 [ERROR] Error al cargar scripts y estilos en Master Page: La colección de controles no puede modificarse porque el control contiene bloques de código (por ej. <% ... %>).
Exception: HttpException
Message: La colección de controles no puede modificarse porque el control contiene bloques de código (por ej. <% ... %>).
Stack Trace:    en System.Web.UI.ControlCollection.Add(Control child)
   en JelaWeb.Jela.LoadScriptsAndStyles() en D:\DesarrolloWEB\JelaAzure\JelaWeb\JelaWeb\MasterPages\Jela.Master.vb:línea 342
2026-01-06 21:22:30 [INFO] Unidades.CargarCombos: DataTable obtenido. Es Nothing: False, Rows.Count: 4
2026-01-06 21:22:30 [INFO] Unidades.CargarCombos: 4 entidades cargadas en combo
2026-01-06 21:22:30 [ERROR] Error en ObtenerDatos: Error al consumir la API: Error al ejecutar la consulta: Unknown column 'c.Activo' in 'on clause' (HTTP 500)
Exception: Exception
Message: Error al consumir la API: Error al ejecutar la consulta: Unknown column 'c.Activo' in 'on clause' (HTTP 500)
Stack Trace:    en JelaWeb.ApiConsumer.ObtenerDatos(String url) en D:\DesarrolloWEB\JelaAzure\JelaWeb\JelaWeb\Services\API\ApiConsumer.vb:línea 69
2026-01-06 21:22:31 [INFO] Unidades.CargarDatos: 0 unidades cargadas
2026-01-06 21:22:31 [ERROR] Error al cargar scripts y estilos en Master Page: La colección de controles no puede modificarse porque el control contiene bloques de código (por ej. <% ... %>).
Exception: HttpException
Message: La colección de controles no puede modificarse porque el control contiene bloques de código (por ej. <% ... %>).
Stack Trace:    en System.Web.UI.ControlCollection.Add(Control child)
   en JelaWeb.Jela.LoadScriptsAndStyles() en D:\DesarrolloWEB\JelaAzure\JelaWeb\JelaWeb\MasterPages\Jela.Master.vb:línea 342
2026-01-06 21:22:34 [INFO] Unidades.ObtenerEntidades: Se encontraron 4 entidades
2026-01-06 21:24:51 [INFO] Aplicación JELA iniciada correctamente
2026-01-06 21:24:52 [INFO] [Usuario: ::1] Nueva sesión iniciada - SessionID: nvlica3jyazdj4loigmymlal
2026-01-06 21:24:57 [INFO] AuthService.ObtenerOpcionesMenu - UserId: 1, Query: SELECT DISTINCT o.Id, o.Nombre, o.Url, o.Icono, o.RibbonTab, o.RibbonGroup, o.OrdenTab, o.OrdenGrupo, o.OrdenOpcion FROM conf_opciones o INNER JOIN conf_rolopciones ro ON o.Id = ro.OpcionId INNER JOIN conf_usuarioroles ur ON ro.RolId = ur.RolId WHERE ur.UsuarioId = 1 AND o.Activo = 1 ORDER BY o.OrdenTab, o.OrdenGrupo, o.OrdenOpcion
2026-01-06 21:24:57 [INFO] AuthService.ObtenerOpcionesMenu - URL: https://jela-api-ctb8a6ggbpdqbxhg.mexicocentral-01.azurewebsites.net/api/CRUD?strQuery=SELECT+DISTINCT+o.Id%2c+o.Nombre%2c+o.Url%2c+o.Icono%2c+o.RibbonTab%2c+o.RibbonGroup%2c+o.OrdenTab%2c+o.OrdenGrupo%2c+o.OrdenOpcion+FROM+conf_opciones+o+INNER+JOIN+conf_rolopciones+ro+ON+o.Id+%3d+ro.OpcionId+INNER+JOIN+conf_usuarioroles+ur+ON+ro.RolId+%3d+ur.RolId+WHERE+ur.UsuarioId+%3d+1+AND+o.Activo+%3d+1+ORDER+BY+o.OrdenTab%2c+o.OrdenGrupo%2c+o.OrdenOpcion
2026-01-06 21:24:57 [INFO] AuthService.ObtenerOpcionesMenu - Datos retornados: 18
2026-01-06 21:24:57 [INFO] AuthService.ObtenerOpcionesMenu - Opciones construidas: 18
2026-01-06 21:24:57 [INFO] [Usuario: admin] Login exitoso para usuario: admin (ID: 1, Nombre: Administrador General, Entidad: 1)
2026-01-06 21:24:57 [ERROR] Error durante el proceso de login
Exception: ThreadAbortException
Message: Subproceso anulado.
Stack Trace:    en System.Threading.Thread.AbortInternal()
   en System.Threading.Thread.Abort(Object stateInfo)
   en System.Web.HttpResponse.AbortCurrentThread()
   en JelaWeb.Ingreso.btnLogin_Click(Object sender, EventArgs e) en D:\DesarrolloWEB\JelaAzure\JelaWeb\JelaWeb\Views\Auth\Ingreso.aspx.vb:línea 93
2026-01-06 21:25:00 [ERROR] Error al cargar scripts y estilos en Master Page: La colección de controles no puede modificarse porque el control contiene bloques de código (por ej. <% ... %>).
Exception: HttpException
Message: La colección de controles no puede modificarse porque el control contiene bloques de código (por ej. <% ... %>).
Stack Trace:    en System.Web.UI.ControlCollection.Add(Control child)
   en JelaWeb.Jela.LoadScriptsAndStyles() en D:\DesarrolloWEB\JelaAzure\JelaWeb\JelaWeb\MasterPages\Jela.Master.vb:línea 342
2026-01-06 21:25:08 [INFO] Unidades.CargarCombos: DataTable obtenido. Es Nothing: False, Rows.Count: 4
2026-01-06 21:25:08 [INFO] Unidades.CargarCombos: 4 entidades cargadas en combo
2026-01-06 21:25:08 [ERROR] Error en ObtenerDatos: Error al consumir la API: Error al ejecutar la consulta: Unknown column 'c.Activo' in 'on clause' (HTTP 500)
Exception: Exception
Message: Error al consumir la API: Error al ejecutar la consulta: Unknown column 'c.Activo' in 'on clause' (HTTP 500)
Stack Trace:    en JelaWeb.ApiConsumer.ObtenerDatos(String url) en D:\DesarrolloWEB\JelaAzure\JelaWeb\JelaWeb\Services\API\ApiConsumer.vb:línea 69
2026-01-06 21:25:09 [INFO] Unidades.CargarDatos: 0 unidades cargadas
2026-01-06 21:25:09 [ERROR] Error al cargar scripts y estilos en Master Page: La colección de controles no puede modificarse porque el control contiene bloques de código (por ej. <% ... %>).
Exception: HttpException
Message: La colección de controles no puede modificarse porque el control contiene bloques de código (por ej. <% ... %>).
Stack Trace:    en System.Web.UI.ControlCollection.Add(Control child)
   en JelaWeb.Jela.LoadScriptsAndStyles() en D:\DesarrolloWEB\JelaAzure\JelaWeb\JelaWeb\MasterPages\Jela.Master.vb:línea 342
2026-01-06 21:25:12 [INFO] Unidades.ObtenerEntidades: Se encontraron 4 entidades
2026-01-06 21:46:31 [INFO] Aplicación JELA iniciada correctamente
2026-01-06 21:46:32 [INFO] [Usuario: ::1] Nueva sesión iniciada - SessionID: b1mwsxtqhkvzxrv5up5orl3h
2026-01-06 21:46:39 [INFO] AuthService.ObtenerOpcionesMenu - UserId: 1, Query: SELECT DISTINCT o.Id, o.Nombre, o.Url, o.Icono, o.RibbonTab, o.RibbonGroup, o.OrdenTab, o.OrdenGrupo, o.OrdenOpcion FROM conf_opciones o INNER JOIN conf_rolopciones ro ON o.Id = ro.OpcionId INNER JOIN conf_usuarioroles ur ON ro.RolId = ur.RolId WHERE ur.UsuarioId = 1 AND o.Activo = 1 ORDER BY o.OrdenTab, o.OrdenGrupo, o.OrdenOpcion
2026-01-06 21:46:39 [INFO] AuthService.ObtenerOpcionesMenu - URL: https://jela-api-ctb8a6ggbpdqbxhg.mexicocentral-01.azurewebsites.net/api/CRUD?strQuery=SELECT+DISTINCT+o.Id%2c+o.Nombre%2c+o.Url%2c+o.Icono%2c+o.RibbonTab%2c+o.RibbonGroup%2c+o.OrdenTab%2c+o.OrdenGrupo%2c+o.OrdenOpcion+FROM+conf_opciones+o+INNER+JOIN+conf_rolopciones+ro+ON+o.Id+%3d+ro.OpcionId+INNER+JOIN+conf_usuarioroles+ur+ON+ro.RolId+%3d+ur.RolId+WHERE+ur.UsuarioId+%3d+1+AND+o.Activo+%3d+1+ORDER+BY+o.OrdenTab%2c+o.OrdenGrupo%2c+o.OrdenOpcion
2026-01-06 21:46:39 [INFO] AuthService.ObtenerOpcionesMenu - Datos retornados: 18
2026-01-06 21:46:39 [INFO] AuthService.ObtenerOpcionesMenu - Opciones construidas: 18
2026-01-06 21:46:39 [INFO] [Usuario: admin] Login exitoso para usuario: admin (ID: 1, Nombre: Administrador General, Entidad: 1)
2026-01-06 21:46:39 [ERROR] Error durante el proceso de login
Exception: ThreadAbortException
Message: Subproceso anulado.
Stack Trace:    en System.Threading.Thread.AbortInternal()
   en System.Threading.Thread.Abort(Object stateInfo)
   en System.Web.HttpResponse.AbortCurrentThread()
   en JelaWeb.Ingreso.btnLogin_Click(Object sender, EventArgs e) en D:\DesarrolloWEB\JelaAzure\JelaWeb\JelaWeb\Views\Auth\Ingreso.aspx.vb:línea 93
2026-01-06 21:46:42 [ERROR] Error al cargar scripts y estilos en Master Page: La colección de controles no puede modificarse porque el control contiene bloques de código (por ej. <% ... %>).
Exception: HttpException
Message: La colección de controles no puede modificarse porque el control contiene bloques de código (por ej. <% ... %>).
Stack Trace:    en System.Web.UI.ControlCollection.Add(Control child)
   en JelaWeb.Jela.LoadScriptsAndStyles() en D:\DesarrolloWEB\JelaAzure\JelaWeb\JelaWeb\MasterPages\Jela.Master.vb:línea 342
2026-01-06 21:46:49 [ERROR] [Usuario: Anónimo] Error no controlado en la aplicación
Exception: HttpParseException
Message: No se puede crear un objeto de tipo 'System.Web.UI.WebControls.Unit' a partir de su representación de cadena '90vh' para la propiedad 'Height'.
Stack Trace:    en System.Web.UI.TemplateParser.ParseString(String text, VirtualPath virtualPath, Encoding fileEncoding)
   en System.Web.UI.TemplateParser.ParseFile(String physicalPath, VirtualPath virtualPath)
   en System.Web.UI.TemplateParser.ParseInternal()
   en System.Web.UI.TemplateParser.Parse()
   en System.Web.Compilation.BaseTemplateBuildProvider.get_CodeCompilerType()
   en System.Web.Compilation.BuildProvider.GetCompilerTypeFromBuildProvider(BuildProvider buildProvider)
   en System.Web.Compilation.BuildProvidersCompiler.ProcessBuildProviders()
   en System.Web.Compilation.BuildProvidersCompiler.PerformBuild()
   en System.Web.Compilation.BuildManager.CompileWebFile(VirtualPath virtualPath)
   en System.Web.Compilation.BuildManager.GetVPathBuildResultInternal(VirtualPath virtualPath, Boolean noBuild, Boolean allowCrossApp, Boolean allowBuildInPrecompile, Boolean throwIfNotFound, Boolean ensureIsUpToDate)
   en System.Web.Compilation.BuildManager.GetVPathBuildResultWithNoAssert(HttpContext context, VirtualPath virtualPath, Boolean noBuild, Boolean allowCrossApp, Boolean allowBuildInPrecompile, Boolean throwIfNotFound, Boolean ensureIsUpToDate)
   en System.Web.Compilation.BuildManager.GetVirtualPathObjectFactory(VirtualPath virtualPath, HttpContext context, Boolean allowCrossApp, Boolean throwIfNotFound)
   en System.Web.Compilation.BuildManager.CreateInstanceFromVirtualPath(VirtualPath virtualPath, Type requiredBaseType, HttpContext context, Boolean allowCrossApp)
   en System.Web.UI.PageHandlerFactory.GetHandlerHelper(HttpContext context, String requestType, VirtualPath virtualPath, String physicalPath)
   en System.Web.HttpApplication.MaterializeHandlerExecutionStep.System.Web.HttpApplication.IExecutionStep.Execute()
   en System.Web.HttpApplication.ExecuteStepImpl(IExecutionStep step)
   en System.Web.HttpApplication.ExecuteStep(IExecutionStep step, Boolean& completedSynchronously)
Inner Exception: No se puede crear un objeto de tipo 'System.Web.UI.WebControls.Unit' a partir de su representación de cadena '90vh' para la propiedad 'Height'.
2026-01-06 21:46:49 [WARNING] [Usuario: ::1] Intento de acceso no autorizado a: /Views/Catalogos/Unidades.aspx
2026-01-06 22:03:52 [INFO] Aplicación JELA iniciada correctamente
2026-01-06 22:03:53 [INFO] [Usuario: ::1] Nueva sesión iniciada - SessionID: 2pg0xgjf1tmys3y01mzkx2ao
2026-01-06 22:03:58 [INFO] AuthService.ObtenerOpcionesMenu - UserId: 1, Query: SELECT DISTINCT o.Id, o.Nombre, o.Url, o.Icono, o.RibbonTab, o.RibbonGroup, o.OrdenTab, o.OrdenGrupo, o.OrdenOpcion FROM conf_opciones o INNER JOIN conf_rolopciones ro ON o.Id = ro.OpcionId INNER JOIN conf_usuarioroles ur ON ro.RolId = ur.RolId WHERE ur.UsuarioId = 1 AND o.Activo = 1 ORDER BY o.OrdenTab, o.OrdenGrupo, o.OrdenOpcion
2026-01-06 22:03:58 [INFO] AuthService.ObtenerOpcionesMenu - URL: https://jela-api-ctb8a6ggbpdqbxhg.mexicocentral-01.azurewebsites.net/api/CRUD?strQuery=SELECT+DISTINCT+o.Id%2c+o.Nombre%2c+o.Url%2c+o.Icono%2c+o.RibbonTab%2c+o.RibbonGroup%2c+o.OrdenTab%2c+o.OrdenGrupo%2c+o.OrdenOpcion+FROM+conf_opciones+o+INNER+JOIN+conf_rolopciones+ro+ON+o.Id+%3d+ro.OpcionId+INNER+JOIN+conf_usuarioroles+ur+ON+ro.RolId+%3d+ur.RolId+WHERE+ur.UsuarioId+%3d+1+AND+o.Activo+%3d+1+ORDER+BY+o.OrdenTab%2c+o.OrdenGrupo%2c+o.OrdenOpcion
2026-01-06 22:03:58 [INFO] AuthService.ObtenerOpcionesMenu - Datos retornados: 18
2026-01-06 22:03:58 [INFO] AuthService.ObtenerOpcionesMenu - Opciones construidas: 18
2026-01-06 22:03:58 [INFO] [Usuario: admin] Login exitoso para usuario: admin (ID: 1, Nombre: Administrador General, Entidad: 1)
2026-01-06 22:03:58 [ERROR] Error durante el proceso de login
Exception: ThreadAbortException
Message: Subproceso anulado.
Stack Trace:    en System.Threading.Thread.AbortInternal()
   en System.Threading.Thread.Abort(Object stateInfo)
   en System.Web.HttpResponse.AbortCurrentThread()
   en JelaWeb.Ingreso.btnLogin_Click(Object sender, EventArgs e) en D:\DesarrolloWEB\JelaAzure\JelaWeb\JelaWeb\Views\Auth\Ingreso.aspx.vb:línea 93
2026-01-06 22:04:01 [ERROR] Error al cargar scripts y estilos en Master Page: La colección de controles no puede modificarse porque el control contiene bloques de código (por ej. <% ... %>).
Exception: HttpException
Message: La colección de controles no puede modificarse porque el control contiene bloques de código (por ej. <% ... %>).
Stack Trace:    en System.Web.UI.ControlCollection.Add(Control child)
   en JelaWeb.Jela.LoadScriptsAndStyles() en D:\DesarrolloWEB\JelaAzure\JelaWeb\JelaWeb\MasterPages\Jela.Master.vb:línea 342
2026-01-06 22:05:56 [ERROR] [Usuario: Anónimo] Error no controlado en la aplicación
Exception: HttpParseException
Message: La propiedad 'Height' no se puede establecer mediante declaración.
Stack Trace:    en System.Web.UI.TemplateParser.ParseString(String text, VirtualPath virtualPath, Encoding fileEncoding)
   en System.Web.UI.TemplateParser.ParseFile(String physicalPath, VirtualPath virtualPath)
   en System.Web.UI.TemplateParser.ParseInternal()
   en System.Web.UI.TemplateParser.Parse()
   en System.Web.Compilation.BaseTemplateBuildProvider.get_CodeCompilerType()
   en System.Web.Compilation.BuildProvider.GetCompilerTypeFromBuildProvider(BuildProvider buildProvider)
   en System.Web.Compilation.BuildProvidersCompiler.ProcessBuildProviders()
   en System.Web.Compilation.BuildProvidersCompiler.PerformBuild()
   en System.Web.Compilation.BuildManager.CompileWebFile(VirtualPath virtualPath)
   en System.Web.Compilation.BuildManager.GetVPathBuildResultInternal(VirtualPath virtualPath, Boolean noBuild, Boolean allowCrossApp, Boolean allowBuildInPrecompile, Boolean throwIfNotFound, Boolean ensureIsUpToDate)
   en System.Web.Compilation.BuildManager.GetVPathBuildResultWithNoAssert(HttpContext context, VirtualPath virtualPath, Boolean noBuild, Boolean allowCrossApp, Boolean allowBuildInPrecompile, Boolean throwIfNotFound, Boolean ensureIsUpToDate)
   en System.Web.Compilation.BuildManager.GetVirtualPathObjectFactory(VirtualPath virtualPath, HttpContext context, Boolean allowCrossApp, Boolean throwIfNotFound)
   en System.Web.Compilation.BuildManager.CreateInstanceFromVirtualPath(VirtualPath virtualPath, Type requiredBaseType, HttpContext context, Boolean allowCrossApp)
   en System.Web.UI.PageHandlerFactory.GetHandlerHelper(HttpContext context, String requestType, VirtualPath virtualPath, String physicalPath)
   en System.Web.HttpApplication.MaterializeHandlerExecutionStep.System.Web.HttpApplication.IExecutionStep.Execute()
   en System.Web.HttpApplication.ExecuteStepImpl(IExecutionStep step)
   en System.Web.HttpApplication.ExecuteStep(IExecutionStep step, Boolean& completedSynchronously)
Inner Exception: La propiedad 'Height' no se puede establecer mediante declaración.
2026-01-06 22:05:56 [WARNING] [Usuario: ::1] Intento de acceso no autorizado a: /Views/Catalogos/Unidades.aspx
2026-01-06 22:46:10 [INFO] Aplicación JELA iniciada correctamente
2026-01-06 22:46:11 [INFO] [Usuario: ::1] Nueva sesión iniciada - SessionID: 2f2x30igx5gczgqo1keyfqsq
2026-01-06 22:47:35 [INFO] AuthService.ObtenerOpcionesMenu - UserId: 1, Query: SELECT DISTINCT o.Id, o.Nombre, o.Url, o.Icono, o.RibbonTab, o.RibbonGroup, o.OrdenTab, o.OrdenGrupo, o.OrdenOpcion FROM conf_opciones o INNER JOIN conf_rolopciones ro ON o.Id = ro.OpcionId INNER JOIN conf_usuarioroles ur ON ro.RolId = ur.RolId WHERE ur.UsuarioId = 1 AND o.Activo = 1 ORDER BY o.OrdenTab, o.OrdenGrupo, o.OrdenOpcion
2026-01-06 22:47:35 [INFO] AuthService.ObtenerOpcionesMenu - URL: https://jela-api-ctb8a6ggbpdqbxhg.mexicocentral-01.azurewebsites.net/api/CRUD?strQuery=SELECT+DISTINCT+o.Id%2c+o.Nombre%2c+o.Url%2c+o.Icono%2c+o.RibbonTab%2c+o.RibbonGroup%2c+o.OrdenTab%2c+o.OrdenGrupo%2c+o.OrdenOpcion+FROM+conf_opciones+o+INNER+JOIN+conf_rolopciones+ro+ON+o.Id+%3d+ro.OpcionId+INNER+JOIN+conf_usuarioroles+ur+ON+ro.RolId+%3d+ur.RolId+WHERE+ur.UsuarioId+%3d+1+AND+o.Activo+%3d+1+ORDER+BY+o.OrdenTab%2c+o.OrdenGrupo%2c+o.OrdenOpcion
2026-01-06 22:47:35 [INFO] AuthService.ObtenerOpcionesMenu - Datos retornados: 18
2026-01-06 22:47:35 [INFO] AuthService.ObtenerOpcionesMenu - Opciones construidas: 18
2026-01-06 22:47:35 [INFO] [Usuario: admin] Login exitoso para usuario: admin (ID: 1, Nombre: Administrador General, Entidad: 1)
2026-01-06 22:47:35 [ERROR] Error durante el proceso de login
Exception: ThreadAbortException
Message: Subproceso anulado.
Stack Trace:    en System.Threading.Thread.AbortInternal()
   en System.Threading.Thread.Abort(Object stateInfo)
   en System.Web.HttpResponse.AbortCurrentThread()
   en JelaWeb.Ingreso.btnLogin_Click(Object sender, EventArgs e) en D:\DesarrolloWEB\JelaAzure\JelaWeb\JelaWeb\Views\Auth\Ingreso.aspx.vb:línea 93
2026-01-06 22:47:37 [ERROR] Error al cargar scripts y estilos en Master Page: La colección de controles no puede modificarse porque el control contiene bloques de código (por ej. <% ... %>).
Exception: HttpException
Message: La colección de controles no puede modificarse porque el control contiene bloques de código (por ej. <% ... %>).
Stack Trace:    en System.Web.UI.ControlCollection.Add(Control child)
   en JelaWeb.Jela.LoadScriptsAndStyles() en D:\DesarrolloWEB\JelaAzure\JelaWeb\JelaWeb\MasterPages\Jela.Master.vb:línea 342
2026-01-06 22:47:46 [INFO] Unidades.CargarCombos: DataTable obtenido. Es Nothing: False, Rows.Count: 4
2026-01-06 22:47:46 [INFO] Unidades.CargarCombos: 4 entidades cargadas en combo
2026-01-06 22:47:46 [ERROR] Error en ObtenerDatos: Error al consumir la API: Error al ejecutar la consulta: Unknown column 'c.Activo' in 'on clause' (HTTP 500)
Exception: Exception
Message: Error al consumir la API: Error al ejecutar la consulta: Unknown column 'c.Activo' in 'on clause' (HTTP 500)
Stack Trace:    en JelaWeb.ApiConsumer.ObtenerDatos(String url) en D:\DesarrolloWEB\JelaAzure\JelaWeb\JelaWeb\Services\API\ApiConsumer.vb:línea 69
2026-01-06 22:47:46 [INFO] Unidades.CargarDatos: 0 unidades cargadas
2026-01-06 22:47:46 [ERROR] Error al cargar scripts y estilos en Master Page: La colección de controles no puede modificarse porque el control contiene bloques de código (por ej. <% ... %>).
Exception: HttpException
Message: La colección de controles no puede modificarse porque el control contiene bloques de código (por ej. <% ... %>).
Stack Trace:    en System.Web.UI.ControlCollection.Add(Control child)
   en JelaWeb.Jela.LoadScriptsAndStyles() en D:\DesarrolloWEB\JelaAzure\JelaWeb\JelaWeb\MasterPages\Jela.Master.vb:línea 342
2026-01-06 22:47:50 [INFO] Unidades.ObtenerEntidades: Se encontraron 4 entidades
