2026-01-22 09:50:54 [INFO] Aplicación JELA iniciada correctamente
2026-01-22 09:50:55 [INFO] [Usuario: ::1] Nueva sesión iniciada - SessionID: xwv12cyfs0cwq25k3rrynhmw
2026-01-22 09:50:57 [INFO] [Usuario: ::1] Nueva sesión iniciada - SessionID: xwv12cyfs0cwq25k3rrynhmw
2026-01-22 09:50:57 [WARNING] [Usuario: ::1] Intento de acceso no autorizado a: /Views/Catalogos/SubEntidades.aspx
2026-01-22 09:50:57 [WARNING] [Usuario: ::1] Intento de acceso no autorizado a: /Views/Catalogos/SubEntidades.aspx
2026-01-22 09:50:57 [INFO] Sesión finalizada - UserId: Desconocido - SessionID: xwv12cyfs0cwq25k3rrynhmw
2026-01-22 09:50:57 [INFO] Sesión finalizada - UserId: Desconocido - SessionID: xwv12cyfs0cwq25k3rrynhmw
2026-01-22 09:51:03 [INFO] DEBUG btnLogin_Click - txtUsername.Text: 'admin' (Length: 5)
2026-01-22 09:51:03 [INFO] DEBUG btnLogin_Click - txtPassword.Text: '***' (Length: 5)
2026-01-22 09:51:03 [INFO] DEBUG btnLogin_Click - IsNullOrWhiteSpace(txtUsername): False
2026-01-22 09:51:03 [INFO] DEBUG btnLogin_Click - IsNullOrWhiteSpace(txtPassword): False
2026-01-22 09:51:07 [INFO] AuthService.ObtenerOpcionesMenu - UserId: 1, Query: SELECT DISTINCT o.Id, o.Nombre, o.Url, o.Icono, o.RibbonTab, o.RibbonGroup, o.OrdenTab, o.OrdenGrupo, o.OrdenOpcion FROM conf_opciones o INNER JOIN conf_rolopciones ro ON o.Id = ro.OpcionId INNER JOIN conf_usuarioroles ur ON ro.RolId = ur.RolId WHERE ur.UsuarioId = 1 AND o.Activo = 1 ORDER BY o.OrdenTab, o.OrdenGrupo, o.OrdenOpcion
2026-01-22 09:51:07 [INFO] AuthService.ObtenerOpcionesMenu - URL: https://jela-api-ctb8a6ggbpdqbxhg.mexicocentral-01.azurewebsites.net/api/CRUD?strQuery=SELECT+DISTINCT+o.Id%2c+o.Nombre%2c+o.Url%2c+o.Icono%2c+o.RibbonTab%2c+o.RibbonGroup%2c+o.OrdenTab%2c+o.OrdenGrupo%2c+o.OrdenOpcion+FROM+conf_opciones+o+INNER+JOIN+conf_rolopciones+ro+ON+o.Id+%3d+ro.OpcionId+INNER+JOIN+conf_usuarioroles+ur+ON+ro.RolId+%3d+ur.RolId+WHERE+ur.UsuarioId+%3d+1+AND+o.Activo+%3d+1+ORDER+BY+o.OrdenTab%2c+o.OrdenGrupo%2c+o.OrdenOpcion
2026-01-22 09:51:08 [INFO] AuthService.ObtenerOpcionesMenu - Datos retornados: 21
2026-01-22 09:51:08 [INFO] AuthService.ObtenerOpcionesMenu - Opciones construidas: 21
2026-01-22 09:51:08 [INFO] [Usuario: admin] Login exitoso para usuario: admin (ID: 1, Nombre: Administrador General, TipoUsuario: Residente)
2026-01-22 09:51:08 [INFO] DEBUG Login - TipoUsuario recibido: 'Residente'
2026-01-22 09:51:08 [INFO] DEBUG Login - Constante esperada: 'AdministradorCondominios'
2026-01-22 09:51:08 [INFO] DEBUG Login - ¿Son iguales?: False
2026-01-22 09:51:08 [INFO] DEBUG Login - Comparación case-insensitive: False
2026-01-22 09:51:08 [INFO] DEBUG Login - Longitud TipoUsuario: 9
2026-01-22 09:51:08 [INFO] DEBUG Login - Longitud Constante: 24
2026-01-22 09:51:08 [INFO] Usuario admin es Residente, redirigiendo a inicio
2026-01-22 09:51:12 [ERROR] Error durante el proceso de login
Exception: ThreadAbortException
Message: Subproceso anulado.
Stack Trace:    en System.Threading.Thread.AbortInternal()
   en System.Threading.Thread.Abort(Object stateInfo)
   en System.Web.HttpResponse.AbortCurrentThread()
   en JelaWeb.Ingreso.btnLogin_Click(Object sender, EventArgs e) en d:\DesarrolloWEB\JelaAzure\JelaWeb\JelaWeb\Views\Auth\Ingreso.aspx.vb:línea 130
2026-01-22 09:51:12 [WARNING] Email no encontrado para usuario 1, usando email por defecto
2026-01-22 09:51:12 [WARNING] Email no encontrado para usuario 1, usando email por defecto
2026-01-22 09:51:20 [ERROR] [Usuario: Anónimo] Error no controlado en la aplicación
Exception: HttpParseException
Message: La propiedad 'Height' no se puede establecer mediante declaración.
Stack Trace:    en System.Web.UI.TemplateParser.ParseString(String text, VirtualPath virtualPath, Encoding fileEncoding)
   en System.Web.UI.TemplateParser.ParseFile(String physicalPath, VirtualPath virtualPath)
   en System.Web.UI.TemplateParser.ParseInternal()
   en System.Web.UI.TemplateParser.Parse()
   en System.Web.Compilation.BaseTemplateBuildProvider.get_CodeCompilerType()
   en System.Web.Compilation.BuildProvider.GetCompilerTypeFromBuildProvider(BuildProvider buildProvider)
   en System.Web.Compilation.BuildProvidersCompiler.ProcessBuildProviders()
   en System.Web.Compilation.BuildProvidersCompiler.PerformBuild()
   en System.Web.Compilation.BuildManager.CompileWebFile(VirtualPath virtualPath)
   en System.Web.Compilation.BuildManager.GetVPathBuildResultInternal(VirtualPath virtualPath, Boolean noBuild, Boolean allowCrossApp, Boolean allowBuildInPrecompile, Boolean throwIfNotFound, Boolean ensureIsUpToDate)
   en System.Web.Compilation.BuildManager.GetVPathBuildResultWithNoAssert(HttpContext context, VirtualPath virtualPath, Boolean noBuild, Boolean allowCrossApp, Boolean allowBuildInPrecompile, Boolean throwIfNotFound, Boolean ensureIsUpToDate)
   en System.Web.Compilation.BuildManager.GetVirtualPathObjectFactory(VirtualPath virtualPath, HttpContext context, Boolean allowCrossApp, Boolean throwIfNotFound)
   en System.Web.Compilation.BuildManager.CreateInstanceFromVirtualPath(VirtualPath virtualPath, Type requiredBaseType, HttpContext context, Boolean allowCrossApp)
   en System.Web.UI.PageHandlerFactory.GetHandlerHelper(HttpContext context, String requestType, VirtualPath virtualPath, String physicalPath)
   en System.Web.HttpApplication.MaterializeHandlerExecutionStep.System.Web.HttpApplication.IExecutionStep.Execute()
   en System.Web.HttpApplication.ExecuteStepImpl(IExecutionStep step)
   en System.Web.HttpApplication.ExecuteStep(IExecutionStep step, Boolean& completedSynchronously)
Inner Exception: La propiedad 'Height' no se puede establecer mediante declaración.
2026-01-22 09:51:20 [WARNING] [Usuario: ::1] Intento de acceso no autorizado a: /Views/Operacion/Condominios/Reservaciones.aspx
2026-01-22 09:51:20 [WARNING] Email no encontrado para usuario 1, usando email por defecto
2026-01-22 09:51:20 [WARNING] Email no encontrado para usuario 1, usando email por defecto
2026-01-22 10:01:35 [INFO] Aplicación JELA iniciada correctamente
2026-01-22 10:01:36 [INFO] [Usuario: ::1] Nueva sesión iniciada - SessionID: xwv12cyfs0cwq25k3rrynhmw
2026-01-22 10:01:36 [INFO] [Usuario: ::1] Nueva sesión iniciada - SessionID: xwv12cyfs0cwq25k3rrynhmw
2026-01-22 10:01:36 [WARNING] [Usuario: ::1] Intento de acceso no autorizado a: /Views/Inicio.aspx
2026-01-22 10:01:36 [WARNING] [Usuario: ::1] Intento de acceso no autorizado a: /Views/Inicio.aspx
2026-01-22 10:01:36 [INFO] [Usuario: ::1] Nueva sesión iniciada - SessionID: xwv12cyfs0cwq25k3rrynhmw
2026-01-22 10:01:36 [INFO] Sesión finalizada - UserId: Desconocido - SessionID: xwv12cyfs0cwq25k3rrynhmw
2026-01-22 10:01:36 [INFO] Sesión finalizada - UserId: Desconocido - SessionID: xwv12cyfs0cwq25k3rrynhmw
2026-01-22 10:01:54 [INFO] DEBUG btnLogin_Click - txtUsername.Text: 'admin' (Length: 5)
2026-01-22 10:01:54 [INFO] DEBUG btnLogin_Click - txtPassword.Text: '***' (Length: 5)
2026-01-22 10:01:54 [INFO] DEBUG btnLogin_Click - IsNullOrWhiteSpace(txtUsername): False
2026-01-22 10:01:54 [INFO] DEBUG btnLogin_Click - IsNullOrWhiteSpace(txtPassword): False
2026-01-22 10:01:54 [INFO] AuthService.ObtenerOpcionesMenu - UserId: 1, Query: SELECT DISTINCT o.Id, o.Nombre, o.Url, o.Icono, o.RibbonTab, o.RibbonGroup, o.OrdenTab, o.OrdenGrupo, o.OrdenOpcion FROM conf_opciones o INNER JOIN conf_rolopciones ro ON o.Id = ro.OpcionId INNER JOIN conf_usuarioroles ur ON ro.RolId = ur.RolId WHERE ur.UsuarioId = 1 AND o.Activo = 1 ORDER BY o.OrdenTab, o.OrdenGrupo, o.OrdenOpcion
2026-01-22 10:01:54 [INFO] AuthService.ObtenerOpcionesMenu - URL: https://jela-api-ctb8a6ggbpdqbxhg.mexicocentral-01.azurewebsites.net/api/CRUD?strQuery=SELECT+DISTINCT+o.Id%2c+o.Nombre%2c+o.Url%2c+o.Icono%2c+o.RibbonTab%2c+o.RibbonGroup%2c+o.OrdenTab%2c+o.OrdenGrupo%2c+o.OrdenOpcion+FROM+conf_opciones+o+INNER+JOIN+conf_rolopciones+ro+ON+o.Id+%3d+ro.OpcionId+INNER+JOIN+conf_usuarioroles+ur+ON+ro.RolId+%3d+ur.RolId+WHERE+ur.UsuarioId+%3d+1+AND+o.Activo+%3d+1+ORDER+BY+o.OrdenTab%2c+o.OrdenGrupo%2c+o.OrdenOpcion
2026-01-22 10:01:54 [INFO] AuthService.ObtenerOpcionesMenu - Datos retornados: 21
2026-01-22 10:01:54 [INFO] AuthService.ObtenerOpcionesMenu - Opciones construidas: 21
2026-01-22 10:01:54 [INFO] [Usuario: admin] Login exitoso para usuario: admin (ID: 1, Nombre: Administrador General, TipoUsuario: Residente)
2026-01-22 10:01:54 [INFO] DEBUG Login - TipoUsuario recibido: 'Residente'
2026-01-22 10:01:54 [INFO] DEBUG Login - Constante esperada: 'AdministradorCondominios'
2026-01-22 10:01:54 [INFO] DEBUG Login - ¿Son iguales?: False
2026-01-22 10:01:54 [INFO] DEBUG Login - Comparación case-insensitive: False
2026-01-22 10:01:54 [INFO] DEBUG Login - Longitud TipoUsuario: 9
2026-01-22 10:01:54 [INFO] DEBUG Login - Longitud Constante: 24
2026-01-22 10:01:54 [INFO] Usuario admin es Residente, redirigiendo a inicio
2026-01-22 10:01:58 [ERROR] Error durante el proceso de login
Exception: ThreadAbortException
Message: Subproceso anulado.
Stack Trace:    en System.Threading.Thread.AbortInternal()
   en System.Threading.Thread.Abort(Object stateInfo)
   en System.Web.HttpResponse.AbortCurrentThread()
   en JelaWeb.Ingreso.btnLogin_Click(Object sender, EventArgs e) en D:\DesarrolloWEB\JelaAzure\JelaWeb\JelaWeb\Views\Auth\Ingreso.aspx.vb:línea 130
2026-01-22 10:01:58 [WARNING] Email no encontrado para usuario 1, usando email por defecto
2026-01-22 10:01:58 [WARNING] Email no encontrado para usuario 1, usando email por defecto
2026-01-22 10:02:03 [ERROR] Reservaciones.CargarReservaciones
Exception: MissingMemberException
Message: No se encuentra el miembro público 'EntidadId' en el tipo 'VB$AnonymousType_0(Of Nullable(Of Integer),String,String)'.
Stack Trace:    en Microsoft.VisualBasic.CompilerServices.Symbols.Container.GetMembers(String& MemberName, Boolean ReportErrors)
   en Microsoft.VisualBasic.CompilerServices.NewLateBinding.ObjectLateGet(Object Instance, Type Type, String MemberName, Object[] Arguments, String[] ArgumentNames, Type[] TypeArguments, Boolean[] CopyBack)
   en Microsoft.VisualBasic.CompilerServices.NewLateBinding.LateGet(Object Instance, Type Type, String MemberName, Object[] Arguments, String[] ArgumentNames, Type[] TypeArguments, Boolean[] CopyBack)
   en JelaWeb.Reservaciones.CargarReservaciones() en D:\DesarrolloWEB\JelaAzure\JelaWeb\JelaWeb\Views\Operacion\Condominios\Reservaciones.aspx.vb:línea 47
2026-01-22 10:02:07 [WARNING] Email no encontrado para usuario 1, usando email por defecto
2026-01-22 10:11:03 [INFO] Aplicación JELA iniciada correctamente
2026-01-22 10:11:03 [INFO] [Usuario: ::1] Nueva sesión iniciada - SessionID: xwv12cyfs0cwq25k3rrynhmw
2026-01-22 10:11:05 [INFO] [Usuario: ::1] Nueva sesión iniciada - SessionID: xwv12cyfs0cwq25k3rrynhmw
2026-01-22 10:11:05 [WARNING] [Usuario: ::1] Intento de acceso no autorizado a: /Views/Operacion/Condominios/Reservaciones.aspx
2026-01-22 10:11:05 [INFO] Sesión finalizada - UserId: Desconocido - SessionID: xwv12cyfs0cwq25k3rrynhmw
2026-01-22 10:11:13 [INFO] DEBUG btnLogin_Click - txtUsername.Text: 'admin' (Length: 5)
2026-01-22 10:11:13 [INFO] DEBUG btnLogin_Click - txtPassword.Text: '***' (Length: 5)
2026-01-22 10:11:13 [INFO] DEBUG btnLogin_Click - IsNullOrWhiteSpace(txtUsername): False
2026-01-22 10:11:13 [INFO] DEBUG btnLogin_Click - IsNullOrWhiteSpace(txtPassword): False
2026-01-22 10:11:13 [INFO] AuthService.ObtenerOpcionesMenu - UserId: 1, Query: SELECT DISTINCT o.Id, o.Nombre, o.Url, o.Icono, o.RibbonTab, o.RibbonGroup, o.OrdenTab, o.OrdenGrupo, o.OrdenOpcion FROM conf_opciones o INNER JOIN conf_rolopciones ro ON o.Id = ro.OpcionId INNER JOIN conf_usuarioroles ur ON ro.RolId = ur.RolId WHERE ur.UsuarioId = 1 AND o.Activo = 1 ORDER BY o.OrdenTab, o.OrdenGrupo, o.OrdenOpcion
2026-01-22 10:11:13 [INFO] AuthService.ObtenerOpcionesMenu - URL: https://jela-api-ctb8a6ggbpdqbxhg.mexicocentral-01.azurewebsites.net/api/CRUD?strQuery=SELECT+DISTINCT+o.Id%2c+o.Nombre%2c+o.Url%2c+o.Icono%2c+o.RibbonTab%2c+o.RibbonGroup%2c+o.OrdenTab%2c+o.OrdenGrupo%2c+o.OrdenOpcion+FROM+conf_opciones+o+INNER+JOIN+conf_rolopciones+ro+ON+o.Id+%3d+ro.OpcionId+INNER+JOIN+conf_usuarioroles+ur+ON+ro.RolId+%3d+ur.RolId+WHERE+ur.UsuarioId+%3d+1+AND+o.Activo+%3d+1+ORDER+BY+o.OrdenTab%2c+o.OrdenGrupo%2c+o.OrdenOpcion
2026-01-22 10:11:13 [INFO] AuthService.ObtenerOpcionesMenu - Datos retornados: 21
2026-01-22 10:11:13 [INFO] AuthService.ObtenerOpcionesMenu - Opciones construidas: 21
2026-01-22 10:11:13 [INFO] [Usuario: admin] Login exitoso para usuario: admin (ID: 1, Nombre: Administrador General, TipoUsuario: Residente)
2026-01-22 10:11:13 [INFO] DEBUG Login - TipoUsuario recibido: 'Residente'
2026-01-22 10:11:13 [INFO] DEBUG Login - Constante esperada: 'AdministradorCondominios'
2026-01-22 10:11:13 [INFO] DEBUG Login - ¿Son iguales?: False
2026-01-22 10:11:13 [INFO] DEBUG Login - Comparación case-insensitive: False
2026-01-22 10:11:13 [INFO] DEBUG Login - Longitud TipoUsuario: 9
2026-01-22 10:11:13 [INFO] DEBUG Login - Longitud Constante: 24
2026-01-22 10:11:13 [INFO] Usuario admin es Residente, redirigiendo a inicio
2026-01-22 10:11:18 [ERROR] Error durante el proceso de login
Exception: ThreadAbortException
Message: Subproceso anulado.
Stack Trace:    en System.Threading.Thread.AbortInternal()
   en System.Threading.Thread.Abort(Object stateInfo)
   en System.Web.HttpResponse.AbortCurrentThread()
   en JelaWeb.Ingreso.btnLogin_Click(Object sender, EventArgs e) en D:\DesarrolloWEB\JelaAzure\JelaWeb\JelaWeb\Views\Auth\Ingreso.aspx.vb:línea 130
2026-01-22 10:11:19 [WARNING] Email no encontrado para usuario 1, usando email por defecto
2026-01-22 10:11:19 [WARNING] Email no encontrado para usuario 1, usando email por defecto
2026-01-22 10:11:21 [ERROR] Reservaciones.CargarReservaciones
Exception: MissingMemberException
Message: No se encuentra el miembro público 'EntidadId' en el tipo 'VB$AnonymousType_0(Of Nullable(Of Integer),String,String)'.
Stack Trace:    en Microsoft.VisualBasic.CompilerServices.Symbols.Container.GetMembers(String& MemberName, Boolean ReportErrors)
   en Microsoft.VisualBasic.CompilerServices.NewLateBinding.ObjectLateGet(Object Instance, Type Type, String MemberName, Object[] Arguments, String[] ArgumentNames, Type[] TypeArguments, Boolean[] CopyBack)
   en Microsoft.VisualBasic.CompilerServices.NewLateBinding.LateGet(Object Instance, Type Type, String MemberName, Object[] Arguments, String[] ArgumentNames, Type[] TypeArguments, Boolean[] CopyBack)
   en JelaWeb.Reservaciones.CargarReservaciones() en D:\DesarrolloWEB\JelaAzure\JelaWeb\JelaWeb\Views\Operacion\Condominios\Reservaciones.aspx.vb:línea 48
2026-01-22 10:11:24 [WARNING] Email no encontrado para usuario 1, usando email por defecto
2026-01-22 10:19:47 [INFO] Aplicación JELA iniciada correctamente
2026-01-22 10:19:49 [INFO] [Usuario: ::1] Nueva sesión iniciada - SessionID: xwv12cyfs0cwq25k3rrynhmw
2026-01-22 10:19:49 [WARNING] [Usuario: ::1] Intento de acceso no autorizado a: /Views/Operacion/Condominios/Reservaciones.aspx
2026-01-22 10:19:49 [INFO] [Usuario: ::1] Nueva sesión iniciada - SessionID: xwv12cyfs0cwq25k3rrynhmw
2026-01-22 10:19:49 [INFO] Sesión finalizada - UserId: Desconocido - SessionID: xwv12cyfs0cwq25k3rrynhmw
2026-01-22 10:19:57 [INFO] DEBUG btnLogin_Click - txtUsername.Text: 'admin' (Length: 5)
2026-01-22 10:19:57 [INFO] DEBUG btnLogin_Click - txtPassword.Text: '***' (Length: 5)
2026-01-22 10:19:57 [INFO] DEBUG btnLogin_Click - IsNullOrWhiteSpace(txtUsername): False
2026-01-22 10:19:57 [INFO] DEBUG btnLogin_Click - IsNullOrWhiteSpace(txtPassword): False
2026-01-22 10:19:58 [INFO] AuthService.ObtenerOpcionesMenu - UserId: 1, Query: SELECT DISTINCT o.Id, o.Nombre, o.Url, o.Icono, o.RibbonTab, o.RibbonGroup, o.OrdenTab, o.OrdenGrupo, o.OrdenOpcion FROM conf_opciones o INNER JOIN conf_rolopciones ro ON o.Id = ro.OpcionId INNER JOIN conf_usuarioroles ur ON ro.RolId = ur.RolId WHERE ur.UsuarioId = 1 AND o.Activo = 1 ORDER BY o.OrdenTab, o.OrdenGrupo, o.OrdenOpcion
2026-01-22 10:19:58 [INFO] AuthService.ObtenerOpcionesMenu - URL: https://jela-api-ctb8a6ggbpdqbxhg.mexicocentral-01.azurewebsites.net/api/CRUD?strQuery=SELECT+DISTINCT+o.Id%2c+o.Nombre%2c+o.Url%2c+o.Icono%2c+o.RibbonTab%2c+o.RibbonGroup%2c+o.OrdenTab%2c+o.OrdenGrupo%2c+o.OrdenOpcion+FROM+conf_opciones+o+INNER+JOIN+conf_rolopciones+ro+ON+o.Id+%3d+ro.OpcionId+INNER+JOIN+conf_usuarioroles+ur+ON+ro.RolId+%3d+ur.RolId+WHERE+ur.UsuarioId+%3d+1+AND+o.Activo+%3d+1+ORDER+BY+o.OrdenTab%2c+o.OrdenGrupo%2c+o.OrdenOpcion
2026-01-22 10:19:58 [INFO] AuthService.ObtenerOpcionesMenu - Datos retornados: 21
2026-01-22 10:19:58 [INFO] AuthService.ObtenerOpcionesMenu - Opciones construidas: 21
2026-01-22 10:19:58 [INFO] [Usuario: admin] Login exitoso para usuario: admin (ID: 1, Nombre: Administrador General, TipoUsuario: Residente)
2026-01-22 10:19:58 [INFO] DEBUG Login - TipoUsuario recibido: 'Residente'
2026-01-22 10:19:58 [INFO] DEBUG Login - Constante esperada: 'AdministradorCondominios'
2026-01-22 10:19:58 [INFO] DEBUG Login - ¿Son iguales?: False
2026-01-22 10:19:58 [INFO] DEBUG Login - Comparación case-insensitive: False
2026-01-22 10:19:58 [INFO] DEBUG Login - Longitud TipoUsuario: 9
2026-01-22 10:19:58 [INFO] DEBUG Login - Longitud Constante: 24
2026-01-22 10:19:58 [INFO] Usuario admin es Residente, redirigiendo a inicio
2026-01-22 10:20:02 [ERROR] Error durante el proceso de login
Exception: ThreadAbortException
Message: Subproceso anulado.
Stack Trace:    en System.Threading.Thread.AbortInternal()
   en System.Threading.Thread.Abort(Object stateInfo)
   en System.Web.HttpResponse.AbortCurrentThread()
   en JelaWeb.Ingreso.btnLogin_Click(Object sender, EventArgs e) en D:\DesarrolloWEB\JelaAzure\JelaWeb\JelaWeb\Views\Auth\Ingreso.aspx.vb:línea 130
2026-01-22 10:20:03 [WARNING] Email no encontrado para usuario 1, usando email por defecto
2026-01-22 10:20:03 [WARNING] Email no encontrado para usuario 1, usando email por defecto
2026-01-22 10:20:07 [ERROR] Reservaciones.CargarReservaciones
Exception: MissingMemberException
Message: No se encuentra el miembro público 'EntidadId' en el tipo 'VB$AnonymousType_0(Of Nullable(Of Integer),String,String)'.
Stack Trace:    en Microsoft.VisualBasic.CompilerServices.Symbols.Container.GetMembers(String& MemberName, Boolean ReportErrors)
   en Microsoft.VisualBasic.CompilerServices.NewLateBinding.ObjectLateGet(Object Instance, Type Type, String MemberName, Object[] Arguments, String[] ArgumentNames, Type[] TypeArguments, Boolean[] CopyBack)
   en Microsoft.VisualBasic.CompilerServices.NewLateBinding.LateGet(Object Instance, Type Type, String MemberName, Object[] Arguments, String[] ArgumentNames, Type[] TypeArguments, Boolean[] CopyBack)
   en JelaWeb.Reservaciones.CargarReservaciones() en D:\DesarrolloWEB\JelaAzure\JelaWeb\JelaWeb\Views\Operacion\Condominios\Reservaciones.aspx.vb:línea 48
2026-01-22 10:20:09 [ERROR] Reservaciones.CargarReservaciones
Exception: MissingMemberException
Message: No se encuentra el miembro público 'EntidadId' en el tipo 'VB$AnonymousType_0(Of Nullable(Of Integer),String,String)'.
Stack Trace:    en Microsoft.VisualBasic.CompilerServices.Symbols.Container.GetMembers(String& MemberName, Boolean ReportErrors)
   en Microsoft.VisualBasic.CompilerServices.NewLateBinding.ObjectLateGet(Object Instance, Type Type, String MemberName, Object[] Arguments, String[] ArgumentNames, Type[] TypeArguments, Boolean[] CopyBack)
   en Microsoft.VisualBasic.CompilerServices.NewLateBinding.LateGet(Object Instance, Type Type, String MemberName, Object[] Arguments, String[] ArgumentNames, Type[] TypeArguments, Boolean[] CopyBack)
   en JelaWeb.Reservaciones.CargarReservaciones() en D:\DesarrolloWEB\JelaAzure\JelaWeb\JelaWeb\Views\Operacion\Condominios\Reservaciones.aspx.vb:línea 48
2026-01-22 10:20:11 [WARNING] Email no encontrado para usuario 1, usando email por defecto
2026-01-22 10:20:13 [ERROR] Reservaciones.CargarReservaciones
Exception: MissingMemberException
Message: No se encuentra el miembro público 'EntidadId' en el tipo 'VB$AnonymousType_0(Of Nullable(Of Integer),String,String)'.
Stack Trace:    en Microsoft.VisualBasic.CompilerServices.Symbols.Container.GetMembers(String& MemberName, Boolean ReportErrors)
   en Microsoft.VisualBasic.CompilerServices.NewLateBinding.ObjectLateGet(Object Instance, Type Type, String MemberName, Object[] Arguments, String[] ArgumentNames, Type[] TypeArguments, Boolean[] CopyBack)
   en Microsoft.VisualBasic.CompilerServices.NewLateBinding.LateGet(Object Instance, Type Type, String MemberName, Object[] Arguments, String[] ArgumentNames, Type[] TypeArguments, Boolean[] CopyBack)
   en JelaWeb.Reservaciones.CargarReservaciones() en D:\DesarrolloWEB\JelaAzure\JelaWeb\JelaWeb\Views\Operacion\Condominios\Reservaciones.aspx.vb:línea 48
2026-01-22 10:20:15 [WARNING] Email no encontrado para usuario 1, usando email por defecto
2026-01-22 10:20:29 [INFO] [Usuario: Administrador General] Cambiando idioma a: en-US
2026-01-22 10:20:29 [ERROR] Reservaciones.CargarReservaciones
Exception: MissingMemberException
Message: Public member 'EntidadId' on type 'VB$AnonymousType_0(Of Nullable(Of Integer),String,String)' not found.
Stack Trace:    at Microsoft.VisualBasic.CompilerServices.Symbols.Container.GetMembers(String& MemberName, Boolean ReportErrors)
   at Microsoft.VisualBasic.CompilerServices.NewLateBinding.ObjectLateGet(Object Instance, Type Type, String MemberName, Object[] Arguments, String[] ArgumentNames, Type[] TypeArguments, Boolean[] CopyBack)
   at Microsoft.VisualBasic.CompilerServices.NewLateBinding.LateGet(Object Instance, Type Type, String MemberName, Object[] Arguments, String[] ArgumentNames, Type[] TypeArguments, Boolean[] CopyBack)
   at JelaWeb.Reservaciones.CargarReservaciones() in D:\DesarrolloWEB\JelaAzure\JelaWeb\JelaWeb\Views\Operacion\Condominios\Reservaciones.aspx.vb:line 48
2026-01-22 10:20:31 [WARNING] Email no encontrado para usuario 1, usando email por defecto
2026-01-22 10:20:37 [INFO] [Usuario: Administrador General] Cambiando idioma a: es-MX
2026-01-22 10:20:37 [ERROR] Reservaciones.CargarReservaciones
Exception: MissingMemberException
Message: No se encuentra el miembro público 'EntidadId' en el tipo 'VB$AnonymousType_0(Of Nullable(Of Integer),String,String)'.
Stack Trace:    en Microsoft.VisualBasic.CompilerServices.Symbols.Container.GetMembers(String& MemberName, Boolean ReportErrors)
   en Microsoft.VisualBasic.CompilerServices.NewLateBinding.ObjectLateGet(Object Instance, Type Type, String MemberName, Object[] Arguments, String[] ArgumentNames, Type[] TypeArguments, Boolean[] CopyBack)
   en Microsoft.VisualBasic.CompilerServices.NewLateBinding.LateGet(Object Instance, Type Type, String MemberName, Object[] Arguments, String[] ArgumentNames, Type[] TypeArguments, Boolean[] CopyBack)
   en JelaWeb.Reservaciones.CargarReservaciones() en D:\DesarrolloWEB\JelaAzure\JelaWeb\JelaWeb\Views\Operacion\Condominios\Reservaciones.aspx.vb:línea 48
2026-01-22 10:20:39 [WARNING] Email no encontrado para usuario 1, usando email por defecto
2026-01-22 10:25:00 [INFO] Aplicación JELA iniciada correctamente
2026-01-22 10:25:01 [INFO] [Usuario: ::1] Nueva sesión iniciada - SessionID: xwv12cyfs0cwq25k3rrynhmw
2026-01-22 10:25:02 [INFO] [Usuario: ::1] Nueva sesión iniciada - SessionID: xwv12cyfs0cwq25k3rrynhmw
2026-01-22 10:25:02 [WARNING] [Usuario: ::1] Intento de acceso no autorizado a: /Views/Operacion/Condominios/Reservaciones.aspx
2026-01-22 10:25:02 [INFO] Sesión finalizada - UserId: Desconocido - SessionID: xwv12cyfs0cwq25k3rrynhmw
2026-01-22 10:25:03 [WARNING] [Usuario: ::1] Intento de acceso no autorizado a: /Views/Operacion/Condominios/Reservaciones.aspx
2026-01-22 10:25:04 [WARNING] [Usuario: ::1] Intento de acceso no autorizado a: /Views/Inicio.aspx
2026-01-22 10:25:08 [INFO] DEBUG btnLogin_Click - txtUsername.Text: 'admin' (Length: 5)
2026-01-22 10:25:08 [INFO] DEBUG btnLogin_Click - txtPassword.Text: '***' (Length: 5)
2026-01-22 10:25:08 [INFO] DEBUG btnLogin_Click - IsNullOrWhiteSpace(txtUsername): False
2026-01-22 10:25:08 [INFO] DEBUG btnLogin_Click - IsNullOrWhiteSpace(txtPassword): False
2026-01-22 10:25:08 [INFO] AuthService.ObtenerOpcionesMenu - UserId: 1, Query: SELECT DISTINCT o.Id, o.Nombre, o.Url, o.Icono, o.RibbonTab, o.RibbonGroup, o.OrdenTab, o.OrdenGrupo, o.OrdenOpcion FROM conf_opciones o INNER JOIN conf_rolopciones ro ON o.Id = ro.OpcionId INNER JOIN conf_usuarioroles ur ON ro.RolId = ur.RolId WHERE ur.UsuarioId = 1 AND o.Activo = 1 ORDER BY o.OrdenTab, o.OrdenGrupo, o.OrdenOpcion
2026-01-22 10:25:08 [INFO] AuthService.ObtenerOpcionesMenu - URL: https://jela-api-ctb8a6ggbpdqbxhg.mexicocentral-01.azurewebsites.net/api/CRUD?strQuery=SELECT+DISTINCT+o.Id%2c+o.Nombre%2c+o.Url%2c+o.Icono%2c+o.RibbonTab%2c+o.RibbonGroup%2c+o.OrdenTab%2c+o.OrdenGrupo%2c+o.OrdenOpcion+FROM+conf_opciones+o+INNER+JOIN+conf_rolopciones+ro+ON+o.Id+%3d+ro.OpcionId+INNER+JOIN+conf_usuarioroles+ur+ON+ro.RolId+%3d+ur.RolId+WHERE+ur.UsuarioId+%3d+1+AND+o.Activo+%3d+1+ORDER+BY+o.OrdenTab%2c+o.OrdenGrupo%2c+o.OrdenOpcion
2026-01-22 10:25:08 [INFO] AuthService.ObtenerOpcionesMenu - Datos retornados: 21
2026-01-22 10:25:08 [INFO] AuthService.ObtenerOpcionesMenu - Opciones construidas: 21
2026-01-22 10:25:08 [INFO] [Usuario: admin] Login exitoso para usuario: admin (ID: 1, Nombre: Administrador General, TipoUsuario: Residente)
2026-01-22 10:25:08 [INFO] DEBUG Login - TipoUsuario recibido: 'Residente'
2026-01-22 10:25:08 [INFO] DEBUG Login - Constante esperada: 'AdministradorCondominios'
2026-01-22 10:25:08 [INFO] DEBUG Login - ¿Son iguales?: False
2026-01-22 10:25:08 [INFO] DEBUG Login - Comparación case-insensitive: False
2026-01-22 10:25:08 [INFO] DEBUG Login - Longitud TipoUsuario: 9
2026-01-22 10:25:08 [INFO] DEBUG Login - Longitud Constante: 24
2026-01-22 10:25:08 [INFO] Usuario admin es Residente, redirigiendo a inicio
2026-01-22 10:25:12 [ERROR] Error durante el proceso de login
Exception: ThreadAbortException
Message: Subproceso anulado.
Stack Trace:    en System.Threading.Thread.AbortInternal()
   en System.Threading.Thread.Abort(Object stateInfo)
   en System.Web.HttpResponse.AbortCurrentThread()
   en JelaWeb.Ingreso.btnLogin_Click(Object sender, EventArgs e) en d:\DesarrolloWEB\JelaAzure\JelaWeb\JelaWeb\Views\Auth\Ingreso.aspx.vb:línea 130
2026-01-22 10:25:13 [WARNING] Email no encontrado para usuario 1, usando email por defecto
2026-01-22 10:25:13 [WARNING] Email no encontrado para usuario 1, usando email por defecto
2026-01-22 10:25:16 [ERROR] Reservaciones.CargarReservaciones
Exception: MissingMemberException
Message: No se encuentra el miembro público 'EntidadId' en el tipo 'VB$AnonymousType_0(Of Nullable(Of Integer),String,String)'.
Stack Trace:    en Microsoft.VisualBasic.CompilerServices.Symbols.Container.GetMembers(String& MemberName, Boolean ReportErrors)
   en Microsoft.VisualBasic.CompilerServices.NewLateBinding.ObjectLateGet(Object Instance, Type Type, String MemberName, Object[] Arguments, String[] ArgumentNames, Type[] TypeArguments, Boolean[] CopyBack)
   en Microsoft.VisualBasic.CompilerServices.NewLateBinding.LateGet(Object Instance, Type Type, String MemberName, Object[] Arguments, String[] ArgumentNames, Type[] TypeArguments, Boolean[] CopyBack)
   en JelaWeb.Reservaciones.CargarReservaciones() en d:\DesarrolloWEB\JelaAzure\JelaWeb\JelaWeb\Views\Operacion\Condominios\Reservaciones.aspx.vb:línea 50
2026-01-22 10:25:19 [WARNING] Email no encontrado para usuario 1, usando email por defecto
2026-01-22 10:25:24 [INFO] [Usuario: Administrador General] Cambiando idioma a: en-US
2026-01-22 10:25:24 [ERROR] Reservaciones.CargarReservaciones
Exception: MissingMemberException
Message: Public member 'EntidadId' on type 'VB$AnonymousType_0(Of Nullable(Of Integer),String,String)' not found.
Stack Trace:    at Microsoft.VisualBasic.CompilerServices.Symbols.Container.GetMembers(String& MemberName, Boolean ReportErrors)
   at Microsoft.VisualBasic.CompilerServices.NewLateBinding.ObjectLateGet(Object Instance, Type Type, String MemberName, Object[] Arguments, String[] ArgumentNames, Type[] TypeArguments, Boolean[] CopyBack)
   at Microsoft.VisualBasic.CompilerServices.NewLateBinding.LateGet(Object Instance, Type Type, String MemberName, Object[] Arguments, String[] ArgumentNames, Type[] TypeArguments, Boolean[] CopyBack)
   at JelaWeb.Reservaciones.CargarReservaciones() in d:\DesarrolloWEB\JelaAzure\JelaWeb\JelaWeb\Views\Operacion\Condominios\Reservaciones.aspx.vb:line 50
2026-01-22 10:25:26 [WARNING] Email no encontrado para usuario 1, usando email por defecto
2026-01-22 10:25:32 [INFO] [Usuario: Administrador General] Cambiando idioma a: es-MX
2026-01-22 10:25:32 [ERROR] Reservaciones.CargarReservaciones
Exception: MissingMemberException
Message: No se encuentra el miembro público 'EntidadId' en el tipo 'VB$AnonymousType_0(Of Nullable(Of Integer),String,String)'.
Stack Trace:    en Microsoft.VisualBasic.CompilerServices.Symbols.Container.GetMembers(String& MemberName, Boolean ReportErrors)
   en Microsoft.VisualBasic.CompilerServices.NewLateBinding.ObjectLateGet(Object Instance, Type Type, String MemberName, Object[] Arguments, String[] ArgumentNames, Type[] TypeArguments, Boolean[] CopyBack)
   en Microsoft.VisualBasic.CompilerServices.NewLateBinding.LateGet(Object Instance, Type Type, String MemberName, Object[] Arguments, String[] ArgumentNames, Type[] TypeArguments, Boolean[] CopyBack)
   en JelaWeb.Reservaciones.CargarReservaciones() en d:\DesarrolloWEB\JelaAzure\JelaWeb\JelaWeb\Views\Operacion\Condominios\Reservaciones.aspx.vb:línea 50
2026-01-22 10:25:33 [WARNING] Email no encontrado para usuario 1, usando email por defecto
2026-01-22 10:55:40 [INFO] Sesión finalizada - UserId: 1 - SessionID: xwv12cyfs0cwq25k3rrynhmw
2026-01-22 11:00:25 [INFO] Aplicación JELA iniciada correctamente
2026-01-22 11:00:26 [INFO] [Usuario: ::1] Nueva sesión iniciada - SessionID: xwv12cyfs0cwq25k3rrynhmw
2026-01-22 11:00:27 [INFO] [Usuario: ::1] Nueva sesión iniciada - SessionID: xwv12cyfs0cwq25k3rrynhmw
2026-01-22 11:00:27 [INFO] [Usuario: ::1] Nueva sesión iniciada - SessionID: xwv12cyfs0cwq25k3rrynhmw
2026-01-22 11:00:27 [WARNING] [Usuario: ::1] Intento de acceso no autorizado a: /Views/Operacion/Condominios/Reservaciones.aspx
2026-01-22 11:00:27 [WARNING] [Usuario: ::1] Intento de acceso no autorizado a: /Views/Operacion/Condominios/Reservaciones.aspx
2026-01-22 11:00:27 [INFO] Sesión finalizada - UserId: Desconocido - SessionID: xwv12cyfs0cwq25k3rrynhmw
2026-01-22 11:00:27 [INFO] Sesión finalizada - UserId: Desconocido - SessionID: xwv12cyfs0cwq25k3rrynhmw
2026-01-22 11:00:48 [INFO] DEBUG btnLogin_Click - txtUsername.Text: 'admin' (Length: 5)
2026-01-22 11:00:48 [INFO] DEBUG btnLogin_Click - txtPassword.Text: '***' (Length: 5)
2026-01-22 11:00:48 [INFO] DEBUG btnLogin_Click - IsNullOrWhiteSpace(txtUsername): False
2026-01-22 11:00:48 [INFO] DEBUG btnLogin_Click - IsNullOrWhiteSpace(txtPassword): False
2026-01-22 11:00:52 [INFO] AuthService.ObtenerOpcionesMenu - UserId: 1, Query: SELECT DISTINCT o.Id, o.Nombre, o.Url, o.Icono, o.RibbonTab, o.RibbonGroup, o.OrdenTab, o.OrdenGrupo, o.OrdenOpcion FROM conf_opciones o INNER JOIN conf_rolopciones ro ON o.Id = ro.OpcionId INNER JOIN conf_usuarioroles ur ON ro.RolId = ur.RolId WHERE ur.UsuarioId = 1 AND o.Activo = 1 ORDER BY o.OrdenTab, o.OrdenGrupo, o.OrdenOpcion
2026-01-22 11:00:52 [INFO] AuthService.ObtenerOpcionesMenu - URL: https://jela-api-ctb8a6ggbpdqbxhg.mexicocentral-01.azurewebsites.net/api/CRUD?strQuery=SELECT+DISTINCT+o.Id%2c+o.Nombre%2c+o.Url%2c+o.Icono%2c+o.RibbonTab%2c+o.RibbonGroup%2c+o.OrdenTab%2c+o.OrdenGrupo%2c+o.OrdenOpcion+FROM+conf_opciones+o+INNER+JOIN+conf_rolopciones+ro+ON+o.Id+%3d+ro.OpcionId+INNER+JOIN+conf_usuarioroles+ur+ON+ro.RolId+%3d+ur.RolId+WHERE+ur.UsuarioId+%3d+1+AND+o.Activo+%3d+1+ORDER+BY+o.OrdenTab%2c+o.OrdenGrupo%2c+o.OrdenOpcion
2026-01-22 11:00:52 [INFO] AuthService.ObtenerOpcionesMenu - Datos retornados: 21
2026-01-22 11:00:52 [INFO] AuthService.ObtenerOpcionesMenu - Opciones construidas: 21
2026-01-22 11:00:52 [INFO] [Usuario: admin] Login exitoso para usuario: admin (ID: 1, Nombre: Administrador General, TipoUsuario: Residente)
2026-01-22 11:00:52 [INFO] DEBUG Login - TipoUsuario recibido: 'Residente'
2026-01-22 11:00:52 [INFO] DEBUG Login - Constante esperada: 'AdministradorCondominios'
2026-01-22 11:00:52 [INFO] DEBUG Login - ¿Son iguales?: False
2026-01-22 11:00:52 [INFO] DEBUG Login - Comparación case-insensitive: False
2026-01-22 11:00:52 [INFO] DEBUG Login - Longitud TipoUsuario: 9
2026-01-22 11:00:52 [INFO] DEBUG Login - Longitud Constante: 24
2026-01-22 11:00:52 [INFO] Usuario admin es Residente, redirigiendo a inicio
2026-01-22 11:00:56 [ERROR] Error durante el proceso de login
Exception: ThreadAbortException
Message: Subproceso anulado.
Stack Trace:    en System.Threading.Thread.AbortInternal()
   en System.Threading.Thread.Abort(Object stateInfo)
   en System.Web.HttpResponse.AbortCurrentThread()
   en JelaWeb.Ingreso.btnLogin_Click(Object sender, EventArgs e) en D:\DesarrolloWEB\JelaAzure\JelaWeb\JelaWeb\Views\Auth\Ingreso.aspx.vb:línea 130
2026-01-22 11:00:57 [WARNING] Email no encontrado para usuario 1, usando email por defecto
2026-01-22 11:00:57 [WARNING] Email no encontrado para usuario 1, usando email por defecto
2026-01-22 11:01:01 [ERROR] Reservaciones.CargarReservaciones
Exception: MissingMemberException
Message: No se encuentra el miembro público 'EntidadId' en el tipo 'VB$AnonymousType_0(Of Nullable(Of Integer),String,String)'.
Stack Trace:    en Microsoft.VisualBasic.CompilerServices.Symbols.Container.GetMembers(String& MemberName, Boolean ReportErrors)
   en Microsoft.VisualBasic.CompilerServices.NewLateBinding.ObjectLateGet(Object Instance, Type Type, String MemberName, Object[] Arguments, String[] ArgumentNames, Type[] TypeArguments, Boolean[] CopyBack)
   en Microsoft.VisualBasic.CompilerServices.NewLateBinding.LateGet(Object Instance, Type Type, String MemberName, Object[] Arguments, String[] ArgumentNames, Type[] TypeArguments, Boolean[] CopyBack)
   en JelaWeb.Reservaciones.CargarReservaciones() en D:\DesarrolloWEB\JelaAzure\JelaWeb\JelaWeb\Views\Operacion\Condominios\Reservaciones.aspx.vb:línea 52
2026-01-22 11:01:05 [WARNING] Email no encontrado para usuario 1, usando email por defecto
2026-01-22 11:01:09 [ERROR] Reservaciones.CargarReservaciones
Exception: MissingMemberException
Message: No se encuentra el miembro público 'EntidadId' en el tipo 'VB$AnonymousType_0(Of Nullable(Of Integer),String,String)'.
Stack Trace:    en Microsoft.VisualBasic.CompilerServices.Symbols.Container.GetMembers(String& MemberName, Boolean ReportErrors)
   en Microsoft.VisualBasic.CompilerServices.NewLateBinding.ObjectLateGet(Object Instance, Type Type, String MemberName, Object[] Arguments, String[] ArgumentNames, Type[] TypeArguments, Boolean[] CopyBack)
   en Microsoft.VisualBasic.CompilerServices.NewLateBinding.LateGet(Object Instance, Type Type, String MemberName, Object[] Arguments, String[] ArgumentNames, Type[] TypeArguments, Boolean[] CopyBack)
   en JelaWeb.Reservaciones.CargarReservaciones() en D:\DesarrolloWEB\JelaAzure\JelaWeb\JelaWeb\Views\Operacion\Condominios\Reservaciones.aspx.vb:línea 52
2026-01-22 11:01:11 [WARNING] Email no encontrado para usuario 1, usando email por defecto
2026-01-22 11:02:13 [INFO] Aplicación JELA iniciada correctamente
2026-01-22 11:02:13 [INFO] [Usuario: ::1] Nueva sesión iniciada - SessionID: xwv12cyfs0cwq25k3rrynhmw
2026-01-22 11:04:56 [INFO] Aplicación JELA iniciada correctamente
2026-01-22 11:04:57 [INFO] [Usuario: ::1] Nueva sesión iniciada - SessionID: xwv12cyfs0cwq25k3rrynhmw
2026-01-22 11:05:02 [INFO] DEBUG btnLogin_Click - txtUsername.Text: 'admin' (Length: 5)
2026-01-22 11:05:02 [INFO] DEBUG btnLogin_Click - txtPassword.Text: '***' (Length: 5)
2026-01-22 11:05:02 [INFO] DEBUG btnLogin_Click - IsNullOrWhiteSpace(txtUsername): False
2026-01-22 11:05:02 [INFO] DEBUG btnLogin_Click - IsNullOrWhiteSpace(txtPassword): False
2026-01-22 11:05:03 [INFO] AuthService.ObtenerOpcionesMenu - UserId: 1, Query: SELECT DISTINCT o.Id, o.Nombre, o.Url, o.Icono, o.RibbonTab, o.RibbonGroup, o.OrdenTab, o.OrdenGrupo, o.OrdenOpcion FROM conf_opciones o INNER JOIN conf_rolopciones ro ON o.Id = ro.OpcionId INNER JOIN conf_usuarioroles ur ON ro.RolId = ur.RolId WHERE ur.UsuarioId = 1 AND o.Activo = 1 ORDER BY o.OrdenTab, o.OrdenGrupo, o.OrdenOpcion
2026-01-22 11:05:03 [INFO] AuthService.ObtenerOpcionesMenu - URL: https://jela-api-ctb8a6ggbpdqbxhg.mexicocentral-01.azurewebsites.net/api/CRUD?strQuery=SELECT+DISTINCT+o.Id%2c+o.Nombre%2c+o.Url%2c+o.Icono%2c+o.RibbonTab%2c+o.RibbonGroup%2c+o.OrdenTab%2c+o.OrdenGrupo%2c+o.OrdenOpcion+FROM+conf_opciones+o+INNER+JOIN+conf_rolopciones+ro+ON+o.Id+%3d+ro.OpcionId+INNER+JOIN+conf_usuarioroles+ur+ON+ro.RolId+%3d+ur.RolId+WHERE+ur.UsuarioId+%3d+1+AND+o.Activo+%3d+1+ORDER+BY+o.OrdenTab%2c+o.OrdenGrupo%2c+o.OrdenOpcion
2026-01-22 11:05:03 [INFO] AuthService.ObtenerOpcionesMenu - Datos retornados: 21
2026-01-22 11:05:03 [INFO] AuthService.ObtenerOpcionesMenu - Opciones construidas: 21
2026-01-22 11:05:03 [INFO] [Usuario: admin] Login exitoso para usuario: admin (ID: 1, Nombre: Administrador General, TipoUsuario: Residente)
2026-01-22 11:05:03 [INFO] DEBUG Login - TipoUsuario recibido: 'Residente'
2026-01-22 11:05:03 [INFO] DEBUG Login - Constante esperada: 'AdministradorCondominios'
2026-01-22 11:05:03 [INFO] DEBUG Login - ¿Son iguales?: False
2026-01-22 11:05:03 [INFO] DEBUG Login - Comparación case-insensitive: False
2026-01-22 11:05:03 [INFO] DEBUG Login - Longitud TipoUsuario: 9
2026-01-22 11:05:03 [INFO] DEBUG Login - Longitud Constante: 24
2026-01-22 11:05:03 [INFO] Usuario admin es Residente, redirigiendo a inicio
2026-01-22 11:05:08 [ERROR] Error durante el proceso de login
Exception: ThreadAbortException
Message: Subproceso anulado.
Stack Trace:    en System.Threading.Thread.AbortInternal()
   en System.Threading.Thread.Abort(Object stateInfo)
   en System.Web.HttpResponse.AbortCurrentThread()
   en JelaWeb.Ingreso.btnLogin_Click(Object sender, EventArgs e) en D:\DesarrolloWEB\JelaAzure\JelaWeb\JelaWeb\Views\Auth\Ingreso.aspx.vb:línea 130
2026-01-22 11:05:09 [WARNING] Email no encontrado para usuario 1, usando email por defecto
2026-01-22 11:05:09 [WARNING] Email no encontrado para usuario 1, usando email por defecto
2026-01-22 11:05:13 [ERROR] Reservaciones.CargarReservaciones
Exception: MissingMemberException
Message: No se encuentra el miembro público 'EntidadId' en el tipo 'VB$AnonymousType_0(Of Nullable(Of Integer),String,String)'.
Stack Trace:    en Microsoft.VisualBasic.CompilerServices.Symbols.Container.GetMembers(String& MemberName, Boolean ReportErrors)
   en Microsoft.VisualBasic.CompilerServices.NewLateBinding.ObjectLateGet(Object Instance, Type Type, String MemberName, Object[] Arguments, String[] ArgumentNames, Type[] TypeArguments, Boolean[] CopyBack)
   en Microsoft.VisualBasic.CompilerServices.NewLateBinding.LateGet(Object Instance, Type Type, String MemberName, Object[] Arguments, String[] ArgumentNames, Type[] TypeArguments, Boolean[] CopyBack)
   en JelaWeb.Reservaciones.CargarReservaciones() en D:\DesarrolloWEB\JelaAzure\JelaWeb\JelaWeb\Views\Operacion\Condominios\Reservaciones.aspx.vb:línea 52
2026-01-22 11:05:17 [WARNING] Email no encontrado para usuario 1, usando email por defecto
2026-01-22 11:06:56 [ERROR] Reservaciones.CargarReservaciones
Exception: MissingMemberException
Message: No se encuentra el miembro público 'EntidadId' en el tipo 'VB$AnonymousType_0(Of Nullable(Of Integer),String,String)'.
Stack Trace:    en Microsoft.VisualBasic.CompilerServices.Symbols.Container.GetMembers(String& MemberName, Boolean ReportErrors)
   en Microsoft.VisualBasic.CompilerServices.NewLateBinding.ObjectLateGet(Object Instance, Type Type, String MemberName, Object[] Arguments, String[] ArgumentNames, Type[] TypeArguments, Boolean[] CopyBack)
   en Microsoft.VisualBasic.CompilerServices.NewLateBinding.LateGet(Object Instance, Type Type, String MemberName, Object[] Arguments, String[] ArgumentNames, Type[] TypeArguments, Boolean[] CopyBack)
   en JelaWeb.Reservaciones.CargarReservaciones() en D:\DesarrolloWEB\JelaAzure\JelaWeb\JelaWeb\Views\Operacion\Condominios\Reservaciones.aspx.vb:línea 52
2026-01-22 11:06:57 [ERROR] Reservaciones.CargarReservaciones
Exception: MissingMemberException
Message: No se encuentra el miembro público 'EntidadId' en el tipo 'VB$AnonymousType_0(Of Nullable(Of Integer),String,String)'.
Stack Trace:    en Microsoft.VisualBasic.CompilerServices.Symbols.Container.GetMembers(String& MemberName, Boolean ReportErrors)
   en Microsoft.VisualBasic.CompilerServices.NewLateBinding.ObjectLateGet(Object Instance, Type Type, String MemberName, Object[] Arguments, String[] ArgumentNames, Type[] TypeArguments, Boolean[] CopyBack)
   en Microsoft.VisualBasic.CompilerServices.NewLateBinding.LateGet(Object Instance, Type Type, String MemberName, Object[] Arguments, String[] ArgumentNames, Type[] TypeArguments, Boolean[] CopyBack)
   en JelaWeb.Reservaciones.CargarReservaciones() en D:\DesarrolloWEB\JelaAzure\JelaWeb\JelaWeb\Views\Operacion\Condominios\Reservaciones.aspx.vb:línea 52
2026-01-22 11:06:58 [ERROR] Reservaciones.CargarReservaciones
Exception: MissingMemberException
Message: No se encuentra el miembro público 'EntidadId' en el tipo 'VB$AnonymousType_0(Of Nullable(Of Integer),String,String)'.
Stack Trace:    en Microsoft.VisualBasic.CompilerServices.Symbols.Container.GetMembers(String& MemberName, Boolean ReportErrors)
   en Microsoft.VisualBasic.CompilerServices.NewLateBinding.ObjectLateGet(Object Instance, Type Type, String MemberName, Object[] Arguments, String[] ArgumentNames, Type[] TypeArguments, Boolean[] CopyBack)
   en Microsoft.VisualBasic.CompilerServices.NewLateBinding.LateGet(Object Instance, Type Type, String MemberName, Object[] Arguments, String[] ArgumentNames, Type[] TypeArguments, Boolean[] CopyBack)
   en JelaWeb.Reservaciones.CargarReservaciones() en D:\DesarrolloWEB\JelaAzure\JelaWeb\JelaWeb\Views\Operacion\Condominios\Reservaciones.aspx.vb:línea 52
2026-01-22 11:06:58 [ERROR] Reservaciones.CargarReservaciones
Exception: MissingMemberException
Message: No se encuentra el miembro público 'EntidadId' en el tipo 'VB$AnonymousType_0(Of Nullable(Of Integer),String,String)'.
Stack Trace:    en Microsoft.VisualBasic.CompilerServices.Symbols.Container.GetMembers(String& MemberName, Boolean ReportErrors)
   en Microsoft.VisualBasic.CompilerServices.NewLateBinding.ObjectLateGet(Object Instance, Type Type, String MemberName, Object[] Arguments, String[] ArgumentNames, Type[] TypeArguments, Boolean[] CopyBack)
   en Microsoft.VisualBasic.CompilerServices.NewLateBinding.LateGet(Object Instance, Type Type, String MemberName, Object[] Arguments, String[] ArgumentNames, Type[] TypeArguments, Boolean[] CopyBack)
   en JelaWeb.Reservaciones.CargarReservaciones() en D:\DesarrolloWEB\JelaAzure\JelaWeb\JelaWeb\Views\Operacion\Condominios\Reservaciones.aspx.vb:línea 52
2026-01-22 11:06:59 [ERROR] Reservaciones.CargarReservaciones
Exception: MissingMemberException
Message: No se encuentra el miembro público 'EntidadId' en el tipo 'VB$AnonymousType_0(Of Nullable(Of Integer),String,String)'.
Stack Trace:    en Microsoft.VisualBasic.CompilerServices.Symbols.Container.GetMembers(String& MemberName, Boolean ReportErrors)
   en Microsoft.VisualBasic.CompilerServices.NewLateBinding.ObjectLateGet(Object Instance, Type Type, String MemberName, Object[] Arguments, String[] ArgumentNames, Type[] TypeArguments, Boolean[] CopyBack)
   en Microsoft.VisualBasic.CompilerServices.NewLateBinding.LateGet(Object Instance, Type Type, String MemberName, Object[] Arguments, String[] ArgumentNames, Type[] TypeArguments, Boolean[] CopyBack)
   en JelaWeb.Reservaciones.CargarReservaciones() en D:\DesarrolloWEB\JelaAzure\JelaWeb\JelaWeb\Views\Operacion\Condominios\Reservaciones.aspx.vb:línea 52
2026-01-22 11:07:00 [ERROR] Reservaciones.CargarReservaciones
Exception: MissingMemberException
Message: No se encuentra el miembro público 'EntidadId' en el tipo 'VB$AnonymousType_0(Of Nullable(Of Integer),String,String)'.
Stack Trace:    en Microsoft.VisualBasic.CompilerServices.Symbols.Container.GetMembers(String& MemberName, Boolean ReportErrors)
   en Microsoft.VisualBasic.CompilerServices.NewLateBinding.ObjectLateGet(Object Instance, Type Type, String MemberName, Object[] Arguments, String[] ArgumentNames, Type[] TypeArguments, Boolean[] CopyBack)
   en Microsoft.VisualBasic.CompilerServices.NewLateBinding.LateGet(Object Instance, Type Type, String MemberName, Object[] Arguments, String[] ArgumentNames, Type[] TypeArguments, Boolean[] CopyBack)
   en JelaWeb.Reservaciones.CargarReservaciones() en D:\DesarrolloWEB\JelaAzure\JelaWeb\JelaWeb\Views\Operacion\Condominios\Reservaciones.aspx.vb:línea 52
2026-01-22 11:07:01 [ERROR] Reservaciones.CargarReservaciones
Exception: MissingMemberException
Message: No se encuentra el miembro público 'EntidadId' en el tipo 'VB$AnonymousType_0(Of Nullable(Of Integer),String,String)'.
Stack Trace:    en Microsoft.VisualBasic.CompilerServices.Symbols.Container.GetMembers(String& MemberName, Boolean ReportErrors)
   en Microsoft.VisualBasic.CompilerServices.NewLateBinding.ObjectLateGet(Object Instance, Type Type, String MemberName, Object[] Arguments, String[] ArgumentNames, Type[] TypeArguments, Boolean[] CopyBack)
   en Microsoft.VisualBasic.CompilerServices.NewLateBinding.LateGet(Object Instance, Type Type, String MemberName, Object[] Arguments, String[] ArgumentNames, Type[] TypeArguments, Boolean[] CopyBack)
   en JelaWeb.Reservaciones.CargarReservaciones() en D:\DesarrolloWEB\JelaAzure\JelaWeb\JelaWeb\Views\Operacion\Condominios\Reservaciones.aspx.vb:línea 52
2026-01-22 11:07:01 [ERROR] Reservaciones.CargarReservaciones
Exception: MissingMemberException
Message: No se encuentra el miembro público 'EntidadId' en el tipo 'VB$AnonymousType_0(Of Nullable(Of Integer),String,String)'.
Stack Trace:    en Microsoft.VisualBasic.CompilerServices.Symbols.Container.GetMembers(String& MemberName, Boolean ReportErrors)
   en Microsoft.VisualBasic.CompilerServices.NewLateBinding.ObjectLateGet(Object Instance, Type Type, String MemberName, Object[] Arguments, String[] ArgumentNames, Type[] TypeArguments, Boolean[] CopyBack)
   en Microsoft.VisualBasic.CompilerServices.NewLateBinding.LateGet(Object Instance, Type Type, String MemberName, Object[] Arguments, String[] ArgumentNames, Type[] TypeArguments, Boolean[] CopyBack)
   en JelaWeb.Reservaciones.CargarReservaciones() en D:\DesarrolloWEB\JelaAzure\JelaWeb\JelaWeb\Views\Operacion\Condominios\Reservaciones.aspx.vb:línea 52
2026-01-22 11:07:04 [ERROR] Reservaciones.CargarReservaciones
Exception: MissingMemberException
Message: No se encuentra el miembro público 'EntidadId' en el tipo 'VB$AnonymousType_0(Of Nullable(Of Integer),String,String)'.
Stack Trace:    en Microsoft.VisualBasic.CompilerServices.Symbols.Container.GetMembers(String& MemberName, Boolean ReportErrors)
   en Microsoft.VisualBasic.CompilerServices.NewLateBinding.ObjectLateGet(Object Instance, Type Type, String MemberName, Object[] Arguments, String[] ArgumentNames, Type[] TypeArguments, Boolean[] CopyBack)
   en Microsoft.VisualBasic.CompilerServices.NewLateBinding.LateGet(Object Instance, Type Type, String MemberName, Object[] Arguments, String[] ArgumentNames, Type[] TypeArguments, Boolean[] CopyBack)
   en JelaWeb.Reservaciones.CargarReservaciones() en D:\DesarrolloWEB\JelaAzure\JelaWeb\JelaWeb\Views\Operacion\Condominios\Reservaciones.aspx.vb:línea 52
2026-01-22 11:07:04 [ERROR] Reservaciones.CargarReservaciones
Exception: MissingMemberException
Message: No se encuentra el miembro público 'EntidadId' en el tipo 'VB$AnonymousType_0(Of Nullable(Of Integer),String,String)'.
Stack Trace:    en Microsoft.VisualBasic.CompilerServices.Symbols.Container.GetMembers(String& MemberName, Boolean ReportErrors)
   en Microsoft.VisualBasic.CompilerServices.NewLateBinding.ObjectLateGet(Object Instance, Type Type, String MemberName, Object[] Arguments, String[] ArgumentNames, Type[] TypeArguments, Boolean[] CopyBack)
   en Microsoft.VisualBasic.CompilerServices.NewLateBinding.LateGet(Object Instance, Type Type, String MemberName, Object[] Arguments, String[] ArgumentNames, Type[] TypeArguments, Boolean[] CopyBack)
   en JelaWeb.Reservaciones.CargarReservaciones() en D:\DesarrolloWEB\JelaAzure\JelaWeb\JelaWeb\Views\Operacion\Condominios\Reservaciones.aspx.vb:línea 52
2026-01-22 11:07:15 [ERROR] Reservaciones.CargarReservaciones
Exception: MissingMemberException
Message: No se encuentra el miembro público 'EntidadId' en el tipo 'VB$AnonymousType_0(Of Nullable(Of Integer),String,String)'.
Stack Trace:    en Microsoft.VisualBasic.CompilerServices.Symbols.Container.GetMembers(String& MemberName, Boolean ReportErrors)
   en Microsoft.VisualBasic.CompilerServices.NewLateBinding.ObjectLateGet(Object Instance, Type Type, String MemberName, Object[] Arguments, String[] ArgumentNames, Type[] TypeArguments, Boolean[] CopyBack)
   en Microsoft.VisualBasic.CompilerServices.NewLateBinding.LateGet(Object Instance, Type Type, String MemberName, Object[] Arguments, String[] ArgumentNames, Type[] TypeArguments, Boolean[] CopyBack)
   en JelaWeb.Reservaciones.CargarReservaciones() en D:\DesarrolloWEB\JelaAzure\JelaWeb\JelaWeb\Views\Operacion\Condominios\Reservaciones.aspx.vb:línea 52
2026-01-22 11:07:18 [ERROR] Reservaciones.CargarReservaciones
Exception: MissingMemberException
Message: No se encuentra el miembro público 'EntidadId' en el tipo 'VB$AnonymousType_0(Of Nullable(Of Integer),String,String)'.
Stack Trace:    en Microsoft.VisualBasic.CompilerServices.Symbols.Container.GetMembers(String& MemberName, Boolean ReportErrors)
   en Microsoft.VisualBasic.CompilerServices.NewLateBinding.ObjectLateGet(Object Instance, Type Type, String MemberName, Object[] Arguments, String[] ArgumentNames, Type[] TypeArguments, Boolean[] CopyBack)
   en Microsoft.VisualBasic.CompilerServices.NewLateBinding.LateGet(Object Instance, Type Type, String MemberName, Object[] Arguments, String[] ArgumentNames, Type[] TypeArguments, Boolean[] CopyBack)
   en JelaWeb.Reservaciones.CargarReservaciones() en D:\DesarrolloWEB\JelaAzure\JelaWeb\JelaWeb\Views\Operacion\Condominios\Reservaciones.aspx.vb:línea 52
2026-01-22 11:07:19 [ERROR] Reservaciones.CargarReservaciones
Exception: MissingMemberException
Message: No se encuentra el miembro público 'EntidadId' en el tipo 'VB$AnonymousType_0(Of Nullable(Of Integer),String,String)'.
Stack Trace:    en Microsoft.VisualBasic.CompilerServices.Symbols.Container.GetMembers(String& MemberName, Boolean ReportErrors)
   en Microsoft.VisualBasic.CompilerServices.NewLateBinding.ObjectLateGet(Object Instance, Type Type, String MemberName, Object[] Arguments, String[] ArgumentNames, Type[] TypeArguments, Boolean[] CopyBack)
   en Microsoft.VisualBasic.CompilerServices.NewLateBinding.LateGet(Object Instance, Type Type, String MemberName, Object[] Arguments, String[] ArgumentNames, Type[] TypeArguments, Boolean[] CopyBack)
   en JelaWeb.Reservaciones.CargarReservaciones() en D:\DesarrolloWEB\JelaAzure\JelaWeb\JelaWeb\Views\Operacion\Condominios\Reservaciones.aspx.vb:línea 52
2026-01-22 11:07:19 [ERROR] Reservaciones.CargarReservaciones
Exception: MissingMemberException
Message: No se encuentra el miembro público 'EntidadId' en el tipo 'VB$AnonymousType_0(Of Nullable(Of Integer),String,String)'.
Stack Trace:    en Microsoft.VisualBasic.CompilerServices.Symbols.Container.GetMembers(String& MemberName, Boolean ReportErrors)
   en Microsoft.VisualBasic.CompilerServices.NewLateBinding.ObjectLateGet(Object Instance, Type Type, String MemberName, Object[] Arguments, String[] ArgumentNames, Type[] TypeArguments, Boolean[] CopyBack)
   en Microsoft.VisualBasic.CompilerServices.NewLateBinding.LateGet(Object Instance, Type Type, String MemberName, Object[] Arguments, String[] ArgumentNames, Type[] TypeArguments, Boolean[] CopyBack)
   en JelaWeb.Reservaciones.CargarReservaciones() en D:\DesarrolloWEB\JelaAzure\JelaWeb\JelaWeb\Views\Operacion\Condominios\Reservaciones.aspx.vb:línea 52
2026-01-22 11:07:19 [ERROR] Reservaciones.CargarReservaciones
Exception: MissingMemberException
Message: No se encuentra el miembro público 'EntidadId' en el tipo 'VB$AnonymousType_0(Of Nullable(Of Integer),String,String)'.
Stack Trace:    en Microsoft.VisualBasic.CompilerServices.Symbols.Container.GetMembers(String& MemberName, Boolean ReportErrors)
   en Microsoft.VisualBasic.CompilerServices.NewLateBinding.ObjectLateGet(Object Instance, Type Type, String MemberName, Object[] Arguments, String[] ArgumentNames, Type[] TypeArguments, Boolean[] CopyBack)
   en Microsoft.VisualBasic.CompilerServices.NewLateBinding.LateGet(Object Instance, Type Type, String MemberName, Object[] Arguments, String[] ArgumentNames, Type[] TypeArguments, Boolean[] CopyBack)
   en JelaWeb.Reservaciones.CargarReservaciones() en D:\DesarrolloWEB\JelaAzure\JelaWeb\JelaWeb\Views\Operacion\Condominios\Reservaciones.aspx.vb:línea 52
2026-01-22 11:07:19 [ERROR] Reservaciones.CargarReservaciones
Exception: MissingMemberException
Message: No se encuentra el miembro público 'EntidadId' en el tipo 'VB$AnonymousType_0(Of Nullable(Of Integer),String,String)'.
Stack Trace:    en Microsoft.VisualBasic.CompilerServices.Symbols.Container.GetMembers(String& MemberName, Boolean ReportErrors)
   en Microsoft.VisualBasic.CompilerServices.NewLateBinding.ObjectLateGet(Object Instance, Type Type, String MemberName, Object[] Arguments, String[] ArgumentNames, Type[] TypeArguments, Boolean[] CopyBack)
   en Microsoft.VisualBasic.CompilerServices.NewLateBinding.LateGet(Object Instance, Type Type, String MemberName, Object[] Arguments, String[] ArgumentNames, Type[] TypeArguments, Boolean[] CopyBack)
   en JelaWeb.Reservaciones.CargarReservaciones() en D:\DesarrolloWEB\JelaAzure\JelaWeb\JelaWeb\Views\Operacion\Condominios\Reservaciones.aspx.vb:línea 52
2026-01-22 11:07:19 [ERROR] Reservaciones.CargarReservaciones
Exception: MissingMemberException
Message: No se encuentra el miembro público 'EntidadId' en el tipo 'VB$AnonymousType_0(Of Nullable(Of Integer),String,String)'.
Stack Trace:    en Microsoft.VisualBasic.CompilerServices.Symbols.Container.GetMembers(String& MemberName, Boolean ReportErrors)
   en Microsoft.VisualBasic.CompilerServices.NewLateBinding.ObjectLateGet(Object Instance, Type Type, String MemberName, Object[] Arguments, String[] ArgumentNames, Type[] TypeArguments, Boolean[] CopyBack)
   en Microsoft.VisualBasic.CompilerServices.NewLateBinding.LateGet(Object Instance, Type Type, String MemberName, Object[] Arguments, String[] ArgumentNames, Type[] TypeArguments, Boolean[] CopyBack)
   en JelaWeb.Reservaciones.CargarReservaciones() en D:\DesarrolloWEB\JelaAzure\JelaWeb\JelaWeb\Views\Operacion\Condominios\Reservaciones.aspx.vb:línea 52
2026-01-22 11:07:20 [ERROR] Reservaciones.CargarReservaciones
Exception: MissingMemberException
Message: No se encuentra el miembro público 'EntidadId' en el tipo 'VB$AnonymousType_0(Of Nullable(Of Integer),String,String)'.
Stack Trace:    en Microsoft.VisualBasic.CompilerServices.Symbols.Container.GetMembers(String& MemberName, Boolean ReportErrors)
   en Microsoft.VisualBasic.CompilerServices.NewLateBinding.ObjectLateGet(Object Instance, Type Type, String MemberName, Object[] Arguments, String[] ArgumentNames, Type[] TypeArguments, Boolean[] CopyBack)
   en Microsoft.VisualBasic.CompilerServices.NewLateBinding.LateGet(Object Instance, Type Type, String MemberName, Object[] Arguments, String[] ArgumentNames, Type[] TypeArguments, Boolean[] CopyBack)
   en JelaWeb.Reservaciones.CargarReservaciones() en D:\DesarrolloWEB\JelaAzure\JelaWeb\JelaWeb\Views\Operacion\Condominios\Reservaciones.aspx.vb:línea 52
2026-01-22 11:07:20 [ERROR] Reservaciones.CargarReservaciones
Exception: MissingMemberException
Message: No se encuentra el miembro público 'EntidadId' en el tipo 'VB$AnonymousType_0(Of Nullable(Of Integer),String,String)'.
Stack Trace:    en Microsoft.VisualBasic.CompilerServices.Symbols.Container.GetMembers(String& MemberName, Boolean ReportErrors)
   en Microsoft.VisualBasic.CompilerServices.NewLateBinding.ObjectLateGet(Object Instance, Type Type, String MemberName, Object[] Arguments, String[] ArgumentNames, Type[] TypeArguments, Boolean[] CopyBack)
   en Microsoft.VisualBasic.CompilerServices.NewLateBinding.LateGet(Object Instance, Type Type, String MemberName, Object[] Arguments, String[] ArgumentNames, Type[] TypeArguments, Boolean[] CopyBack)
   en JelaWeb.Reservaciones.CargarReservaciones() en D:\DesarrolloWEB\JelaAzure\JelaWeb\JelaWeb\Views\Operacion\Condominios\Reservaciones.aspx.vb:línea 52
2026-01-22 11:07:20 [ERROR] Reservaciones.CargarReservaciones
Exception: MissingMemberException
Message: No se encuentra el miembro público 'EntidadId' en el tipo 'VB$AnonymousType_0(Of Nullable(Of Integer),String,String)'.
Stack Trace:    en Microsoft.VisualBasic.CompilerServices.Symbols.Container.GetMembers(String& MemberName, Boolean ReportErrors)
   en Microsoft.VisualBasic.CompilerServices.NewLateBinding.ObjectLateGet(Object Instance, Type Type, String MemberName, Object[] Arguments, String[] ArgumentNames, Type[] TypeArguments, Boolean[] CopyBack)
   en Microsoft.VisualBasic.CompilerServices.NewLateBinding.LateGet(Object Instance, Type Type, String MemberName, Object[] Arguments, String[] ArgumentNames, Type[] TypeArguments, Boolean[] CopyBack)
   en JelaWeb.Reservaciones.CargarReservaciones() en D:\DesarrolloWEB\JelaAzure\JelaWeb\JelaWeb\Views\Operacion\Condominios\Reservaciones.aspx.vb:línea 52
2026-01-22 11:07:21 [ERROR] Reservaciones.CargarReservaciones
Exception: MissingMemberException
Message: No se encuentra el miembro público 'EntidadId' en el tipo 'VB$AnonymousType_0(Of Nullable(Of Integer),String,String)'.
Stack Trace:    en Microsoft.VisualBasic.CompilerServices.Symbols.Container.GetMembers(String& MemberName, Boolean ReportErrors)
   en Microsoft.VisualBasic.CompilerServices.NewLateBinding.ObjectLateGet(Object Instance, Type Type, String MemberName, Object[] Arguments, String[] ArgumentNames, Type[] TypeArguments, Boolean[] CopyBack)
   en Microsoft.VisualBasic.CompilerServices.NewLateBinding.LateGet(Object Instance, Type Type, String MemberName, Object[] Arguments, String[] ArgumentNames, Type[] TypeArguments, Boolean[] CopyBack)
   en JelaWeb.Reservaciones.CargarReservaciones() en D:\DesarrolloWEB\JelaAzure\JelaWeb\JelaWeb\Views\Operacion\Condominios\Reservaciones.aspx.vb:línea 52
2026-01-22 11:07:21 [ERROR] Reservaciones.CargarReservaciones
Exception: MissingMemberException
Message: No se encuentra el miembro público 'EntidadId' en el tipo 'VB$AnonymousType_0(Of Nullable(Of Integer),String,String)'.
Stack Trace:    en Microsoft.VisualBasic.CompilerServices.Symbols.Container.GetMembers(String& MemberName, Boolean ReportErrors)
   en Microsoft.VisualBasic.CompilerServices.NewLateBinding.ObjectLateGet(Object Instance, Type Type, String MemberName, Object[] Arguments, String[] ArgumentNames, Type[] TypeArguments, Boolean[] CopyBack)
   en Microsoft.VisualBasic.CompilerServices.NewLateBinding.LateGet(Object Instance, Type Type, String MemberName, Object[] Arguments, String[] ArgumentNames, Type[] TypeArguments, Boolean[] CopyBack)
   en JelaWeb.Reservaciones.CargarReservaciones() en D:\DesarrolloWEB\JelaAzure\JelaWeb\JelaWeb\Views\Operacion\Condominios\Reservaciones.aspx.vb:línea 52
2026-01-22 11:07:21 [ERROR] Reservaciones.CargarReservaciones
Exception: MissingMemberException
Message: No se encuentra el miembro público 'EntidadId' en el tipo 'VB$AnonymousType_0(Of Nullable(Of Integer),String,String)'.
Stack Trace:    en Microsoft.VisualBasic.CompilerServices.Symbols.Container.GetMembers(String& MemberName, Boolean ReportErrors)
   en Microsoft.VisualBasic.CompilerServices.NewLateBinding.ObjectLateGet(Object Instance, Type Type, String MemberName, Object[] Arguments, String[] ArgumentNames, Type[] TypeArguments, Boolean[] CopyBack)
   en Microsoft.VisualBasic.CompilerServices.NewLateBinding.LateGet(Object Instance, Type Type, String MemberName, Object[] Arguments, String[] ArgumentNames, Type[] TypeArguments, Boolean[] CopyBack)
   en JelaWeb.Reservaciones.CargarReservaciones() en D:\DesarrolloWEB\JelaAzure\JelaWeb\JelaWeb\Views\Operacion\Condominios\Reservaciones.aspx.vb:línea 52
2026-01-22 11:07:21 [ERROR] Reservaciones.CargarReservaciones
Exception: MissingMemberException
Message: No se encuentra el miembro público 'EntidadId' en el tipo 'VB$AnonymousType_0(Of Nullable(Of Integer),String,String)'.
Stack Trace:    en Microsoft.VisualBasic.CompilerServices.Symbols.Container.GetMembers(String& MemberName, Boolean ReportErrors)
   en Microsoft.VisualBasic.CompilerServices.NewLateBinding.ObjectLateGet(Object Instance, Type Type, String MemberName, Object[] Arguments, String[] ArgumentNames, Type[] TypeArguments, Boolean[] CopyBack)
   en Microsoft.VisualBasic.CompilerServices.NewLateBinding.LateGet(Object Instance, Type Type, String MemberName, Object[] Arguments, String[] ArgumentNames, Type[] TypeArguments, Boolean[] CopyBack)
   en JelaWeb.Reservaciones.CargarReservaciones() en D:\DesarrolloWEB\JelaAzure\JelaWeb\JelaWeb\Views\Operacion\Condominios\Reservaciones.aspx.vb:línea 52
2026-01-22 11:07:21 [ERROR] Reservaciones.CargarReservaciones
Exception: MissingMemberException
Message: No se encuentra el miembro público 'EntidadId' en el tipo 'VB$AnonymousType_0(Of Nullable(Of Integer),String,String)'.
Stack Trace:    en Microsoft.VisualBasic.CompilerServices.Symbols.Container.GetMembers(String& MemberName, Boolean ReportErrors)
   en Microsoft.VisualBasic.CompilerServices.NewLateBinding.ObjectLateGet(Object Instance, Type Type, String MemberName, Object[] Arguments, String[] ArgumentNames, Type[] TypeArguments, Boolean[] CopyBack)
   en Microsoft.VisualBasic.CompilerServices.NewLateBinding.LateGet(Object Instance, Type Type, String MemberName, Object[] Arguments, String[] ArgumentNames, Type[] TypeArguments, Boolean[] CopyBack)
   en JelaWeb.Reservaciones.CargarReservaciones() en D:\DesarrolloWEB\JelaAzure\JelaWeb\JelaWeb\Views\Operacion\Condominios\Reservaciones.aspx.vb:línea 52
2026-01-22 11:07:22 [ERROR] Reservaciones.CargarReservaciones
Exception: MissingMemberException
Message: No se encuentra el miembro público 'EntidadId' en el tipo 'VB$AnonymousType_0(Of Nullable(Of Integer),String,String)'.
Stack Trace:    en Microsoft.VisualBasic.CompilerServices.Symbols.Container.GetMembers(String& MemberName, Boolean ReportErrors)
   en Microsoft.VisualBasic.CompilerServices.NewLateBinding.ObjectLateGet(Object Instance, Type Type, String MemberName, Object[] Arguments, String[] ArgumentNames, Type[] TypeArguments, Boolean[] CopyBack)
   en Microsoft.VisualBasic.CompilerServices.NewLateBinding.LateGet(Object Instance, Type Type, String MemberName, Object[] Arguments, String[] ArgumentNames, Type[] TypeArguments, Boolean[] CopyBack)
   en JelaWeb.Reservaciones.CargarReservaciones() en D:\DesarrolloWEB\JelaAzure\JelaWeb\JelaWeb\Views\Operacion\Condominios\Reservaciones.aspx.vb:línea 52
2026-01-22 11:07:22 [ERROR] Reservaciones.CargarReservaciones
Exception: MissingMemberException
Message: No se encuentra el miembro público 'EntidadId' en el tipo 'VB$AnonymousType_0(Of Nullable(Of Integer),String,String)'.
Stack Trace:    en Microsoft.VisualBasic.CompilerServices.Symbols.Container.GetMembers(String& MemberName, Boolean ReportErrors)
   en Microsoft.VisualBasic.CompilerServices.NewLateBinding.ObjectLateGet(Object Instance, Type Type, String MemberName, Object[] Arguments, String[] ArgumentNames, Type[] TypeArguments, Boolean[] CopyBack)
   en Microsoft.VisualBasic.CompilerServices.NewLateBinding.LateGet(Object Instance, Type Type, String MemberName, Object[] Arguments, String[] ArgumentNames, Type[] TypeArguments, Boolean[] CopyBack)
   en JelaWeb.Reservaciones.CargarReservaciones() en D:\DesarrolloWEB\JelaAzure\JelaWeb\JelaWeb\Views\Operacion\Condominios\Reservaciones.aspx.vb:línea 52
2026-01-22 11:07:22 [ERROR] Reservaciones.CargarReservaciones
Exception: MissingMemberException
Message: No se encuentra el miembro público 'EntidadId' en el tipo 'VB$AnonymousType_0(Of Nullable(Of Integer),String,String)'.
Stack Trace:    en Microsoft.VisualBasic.CompilerServices.Symbols.Container.GetMembers(String& MemberName, Boolean ReportErrors)
   en Microsoft.VisualBasic.CompilerServices.NewLateBinding.ObjectLateGet(Object Instance, Type Type, String MemberName, Object[] Arguments, String[] ArgumentNames, Type[] TypeArguments, Boolean[] CopyBack)
   en Microsoft.VisualBasic.CompilerServices.NewLateBinding.LateGet(Object Instance, Type Type, String MemberName, Object[] Arguments, String[] ArgumentNames, Type[] TypeArguments, Boolean[] CopyBack)
   en JelaWeb.Reservaciones.CargarReservaciones() en D:\DesarrolloWEB\JelaAzure\JelaWeb\JelaWeb\Views\Operacion\Condominios\Reservaciones.aspx.vb:línea 52
2026-01-22 11:07:22 [ERROR] Reservaciones.CargarReservaciones
Exception: MissingMemberException
Message: No se encuentra el miembro público 'EntidadId' en el tipo 'VB$AnonymousType_0(Of Nullable(Of Integer),String,String)'.
Stack Trace:    en Microsoft.VisualBasic.CompilerServices.Symbols.Container.GetMembers(String& MemberName, Boolean ReportErrors)
   en Microsoft.VisualBasic.CompilerServices.NewLateBinding.ObjectLateGet(Object Instance, Type Type, String MemberName, Object[] Arguments, String[] ArgumentNames, Type[] TypeArguments, Boolean[] CopyBack)
   en Microsoft.VisualBasic.CompilerServices.NewLateBinding.LateGet(Object Instance, Type Type, String MemberName, Object[] Arguments, String[] ArgumentNames, Type[] TypeArguments, Boolean[] CopyBack)
   en JelaWeb.Reservaciones.CargarReservaciones() en D:\DesarrolloWEB\JelaAzure\JelaWeb\JelaWeb\Views\Operacion\Condominios\Reservaciones.aspx.vb:línea 52
2026-01-22 11:07:22 [ERROR] Reservaciones.CargarReservaciones
Exception: MissingMemberException
Message: No se encuentra el miembro público 'EntidadId' en el tipo 'VB$AnonymousType_0(Of Nullable(Of Integer),String,String)'.
Stack Trace:    en Microsoft.VisualBasic.CompilerServices.Symbols.Container.GetMembers(String& MemberName, Boolean ReportErrors)
   en Microsoft.VisualBasic.CompilerServices.NewLateBinding.ObjectLateGet(Object Instance, Type Type, String MemberName, Object[] Arguments, String[] ArgumentNames, Type[] TypeArguments, Boolean[] CopyBack)
   en Microsoft.VisualBasic.CompilerServices.NewLateBinding.LateGet(Object Instance, Type Type, String MemberName, Object[] Arguments, String[] ArgumentNames, Type[] TypeArguments, Boolean[] CopyBack)
   en JelaWeb.Reservaciones.CargarReservaciones() en D:\DesarrolloWEB\JelaAzure\JelaWeb\JelaWeb\Views\Operacion\Condominios\Reservaciones.aspx.vb:línea 52
2026-01-22 11:07:23 [ERROR] Reservaciones.CargarReservaciones
Exception: MissingMemberException
Message: No se encuentra el miembro público 'EntidadId' en el tipo 'VB$AnonymousType_0(Of Nullable(Of Integer),String,String)'.
Stack Trace:    en Microsoft.VisualBasic.CompilerServices.Symbols.Container.GetMembers(String& MemberName, Boolean ReportErrors)
   en Microsoft.VisualBasic.CompilerServices.NewLateBinding.ObjectLateGet(Object Instance, Type Type, String MemberName, Object[] Arguments, String[] ArgumentNames, Type[] TypeArguments, Boolean[] CopyBack)
   en Microsoft.VisualBasic.CompilerServices.NewLateBinding.LateGet(Object Instance, Type Type, String MemberName, Object[] Arguments, String[] ArgumentNames, Type[] TypeArguments, Boolean[] CopyBack)
   en JelaWeb.Reservaciones.CargarReservaciones() en D:\DesarrolloWEB\JelaAzure\JelaWeb\JelaWeb\Views\Operacion\Condominios\Reservaciones.aspx.vb:línea 52
2026-01-22 11:07:23 [ERROR] Reservaciones.CargarReservaciones
Exception: MissingMemberException
Message: No se encuentra el miembro público 'EntidadId' en el tipo 'VB$AnonymousType_0(Of Nullable(Of Integer),String,String)'.
Stack Trace:    en Microsoft.VisualBasic.CompilerServices.Symbols.Container.GetMembers(String& MemberName, Boolean ReportErrors)
   en Microsoft.VisualBasic.CompilerServices.NewLateBinding.ObjectLateGet(Object Instance, Type Type, String MemberName, Object[] Arguments, String[] ArgumentNames, Type[] TypeArguments, Boolean[] CopyBack)
   en Microsoft.VisualBasic.CompilerServices.NewLateBinding.LateGet(Object Instance, Type Type, String MemberName, Object[] Arguments, String[] ArgumentNames, Type[] TypeArguments, Boolean[] CopyBack)
   en JelaWeb.Reservaciones.CargarReservaciones() en D:\DesarrolloWEB\JelaAzure\JelaWeb\JelaWeb\Views\Operacion\Condominios\Reservaciones.aspx.vb:línea 52
2026-01-22 11:07:23 [ERROR] Reservaciones.CargarReservaciones
Exception: MissingMemberException
Message: No se encuentra el miembro público 'EntidadId' en el tipo 'VB$AnonymousType_0(Of Nullable(Of Integer),String,String)'.
Stack Trace:    en Microsoft.VisualBasic.CompilerServices.Symbols.Container.GetMembers(String& MemberName, Boolean ReportErrors)
   en Microsoft.VisualBasic.CompilerServices.NewLateBinding.ObjectLateGet(Object Instance, Type Type, String MemberName, Object[] Arguments, String[] ArgumentNames, Type[] TypeArguments, Boolean[] CopyBack)
   en Microsoft.VisualBasic.CompilerServices.NewLateBinding.LateGet(Object Instance, Type Type, String MemberName, Object[] Arguments, String[] ArgumentNames, Type[] TypeArguments, Boolean[] CopyBack)
   en JelaWeb.Reservaciones.CargarReservaciones() en D:\DesarrolloWEB\JelaAzure\JelaWeb\JelaWeb\Views\Operacion\Condominios\Reservaciones.aspx.vb:línea 52
2026-01-22 11:07:38 [ERROR] Reservaciones.CargarReservaciones
Exception: MissingMemberException
Message: No se encuentra el miembro público 'EntidadId' en el tipo 'VB$AnonymousType_0(Of Nullable(Of Integer),String,String)'.
Stack Trace:    en Microsoft.VisualBasic.CompilerServices.Symbols.Container.GetMembers(String& MemberName, Boolean ReportErrors)
   en Microsoft.VisualBasic.CompilerServices.NewLateBinding.ObjectLateGet(Object Instance, Type Type, String MemberName, Object[] Arguments, String[] ArgumentNames, Type[] TypeArguments, Boolean[] CopyBack)
   en Microsoft.VisualBasic.CompilerServices.NewLateBinding.LateGet(Object Instance, Type Type, String MemberName, Object[] Arguments, String[] ArgumentNames, Type[] TypeArguments, Boolean[] CopyBack)
   en JelaWeb.Reservaciones.CargarReservaciones() en D:\DesarrolloWEB\JelaAzure\JelaWeb\JelaWeb\Views\Operacion\Condominios\Reservaciones.aspx.vb:línea 52
2026-01-22 11:07:38 [ERROR] Reservaciones.CargarReservaciones
Exception: MissingMemberException
Message: No se encuentra el miembro público 'EntidadId' en el tipo 'VB$AnonymousType_0(Of Nullable(Of Integer),String,String)'.
Stack Trace:    en Microsoft.VisualBasic.CompilerServices.Symbols.Container.GetMembers(String& MemberName, Boolean ReportErrors)
   en Microsoft.VisualBasic.CompilerServices.NewLateBinding.ObjectLateGet(Object Instance, Type Type, String MemberName, Object[] Arguments, String[] ArgumentNames, Type[] TypeArguments, Boolean[] CopyBack)
   en Microsoft.VisualBasic.CompilerServices.NewLateBinding.LateGet(Object Instance, Type Type, String MemberName, Object[] Arguments, String[] ArgumentNames, Type[] TypeArguments, Boolean[] CopyBack)
   en JelaWeb.Reservaciones.CargarReservaciones() en D:\DesarrolloWEB\JelaAzure\JelaWeb\JelaWeb\Views\Operacion\Condominios\Reservaciones.aspx.vb:línea 52
2026-01-22 11:37:41 [INFO] Sesión finalizada - UserId: 1 - SessionID: xwv12cyfs0cwq25k3rrynhmw
